<?xml version="1.0" encoding="UTF-8"?>
<coverage generated="1752879100323" clover="3.2.0">
  <project timestamp="1752879100323" name="All files">
    <metrics statements="2067" coveredstatements="0" conditionals="703" coveredconditionals="0" methods="382" coveredmethods="0" elements="3152" coveredelements="0" complexity="0" loc="2067" ncloc="2067" packages="4" files="7" classes="7"/>
    <package name="src">
      <metrics statements="1828" coveredstatements="0" conditionals="559" coveredconditionals="0" methods="318" coveredmethods="0"/>
      <file name="index.js" path="/Users/batakalaashok/Documents/NeoKPI/src/index.js">
        <metrics statements="1828" coveredstatements="0" conditionals="559" coveredconditionals="0" methods="318" coveredmethods="0"/>
        <line num="46" count="0" type="stmt"/>
        <line num="48" count="0" type="stmt"/>
        <line num="54" count="0" type="stmt"/>
        <line num="60" count="0" type="stmt"/>
        <line num="61" count="0" type="stmt"/>
        <line num="62" count="0" type="stmt"/>
        <line num="66" count="0" type="stmt"/>
        <line num="67" count="0" type="stmt"/>
        <line num="69" count="0" type="stmt"/>
        <line num="70" count="0" type="stmt"/>
        <line num="71" count="0" type="stmt"/>
        <line num="74" count="0" type="stmt"/>
        <line num="75" count="0" type="stmt"/>
        <line num="76" count="0" type="stmt"/>
        <line num="77" count="0" type="stmt"/>
        <line num="80" count="0" type="stmt"/>
        <line num="81" count="0" type="stmt"/>
        <line num="84" count="0" type="cond" truecount="0" falsecount="2"/>
        <line num="85" count="0" type="stmt"/>
        <line num="86" count="0" type="stmt"/>
        <line num="87" count="0" type="stmt"/>
        <line num="88" count="0" type="stmt"/>
        <line num="92" count="0" type="cond" truecount="0" falsecount="2"/>
        <line num="93" count="0" type="stmt"/>
        <line num="94" count="0" type="stmt"/>
        <line num="95" count="0" type="stmt"/>
        <line num="102" count="0" type="stmt"/>
        <line num="104" count="0" type="stmt"/>
        <line num="105" count="0" type="stmt"/>
        <line num="106" count="0" type="stmt"/>
        <line num="109" count="0" type="cond" truecount="0" falsecount="4"/>
        <line num="110" count="0" type="stmt"/>
        <line num="113" count="0" type="stmt"/>
        <line num="115" count="0" type="stmt"/>
        <line num="116" count="0" type="stmt"/>
        <line num="119" count="0" type="cond" truecount="0" falsecount="4"/>
        <line num="125" count="0" type="cond" truecount="0" falsecount="2"/>
        <line num="126" count="0" type="stmt"/>
        <line num="133" count="0" type="stmt"/>
        <line num="137" count="0" type="stmt"/>
        <line num="142" count="0" type="stmt"/>
        <line num="144" count="0" type="stmt"/>
        <line num="150" count="0" type="stmt"/>
        <line num="151" count="0" type="cond" truecount="0" falsecount="2"/>
        <line num="152" count="0" type="stmt"/>
        <line num="154" count="0" type="cond" truecount="0" falsecount="5"/>
        <line num="155" count="0" type="cond" truecount="0" falsecount="2"/>
        <line num="156" count="0" type="stmt"/>
        <line num="157" count="0" type="stmt"/>
        <line num="158" count="0" type="stmt"/>
        <line num="163" count="0" type="stmt"/>
        <line num="168" count="0" type="stmt"/>
        <line num="169" count="0" type="cond" truecount="0" falsecount="2"/>
        <line num="171" count="0" type="stmt"/>
        <line num="178" count="0" type="stmt"/>
        <line num="179" count="0" type="stmt"/>
        <line num="182" count="0" type="stmt"/>
        <line num="183" count="0" type="cond" truecount="0" falsecount="2"/>
        <line num="184" count="0" type="stmt"/>
        <line num="185" count="0" type="stmt"/>
        <line num="188" count="0" type="stmt"/>
        <line num="189" count="0" type="stmt"/>
        <line num="194" count="0" type="stmt"/>
        <line num="195" count="0" type="cond" truecount="0" falsecount="2"/>
        <line num="197" count="0" type="stmt"/>
        <line num="198" count="0" type="stmt"/>
        <line num="199" count="0" type="stmt"/>
        <line num="201" count="0" type="cond" truecount="0" falsecount="2"/>
        <line num="203" count="0" type="stmt"/>
        <line num="204" count="0" type="stmt"/>
        <line num="209" count="0" type="stmt"/>
        <line num="210" count="0" type="cond" truecount="0" falsecount="2"/>
        <line num="212" count="0" type="stmt"/>
        <line num="213" count="0" type="stmt"/>
        <line num="214" count="0" type="stmt"/>
        <line num="217" count="0" type="stmt"/>
        <line num="218" count="0" type="stmt"/>
        <line num="219" count="0" type="stmt"/>
        <line num="226" count="0" type="stmt"/>
        <line num="228" count="0" type="stmt"/>
        <line num="229" count="0" type="stmt"/>
        <line num="234" count="0" type="stmt"/>
        <line num="235" count="0" type="cond" truecount="0" falsecount="2"/>
        <line num="238" count="0" type="stmt"/>
        <line num="239" count="0" type="cond" truecount="0" falsecount="2"/>
        <line num="240" count="0" type="stmt"/>
        <line num="241" count="0" type="stmt"/>
        <line num="245" count="0" type="stmt"/>
        <line num="247" count="0" type="stmt"/>
        <line num="248" count="0" type="stmt"/>
        <line num="250" count="0" type="cond" truecount="0" falsecount="2"/>
        <line num="251" count="0" type="stmt"/>
        <line num="252" count="0" type="stmt"/>
        <line num="256" count="0" type="stmt"/>
        <line num="257" count="0" type="stmt"/>
        <line num="259" count="0" type="cond" truecount="0" falsecount="2"/>
        <line num="260" count="0" type="stmt"/>
        <line num="264" count="0" type="stmt"/>
        <line num="266" count="0" type="cond" truecount="0" falsecount="2"/>
        <line num="267" count="0" type="stmt"/>
        <line num="270" count="0" type="stmt"/>
        <line num="273" count="0" type="stmt"/>
        <line num="276" count="0" type="stmt"/>
        <line num="278" count="0" type="stmt"/>
        <line num="281" count="0" type="stmt"/>
        <line num="282" count="0" type="stmt"/>
        <line num="287" count="0" type="stmt"/>
        <line num="289" count="0" type="stmt"/>
        <line num="291" count="0" type="cond" truecount="0" falsecount="2"/>
        <line num="292" count="0" type="stmt"/>
        <line num="293" count="0" type="stmt"/>
        <line num="296" count="0" type="stmt"/>
        <line num="300" count="0" type="stmt"/>
        <line num="301" count="0" type="stmt"/>
        <line num="303" count="0" type="stmt"/>
        <line num="311" count="0" type="cond" truecount="0" falsecount="2"/>
        <line num="312" count="0" type="stmt"/>
        <line num="315" count="0" type="stmt"/>
        <line num="316" count="0" type="stmt"/>
        <line num="317" count="0" type="stmt"/>
        <line num="321" count="0" type="cond" truecount="0" falsecount="4"/>
        <line num="322" count="0" type="stmt"/>
        <line num="323" count="0" type="stmt"/>
        <line num="329" count="0" type="stmt"/>
        <line num="330" count="0" type="stmt"/>
        <line num="332" count="0" type="stmt"/>
        <line num="337" count="0" type="stmt"/>
        <line num="338" count="0" type="stmt"/>
        <line num="341" count="0" type="cond" truecount="0" falsecount="4"/>
        <line num="342" count="0" type="stmt"/>
        <line num="343" count="0" type="stmt"/>
        <line num="353" count="0" type="stmt"/>
        <line num="359" count="0" type="stmt"/>
        <line num="360" count="0" type="stmt"/>
        <line num="362" count="0" type="cond" truecount="0" falsecount="2"/>
        <line num="363" count="0" type="stmt"/>
        <line num="364" count="0" type="stmt"/>
        <line num="367" count="0" type="stmt"/>
        <line num="369" count="0" type="stmt"/>
        <line num="371" count="0" type="cond" truecount="0" falsecount="2"/>
        <line num="372" count="0" type="stmt"/>
        <line num="375" count="0" type="stmt"/>
        <line num="376" count="0" type="stmt"/>
        <line num="378" count="0" type="stmt"/>
        <line num="381" count="0" type="stmt"/>
        <line num="386" count="0" type="stmt"/>
        <line num="387" count="0" type="stmt"/>
        <line num="388" count="0" type="stmt"/>
        <line num="389" count="0" type="stmt"/>
        <line num="394" count="0" type="stmt"/>
        <line num="395" count="0" type="stmt"/>
        <line num="396" count="0" type="stmt"/>
        <line num="397" count="0" type="stmt"/>
        <line num="402" count="0" type="stmt"/>
        <line num="403" count="0" type="stmt"/>
        <line num="404" count="0" type="stmt"/>
        <line num="405" count="0" type="stmt"/>
        <line num="410" count="0" type="stmt"/>
        <line num="411" count="0" type="stmt"/>
        <line num="412" count="0" type="stmt"/>
        <line num="413" count="0" type="stmt"/>
        <line num="418" count="0" type="stmt"/>
        <line num="419" count="0" type="stmt"/>
        <line num="420" count="0" type="stmt"/>
        <line num="421" count="0" type="stmt"/>
        <line num="423" count="0" type="stmt"/>
        <line num="424" count="0" type="stmt"/>
        <line num="429" count="0" type="stmt"/>
        <line num="430" count="0" type="stmt"/>
        <line num="440" count="0" type="stmt"/>
        <line num="443" count="0" type="stmt"/>
        <line num="444" count="0" type="stmt"/>
        <line num="447" count="0" type="stmt"/>
        <line num="448" count="0" type="stmt"/>
        <line num="449" count="0" type="cond" truecount="0" falsecount="2"/>
        <line num="450" count="0" type="stmt"/>
        <line num="451" count="0" type="stmt"/>
        <line num="452" count="0" type="stmt"/>
        <line num="455" count="0" type="stmt"/>
        <line num="457" count="0" type="stmt"/>
        <line num="464" count="0" type="stmt"/>
        <line num="466" count="0" type="stmt"/>
        <line num="475" count="0" type="stmt"/>
        <line num="478" count="0" type="stmt"/>
        <line num="479" count="0" type="stmt"/>
        <line num="481" count="0" type="stmt"/>
        <line num="484" count="0" type="stmt"/>
        <line num="487" count="0" type="cond" truecount="0" falsecount="2"/>
        <line num="488" count="0" type="stmt"/>
        <line num="491" count="0" type="stmt"/>
        <line num="494" count="0" type="stmt"/>
        <line num="496" count="0" type="stmt"/>
        <line num="497" count="0" type="stmt"/>
        <line num="503" count="0" type="stmt"/>
        <line num="504" count="0" type="stmt"/>
        <line num="512" count="0" type="stmt"/>
        <line num="513" count="0" type="stmt"/>
        <line num="514" count="0" type="stmt"/>
        <line num="516" count="0" type="stmt"/>
        <line num="518" count="0" type="stmt"/>
        <line num="519" count="0" type="stmt"/>
        <line num="525" count="0" type="stmt"/>
        <line num="526" count="0" type="stmt"/>
        <line num="527" count="0" type="stmt"/>
        <line num="530" count="0" type="stmt"/>
        <line num="531" count="0" type="stmt"/>
        <line num="532" count="0" type="stmt"/>
        <line num="535" count="0" type="stmt"/>
        <line num="538" count="0" type="stmt"/>
        <line num="539" count="0" type="stmt"/>
        <line num="542" count="0" type="stmt"/>
        <line num="543" count="0" type="stmt"/>
        <line num="544" count="0" type="stmt"/>
        <line num="548" count="0" type="stmt"/>
        <line num="550" count="0" type="stmt"/>
        <line num="551" count="0" type="stmt"/>
        <line num="557" count="0" type="cond" truecount="0" falsecount="2"/>
        <line num="559" count="0" type="stmt"/>
        <line num="560" count="0" type="cond" truecount="0" falsecount="4"/>
        <line num="561" count="0" type="stmt"/>
        <line num="562" count="0" type="stmt"/>
        <line num="563" count="0" type="stmt"/>
        <line num="565" count="0" type="stmt"/>
        <line num="569" count="0" type="stmt"/>
        <line num="574" count="0" type="stmt"/>
        <line num="575" count="0" type="cond" truecount="0" falsecount="2"/>
        <line num="577" count="0" type="stmt"/>
        <line num="580" count="0" type="stmt"/>
        <line num="581" count="0" type="stmt"/>
        <line num="584" count="0" type="stmt"/>
        <line num="585" count="0" type="stmt"/>
        <line num="587" count="0" type="stmt"/>
        <line num="588" count="0" type="stmt"/>
        <line num="589" count="0" type="cond" truecount="0" falsecount="2"/>
        <line num="591" count="0" type="stmt"/>
        <line num="601" count="0" type="stmt"/>
        <line num="602" count="0" type="stmt"/>
        <line num="608" count="0" type="stmt"/>
        <line num="609" count="0" type="cond" truecount="0" falsecount="2"/>
        <line num="611" count="0" type="stmt"/>
        <line num="612" count="0" type="stmt"/>
        <line num="614" count="0" type="stmt"/>
        <line num="617" count="0" type="stmt"/>
        <line num="618" count="0" type="stmt"/>
        <line num="620" count="0" type="cond" truecount="0" falsecount="2"/>
        <line num="622" count="0" type="stmt"/>
        <line num="623" count="0" type="stmt"/>
        <line num="625" count="0" type="stmt"/>
        <line num="626" count="0" type="stmt"/>
        <line num="629" count="0" type="stmt"/>
        <line num="633" count="0" type="stmt"/>
        <line num="634" count="0" type="stmt"/>
        <line num="636" count="0" type="stmt"/>
        <line num="637" count="0" type="stmt"/>
        <line num="638" count="0" type="stmt"/>
        <line num="639" count="0" type="cond" truecount="0" falsecount="2"/>
        <line num="640" count="0" type="stmt"/>
        <line num="641" count="0" type="stmt"/>
        <line num="645" count="0" type="cond" truecount="0" falsecount="2"/>
        <line num="646" count="0" type="stmt"/>
        <line num="649" count="0" type="stmt"/>
        <line num="651" count="0" type="stmt"/>
        <line num="652" count="0" type="stmt"/>
        <line num="658" count="0" type="stmt"/>
        <line num="659" count="0" type="cond" truecount="0" falsecount="2"/>
        <line num="661" count="0" type="stmt"/>
        <line num="664" count="0" type="stmt"/>
        <line num="665" count="0" type="stmt"/>
        <line num="667" count="0" type="stmt"/>
        <line num="668" count="0" type="stmt"/>
        <line num="669" count="0" type="stmt"/>
        <line num="670" count="0" type="stmt"/>
        <line num="673" count="0" type="stmt"/>
        <line num="674" count="0" type="stmt"/>
        <line num="675" count="0" type="stmt"/>
        <line num="676" count="0" type="stmt"/>
        <line num="679" count="0" type="stmt"/>
        <line num="681" count="0" type="stmt"/>
        <line num="683" count="0" type="stmt"/>
        <line num="684" count="0" type="stmt"/>
        <line num="690" count="0" type="stmt"/>
        <line num="691" count="0" type="cond" truecount="0" falsecount="2"/>
        <line num="692" count="0" type="stmt"/>
        <line num="693" count="0" type="stmt"/>
        <line num="696" count="0" type="stmt"/>
        <line num="698" count="0" type="stmt"/>
        <line num="699" count="0" type="stmt"/>
        <line num="700" count="0" type="stmt"/>
        <line num="703" count="0" type="stmt"/>
        <line num="704" count="0" type="stmt"/>
        <line num="705" count="0" type="stmt"/>
        <line num="708" count="0" type="stmt"/>
        <line num="709" count="0" type="stmt"/>
        <line num="710" count="0" type="stmt"/>
        <line num="719" count="0" type="stmt"/>
        <line num="722" count="0" type="stmt"/>
        <line num="723" count="0" type="stmt"/>
        <line num="725" count="0" type="stmt"/>
        <line num="726" count="0" type="stmt"/>
        <line num="727" count="0" type="stmt"/>
        <line num="728" count="0" type="stmt"/>
        <line num="729" count="0" type="stmt"/>
        <line num="730" count="0" type="stmt"/>
        <line num="732" count="0" type="stmt"/>
        <line num="738" count="0" type="stmt"/>
        <line num="748" count="0" type="stmt"/>
        <line num="749" count="0" type="stmt"/>
        <line num="750" count="0" type="cond" truecount="0" falsecount="2"/>
        <line num="751" count="0" type="stmt"/>
        <line num="754" count="0" type="stmt"/>
        <line num="759" count="0" type="stmt"/>
        <line num="763" count="0" type="cond" truecount="0" falsecount="2"/>
        <line num="765" count="0" type="stmt"/>
        <line num="767" count="0" type="stmt"/>
        <line num="768" count="0" type="stmt"/>
        <line num="771" count="0" type="stmt"/>
        <line num="772" count="0" type="stmt"/>
        <line num="774" count="0" type="stmt"/>
        <line num="776" count="0" type="stmt"/>
        <line num="777" count="0" type="stmt"/>
        <line num="783" count="0" type="stmt"/>
        <line num="787" count="0" type="cond" truecount="0" falsecount="2"/>
        <line num="789" count="0" type="stmt"/>
        <line num="790" count="0" type="stmt"/>
        <line num="791" count="0" type="stmt"/>
        <line num="793" count="0" type="stmt"/>
        <line num="794" count="0" type="stmt"/>
        <line num="800" count="0" type="stmt"/>
        <line num="801" count="0" type="stmt"/>
        <line num="802" count="0" type="cond" truecount="0" falsecount="2"/>
        <line num="803" count="0" type="stmt"/>
        <line num="805" count="0" type="stmt"/>
        <line num="808" count="0" type="stmt"/>
        <line num="809" count="0" type="stmt"/>
        <line num="815" count="0" type="stmt"/>
        <line num="816" count="0" type="stmt"/>
        <line num="817" count="0" type="stmt"/>
        <line num="819" count="0" type="stmt"/>
        <line num="820" count="0" type="stmt"/>
        <line num="821" count="0" type="stmt"/>
        <line num="824" count="0" type="stmt"/>
        <line num="830" count="0" type="stmt"/>
        <line num="831" count="0" type="stmt"/>
        <line num="832" count="0" type="stmt"/>
        <line num="833" count="0" type="stmt"/>
        <line num="834" count="0" type="stmt"/>
        <line num="835" count="0" type="stmt"/>
        <line num="836" count="0" type="stmt"/>
        <line num="838" count="0" type="stmt"/>
        <line num="840" count="0" type="stmt"/>
        <line num="841" count="0" type="stmt"/>
        <line num="849" count="0" type="stmt"/>
        <line num="851" count="0" type="cond" truecount="0" falsecount="2"/>
        <line num="855" count="0" type="stmt"/>
        <line num="856" count="0" type="stmt"/>
        <line num="859" count="0" type="cond" truecount="0" falsecount="2"/>
        <line num="860" count="0" type="stmt"/>
        <line num="863" count="0" type="cond" truecount="0" falsecount="2"/>
        <line num="867" count="0" type="stmt"/>
        <line num="868" count="0" type="stmt"/>
        <line num="871" count="0" type="cond" truecount="0" falsecount="2"/>
        <line num="872" count="0" type="stmt"/>
        <line num="875" count="0" type="cond" truecount="0" falsecount="4"/>
        <line num="879" count="0" type="cond" truecount="0" falsecount="2"/>
        <line num="881" count="0" type="stmt"/>
        <line num="882" count="0" type="stmt"/>
        <line num="883" count="0" type="stmt"/>
        <line num="884" count="0" type="cond" truecount="0" falsecount="2"/>
        <line num="886" count="0" type="cond" truecount="0" falsecount="4"/>
        <line num="887" count="0" type="stmt"/>
        <line num="894" count="0" type="stmt"/>
        <line num="897" count="0" type="stmt"/>
        <line num="901" count="0" type="cond" truecount="0" falsecount="2"/>
        <line num="903" count="0" type="stmt"/>
        <line num="904" count="0" type="stmt"/>
        <line num="905" count="0" type="stmt"/>
        <line num="909" count="0" type="stmt"/>
        <line num="913" count="0" type="stmt"/>
        <line num="914" count="0" type="stmt"/>
        <line num="916" count="0" type="cond" truecount="0" falsecount="2"/>
        <line num="917" count="0" type="stmt"/>
        <line num="918" count="0" type="stmt"/>
        <line num="921" count="0" type="stmt"/>
        <line num="922" count="0" type="stmt"/>
        <line num="926" count="0" type="stmt"/>
        <line num="927" count="0" type="stmt"/>
        <line num="929" count="0" type="cond" truecount="0" falsecount="2"/>
        <line num="930" count="0" type="stmt"/>
        <line num="933" count="0" type="stmt"/>
        <line num="942" count="0" type="stmt"/>
        <line num="943" count="0" type="stmt"/>
        <line num="948" count="0" type="stmt"/>
        <line num="949" count="0" type="stmt"/>
        <line num="950" count="0" type="stmt"/>
        <line num="952" count="0" type="stmt"/>
        <line num="953" count="0" type="stmt"/>
        <line num="954" count="0" type="stmt"/>
        <line num="956" count="0" type="stmt"/>
        <line num="957" count="0" type="stmt"/>
        <line num="958" count="0" type="stmt"/>
        <line num="959" count="0" type="stmt"/>
        <line num="966" count="0" type="stmt"/>
        <line num="968" count="0" type="cond" truecount="0" falsecount="4"/>
        <line num="969" count="0" type="stmt"/>
        <line num="972" count="0" type="stmt"/>
        <line num="973" count="0" type="stmt"/>
        <line num="975" count="0" type="stmt"/>
        <line num="976" count="0" type="cond" truecount="0" falsecount="4"/>
        <line num="977" count="0" type="cond" truecount="0" falsecount="2"/>
        <line num="980" count="0" type="cond" truecount="0" falsecount="4"/>
        <line num="981" count="0" type="stmt"/>
        <line num="982" count="0" type="stmt"/>
        <line num="985" count="0" type="stmt"/>
        <line num="987" count="0" type="cond" truecount="0" falsecount="2"/>
        <line num="988" count="0" type="stmt"/>
        <line num="990" count="0" type="stmt"/>
        <line num="993" count="0" type="cond" truecount="0" falsecount="2"/>
        <line num="994" count="0" type="stmt"/>
        <line num="999" count="0" type="stmt"/>
        <line num="1003" count="0" type="stmt"/>
        <line num="1004" count="0" type="stmt"/>
        <line num="1011" count="0" type="stmt"/>
        <line num="1020" count="0" type="cond" truecount="0" falsecount="2"/>
        <line num="1022" count="0" type="stmt"/>
        <line num="1024" count="0" type="stmt"/>
        <line num="1025" count="0" type="stmt"/>
        <line num="1029" count="0" type="stmt"/>
        <line num="1030" count="0" type="stmt"/>
        <line num="1031" count="0" type="stmt"/>
        <line num="1032" count="0" type="stmt"/>
        <line num="1033" count="0" type="stmt"/>
        <line num="1034" count="0" type="stmt"/>
        <line num="1035" count="0" type="stmt"/>
        <line num="1039" count="0" type="stmt"/>
        <line num="1043" count="0" type="stmt"/>
        <line num="1044" count="0" type="cond" truecount="0" falsecount="2"/>
        <line num="1045" count="0" type="stmt"/>
        <line num="1046" count="0" type="stmt"/>
        <line num="1048" count="0" type="stmt"/>
        <line num="1052" count="0" type="stmt"/>
        <line num="1058" count="0" type="stmt"/>
        <line num="1062" count="0" type="cond" truecount="0" falsecount="2"/>
        <line num="1066" count="0" type="stmt"/>
        <line num="1070" count="0" type="stmt"/>
        <line num="1074" count="0" type="cond" truecount="0" falsecount="2"/>
        <line num="1075" count="0" type="stmt"/>
        <line num="1076" count="0" type="stmt"/>
        <line num="1077" count="0" type="stmt"/>
        <line num="1079" count="0" type="stmt"/>
        <line num="1083" count="0" type="cond" truecount="0" falsecount="2"/>
        <line num="1084" count="0" type="stmt"/>
        <line num="1085" count="0" type="stmt"/>
        <line num="1086" count="0" type="stmt"/>
        <line num="1088" count="0" type="stmt"/>
        <line num="1092" count="0" type="cond" truecount="0" falsecount="2"/>
        <line num="1093" count="0" type="stmt"/>
        <line num="1098" count="0" type="stmt"/>
        <line num="1108" count="0" type="cond" truecount="0" falsecount="4"/>
        <line num="1109" count="0" type="stmt"/>
        <line num="1110" count="0" type="stmt"/>
        <line num="1111" count="0" type="stmt"/>
        <line num="1113" count="0" type="stmt"/>
        <line num="1117" count="0" type="cond" truecount="0" falsecount="4"/>
        <line num="1118" count="0" type="stmt"/>
        <line num="1121" count="0" type="stmt"/>
        <line num="1122" count="0" type="stmt"/>
        <line num="1123" count="0" type="stmt"/>
        <line num="1125" count="0" type="cond" truecount="0" falsecount="4"/>
        <line num="1126" count="0" type="stmt"/>
        <line num="1127" count="0" type="stmt"/>
        <line num="1128" count="0" type="cond" truecount="0" falsecount="2"/>
        <line num="1129" count="0" type="stmt"/>
        <line num="1130" count="0" type="stmt"/>
        <line num="1131" count="0" type="stmt"/>
        <line num="1135" count="0" type="stmt"/>
        <line num="1139" count="0" type="cond" truecount="0" falsecount="4"/>
        <line num="1140" count="0" type="stmt"/>
        <line num="1143" count="0" type="stmt"/>
        <line num="1144" count="0" type="stmt"/>
        <line num="1145" count="0" type="stmt"/>
        <line num="1147" count="0" type="cond" truecount="0" falsecount="2"/>
        <line num="1148" count="0" type="stmt"/>
        <line num="1149" count="0" type="stmt"/>
        <line num="1150" count="0" type="cond" truecount="0" falsecount="2"/>
        <line num="1151" count="0" type="stmt"/>
        <line num="1152" count="0" type="stmt"/>
        <line num="1153" count="0" type="stmt"/>
        <line num="1157" count="0" type="stmt"/>
        <line num="1164" count="0" type="stmt"/>
        <line num="1174" count="0" type="stmt"/>
        <line num="1178" count="0" type="stmt"/>
        <line num="1182" count="0" type="stmt"/>
        <line num="1186" count="0" type="stmt"/>
        <line num="1190" count="0" type="stmt"/>
        <line num="1197" count="0" type="stmt"/>
        <line num="1204" count="0" type="stmt"/>
        <line num="1208" count="0" type="stmt"/>
        <line num="1209" count="0" type="stmt"/>
        <line num="1211" count="0" type="stmt"/>
        <line num="1212" count="0" type="stmt"/>
        <line num="1213" count="0" type="stmt"/>
        <line num="1217" count="0" type="stmt"/>
        <line num="1218" count="0" type="stmt"/>
        <line num="1219" count="0" type="stmt"/>
        <line num="1230" count="0" type="stmt"/>
        <line num="1231" count="0" type="stmt"/>
        <line num="1235" count="0" type="stmt"/>
        <line num="1236" count="0" type="stmt"/>
        <line num="1240" count="0" type="stmt"/>
        <line num="1241" count="0" type="stmt"/>
        <line num="1242" count="0" type="stmt"/>
        <line num="1243" count="0" type="stmt"/>
        <line num="1245" count="0" type="stmt"/>
        <line num="1246" count="0" type="stmt"/>
        <line num="1248" count="0" type="cond" truecount="0" falsecount="2"/>
        <line num="1249" count="0" type="stmt"/>
        <line num="1250" count="0" type="cond" truecount="0" falsecount="2"/>
        <line num="1251" count="0" type="stmt"/>
        <line num="1252" count="0" type="stmt"/>
        <line num="1256" count="0" type="stmt"/>
        <line num="1259" count="0" type="cond" truecount="0" falsecount="4"/>
        <line num="1260" count="0" type="stmt"/>
        <line num="1261" count="0" type="stmt"/>
        <line num="1265" count="0" type="stmt"/>
        <line num="1266" count="0" type="stmt"/>
        <line num="1268" count="0" type="stmt"/>
        <line num="1271" count="0" type="stmt"/>
        <line num="1275" count="0" type="stmt"/>
        <line num="1276" count="0" type="stmt"/>
        <line num="1277" count="0" type="stmt"/>
        <line num="1278" count="0" type="stmt"/>
        <line num="1279" count="0" type="stmt"/>
        <line num="1281" count="0" type="stmt"/>
        <line num="1285" count="0" type="stmt"/>
        <line num="1286" count="0" type="cond" truecount="0" falsecount="2"/>
        <line num="1287" count="0" type="stmt"/>
        <line num="1288" count="0" type="stmt"/>
        <line num="1290" count="0" type="stmt"/>
        <line num="1296" count="0" type="stmt"/>
        <line num="1297" count="0" type="cond" truecount="0" falsecount="2"/>
        <line num="1298" count="0" type="stmt"/>
        <line num="1300" count="0" type="stmt"/>
        <line num="1306" count="0" type="stmt"/>
        <line num="1310" count="0" type="stmt"/>
        <line num="1311" count="0" type="stmt"/>
        <line num="1312" count="0" type="stmt"/>
        <line num="1320" count="0" type="stmt"/>
        <line num="1321" count="0" type="stmt"/>
        <line num="1322" count="0" type="stmt"/>
        <line num="1323" count="0" type="stmt"/>
        <line num="1324" count="0" type="stmt"/>
        <line num="1325" count="0" type="stmt"/>
        <line num="1326" count="0" type="stmt"/>
        <line num="1327" count="0" type="stmt"/>
        <line num="1328" count="0" type="stmt"/>
        <line num="1329" count="0" type="stmt"/>
        <line num="1330" count="0" type="stmt"/>
        <line num="1334" count="0" type="stmt"/>
        <line num="1335" count="0" type="stmt"/>
        <line num="1336" count="0" type="stmt"/>
        <line num="1338" count="0" type="stmt"/>
        <line num="1342" count="0" type="stmt"/>
        <line num="1343" count="0" type="stmt"/>
        <line num="1344" count="0" type="stmt"/>
        <line num="1345" count="0" type="stmt"/>
        <line num="1346" count="0" type="stmt"/>
        <line num="1348" count="0" type="stmt"/>
        <line num="1349" count="0" type="stmt"/>
        <line num="1350" count="0" type="stmt"/>
        <line num="1351" count="0" type="stmt"/>
        <line num="1352" count="0" type="stmt"/>
        <line num="1353" count="0" type="stmt"/>
        <line num="1357" count="0" type="stmt"/>
        <line num="1358" count="0" type="stmt"/>
        <line num="1359" count="0" type="stmt"/>
        <line num="1367" count="0" type="stmt"/>
        <line num="1368" count="0" type="stmt"/>
        <line num="1369" count="0" type="stmt"/>
        <line num="1370" count="0" type="stmt"/>
        <line num="1371" count="0" type="stmt"/>
        <line num="1372" count="0" type="stmt"/>
        <line num="1373" count="0" type="stmt"/>
        <line num="1374" count="0" type="stmt"/>
        <line num="1375" count="0" type="stmt"/>
        <line num="1376" count="0" type="stmt"/>
        <line num="1377" count="0" type="stmt"/>
        <line num="1378" count="0" type="stmt"/>
        <line num="1382" count="0" type="stmt"/>
        <line num="1383" count="0" type="stmt"/>
        <line num="1384" count="0" type="stmt"/>
        <line num="1386" count="0" type="stmt"/>
        <line num="1387" count="0" type="stmt"/>
        <line num="1389" count="0" type="stmt"/>
        <line num="1391" count="0" type="stmt"/>
        <line num="1395" count="0" type="stmt"/>
        <line num="1396" count="0" type="stmt"/>
        <line num="1398" count="0" type="stmt"/>
        <line num="1399" count="0" type="stmt"/>
        <line num="1400" count="0" type="stmt"/>
        <line num="1401" count="0" type="stmt"/>
        <line num="1403" count="0" type="stmt"/>
        <line num="1404" count="0" type="stmt"/>
        <line num="1405" count="0" type="stmt"/>
        <line num="1406" count="0" type="stmt"/>
        <line num="1407" count="0" type="stmt"/>
        <line num="1409" count="0" type="stmt"/>
        <line num="1416" count="0" type="stmt"/>
        <line num="1418" count="0" type="stmt"/>
        <line num="1419" count="0" type="stmt"/>
        <line num="1420" count="0" type="stmt"/>
        <line num="1424" count="0" type="cond" truecount="0" falsecount="2"/>
        <line num="1426" count="0" type="stmt"/>
        <line num="1427" count="0" type="stmt"/>
        <line num="1428" count="0" type="stmt"/>
        <line num="1429" count="0" type="stmt"/>
        <line num="1433" count="0" type="stmt"/>
        <line num="1568" count="0" type="stmt"/>
        <line num="1569" count="0" type="stmt"/>
        <line num="1570" count="0" type="stmt"/>
        <line num="1571" count="0" type="cond" truecount="0" falsecount="2"/>
        <line num="1572" count="0" type="cond" truecount="0" falsecount="2"/>
        <line num="1573" count="0" type="stmt"/>
        <line num="1579" count="0" type="stmt"/>
        <line num="1587" count="0" type="stmt"/>
        <line num="1588" count="0" type="stmt"/>
        <line num="1592" count="0" type="cond" truecount="0" falsecount="2"/>
        <line num="1594" count="0" type="stmt"/>
        <line num="1595" count="0" type="cond" truecount="0" falsecount="2"/>
        <line num="1598" count="0" type="stmt"/>
        <line num="1599" count="0" type="stmt"/>
        <line num="1602" count="0" type="stmt"/>
        <line num="1605" count="0" type="stmt"/>
        <line num="1606" count="0" type="stmt"/>
        <line num="1609" count="0" type="stmt"/>
        <line num="1612" count="0" type="stmt"/>
        <line num="1615" count="0" type="stmt"/>
        <line num="1617" count="0" type="cond" truecount="0" falsecount="2"/>
        <line num="1621" count="0" type="stmt"/>
        <line num="1622" count="0" type="stmt"/>
        <line num="1624" count="0" type="stmt"/>
        <line num="1625" count="0" type="stmt"/>
        <line num="1626" count="0" type="stmt"/>
        <line num="1628" count="0" type="stmt"/>
        <line num="1629" count="0" type="stmt"/>
        <line num="1630" count="0" type="stmt"/>
        <line num="1632" count="0" type="stmt"/>
        <line num="1636" count="0" type="stmt"/>
        <line num="1637" count="0" type="stmt"/>
        <line num="1640" count="0" type="stmt"/>
        <line num="1641" count="0" type="stmt"/>
        <line num="1642" count="0" type="stmt"/>
        <line num="1643" count="0" type="stmt"/>
        <line num="1644" count="0" type="cond" truecount="0" falsecount="2"/>
        <line num="1645" count="0" type="stmt"/>
        <line num="1647" count="0" type="stmt"/>
        <line num="1652" count="0" type="stmt"/>
        <line num="1653" count="0" type="stmt"/>
        <line num="1654" count="0" type="stmt"/>
        <line num="1656" count="0" type="stmt"/>
        <line num="1657" count="0" type="stmt"/>
        <line num="1659" count="0" type="stmt"/>
        <line num="1663" count="0" type="stmt"/>
        <line num="1664" count="0" type="stmt"/>
        <line num="1666" count="0" type="stmt"/>
        <line num="1667" count="0" type="stmt"/>
        <line num="1669" count="0" type="stmt"/>
        <line num="1670" count="0" type="stmt"/>
        <line num="1672" count="0" type="stmt"/>
        <line num="1673" count="0" type="stmt"/>
        <line num="1676" count="0" type="stmt"/>
        <line num="1677" count="0" type="stmt"/>
        <line num="1678" count="0" type="stmt"/>
        <line num="1679" count="0" type="stmt"/>
        <line num="1682" count="0" type="stmt"/>
        <line num="1686" count="0" type="stmt"/>
        <line num="1687" count="0" type="stmt"/>
        <line num="1690" count="0" type="stmt"/>
        <line num="1691" count="0" type="stmt"/>
        <line num="1692" count="0" type="stmt"/>
        <line num="1693" count="0" type="stmt"/>
        <line num="1694" count="0" type="cond" truecount="0" falsecount="2"/>
        <line num="1695" count="0" type="stmt"/>
        <line num="1699" count="0" type="stmt"/>
        <line num="1701" count="0" type="stmt"/>
        <line num="1705" count="0" type="stmt"/>
        <line num="1706" count="0" type="stmt"/>
        <line num="1707" count="0" type="stmt"/>
        <line num="1710" count="0" type="stmt"/>
        <line num="1711" count="0" type="cond" truecount="0" falsecount="2"/>
        <line num="1712" count="0" type="stmt"/>
        <line num="1716" count="0" type="stmt"/>
        <line num="1717" count="0" type="stmt"/>
        <line num="1718" count="0" type="stmt"/>
        <line num="1719" count="0" type="stmt"/>
        <line num="1723" count="0" type="stmt"/>
        <line num="1724" count="0" type="cond" truecount="0" falsecount="2"/>
        <line num="1725" count="0" type="stmt"/>
        <line num="1726" count="0" type="stmt"/>
        <line num="1731" count="0" type="stmt"/>
        <line num="1732" count="0" type="stmt"/>
        <line num="1733" count="0" type="stmt"/>
        <line num="1734" count="0" type="stmt"/>
        <line num="1735" count="0" type="stmt"/>
        <line num="1737" count="0" type="stmt"/>
        <line num="1740" count="0" type="stmt"/>
        <line num="1741" count="0" type="stmt"/>
        <line num="1742" count="0" type="stmt"/>
        <line num="1746" count="0" type="cond" truecount="0" falsecount="2"/>
        <line num="1748" count="0" type="stmt"/>
        <line num="1749" count="0" type="stmt"/>
        <line num="1750" count="0" type="stmt"/>
        <line num="1751" count="0" type="stmt"/>
        <line num="1756" count="0" type="stmt"/>
        <line num="1757" count="0" type="cond" truecount="0" falsecount="2"/>
        <line num="1759" count="0" type="cond" truecount="0" falsecount="4"/>
        <line num="1761" count="0" type="stmt"/>
        <line num="1762" count="0" type="cond" truecount="0" falsecount="2"/>
        <line num="1763" count="0" type="stmt"/>
        <line num="1765" count="0" type="stmt"/>
        <line num="1766" count="0" type="stmt"/>
        <line num="1767" count="0" type="stmt"/>
        <line num="1769" count="0" type="stmt"/>
        <line num="1770" count="0" type="stmt"/>
        <line num="1771" count="0" type="stmt"/>
        <line num="1773" count="0" type="stmt"/>
        <line num="1774" count="0" type="cond" truecount="0" falsecount="2"/>
        <line num="1775" count="0" type="stmt"/>
        <line num="1777" count="0" type="stmt"/>
        <line num="1782" count="0" type="stmt"/>
        <line num="1789" count="0" type="stmt"/>
        <line num="1809" count="0" type="stmt"/>
        <line num="1810" count="0" type="cond" truecount="0" falsecount="2"/>
        <line num="1811" count="0" type="stmt"/>
        <line num="1812" count="0" type="stmt"/>
        <line num="1814" count="0" type="stmt"/>
        <line num="1816" count="0" type="cond" truecount="0" falsecount="2"/>
        <line num="1817" count="0" type="stmt"/>
        <line num="1818" count="0" type="cond" truecount="0" falsecount="4"/>
        <line num="1819" count="0" type="stmt"/>
        <line num="1826" count="0" type="stmt"/>
        <line num="1827" count="0" type="stmt"/>
        <line num="1830" count="0" type="stmt"/>
        <line num="1832" count="0" type="stmt"/>
        <line num="1833" count="0" type="stmt"/>
        <line num="1837" count="0" type="cond" truecount="0" falsecount="2"/>
        <line num="1838" count="0" type="stmt"/>
        <line num="1839" count="0" type="stmt"/>
        <line num="1840" count="0" type="stmt"/>
        <line num="1846" count="0" type="stmt"/>
        <line num="1851" count="0" type="stmt"/>
        <line num="1854" count="0" type="cond" truecount="0" falsecount="2"/>
        <line num="1855" count="0" type="stmt"/>
        <line num="1856" count="0" type="stmt"/>
        <line num="1860" count="0" type="stmt"/>
        <line num="1863" count="0" type="stmt"/>
        <line num="1864" count="0" type="stmt"/>
        <line num="1869" count="0" type="stmt"/>
        <line num="1871" count="0" type="stmt"/>
        <line num="1872" count="0" type="stmt"/>
        <line num="1875" count="0" type="stmt"/>
        <line num="1879" count="0" type="stmt"/>
        <line num="1880" count="0" type="stmt"/>
        <line num="1881" count="0" type="stmt"/>
        <line num="1883" count="0" type="stmt"/>
        <line num="1884" count="0" type="stmt"/>
        <line num="1885" count="0" type="stmt"/>
        <line num="1890" count="0" type="stmt"/>
        <line num="1891" count="0" type="stmt"/>
        <line num="1906" count="0" type="stmt"/>
        <line num="1907" count="0" type="stmt"/>
        <line num="1909" count="0" type="stmt"/>
        <line num="1910" count="0" type="stmt"/>
        <line num="1911" count="0" type="stmt"/>
        <line num="1912" count="0" type="cond" truecount="0" falsecount="2"/>
        <line num="1913" count="0" type="stmt"/>
        <line num="1920" count="0" type="stmt"/>
        <line num="1926" count="0" type="cond" truecount="0" falsecount="2"/>
        <line num="1931" count="0" type="stmt"/>
        <line num="1932" count="0" type="stmt"/>
        <line num="1943" count="0" type="cond" truecount="0" falsecount="2"/>
        <line num="1944" count="0" type="stmt"/>
        <line num="1945" count="0" type="stmt"/>
        <line num="1946" count="0" type="stmt"/>
        <line num="1960" count="0" type="stmt"/>
        <line num="1963" count="0" type="stmt"/>
        <line num="1970" count="0" type="stmt"/>
        <line num="1972" count="0" type="stmt"/>
        <line num="1973" count="0" type="stmt"/>
        <line num="1974" count="0" type="stmt"/>
        <line num="1994" count="0" type="stmt"/>
        <line num="1995" count="0" type="stmt"/>
        <line num="1996" count="0" type="stmt"/>
        <line num="1999" count="0" type="stmt"/>
        <line num="2001" count="0" type="stmt"/>
        <line num="2005" count="0" type="stmt"/>
        <line num="2006" count="0" type="stmt"/>
        <line num="2016" count="0" type="stmt"/>
        <line num="2017" count="0" type="stmt"/>
        <line num="2023" count="0" type="stmt"/>
        <line num="2025" count="0" type="stmt"/>
        <line num="2026" count="0" type="stmt"/>
        <line num="2030" count="0" type="stmt"/>
        <line num="2031" count="0" type="stmt"/>
        <line num="2041" count="0" type="stmt"/>
        <line num="2042" count="0" type="stmt"/>
        <line num="2044" count="0" type="stmt"/>
        <line num="2045" count="0" type="stmt"/>
        <line num="2046" count="0" type="stmt"/>
        <line num="2048" count="0" type="stmt"/>
        <line num="2049" count="0" type="stmt"/>
        <line num="2050" count="0" type="stmt"/>
        <line num="2052" count="0" type="stmt"/>
        <line num="2053" count="0" type="stmt"/>
        <line num="2054" count="0" type="stmt"/>
        <line num="2056" count="0" type="stmt"/>
        <line num="2057" count="0" type="stmt"/>
        <line num="2058" count="0" type="stmt"/>
        <line num="2060" count="0" type="stmt"/>
        <line num="2062" count="0" type="stmt"/>
        <line num="2063" count="0" type="stmt"/>
        <line num="2065" count="0" type="stmt"/>
        <line num="2069" count="0" type="stmt"/>
        <line num="2070" count="0" type="stmt"/>
        <line num="2072" count="0" type="stmt"/>
        <line num="2073" count="0" type="stmt"/>
        <line num="2074" count="0" type="stmt"/>
        <line num="2075" count="0" type="stmt"/>
        <line num="2076" count="0" type="stmt"/>
        <line num="2077" count="0" type="stmt"/>
        <line num="2078" count="0" type="stmt"/>
        <line num="2079" count="0" type="stmt"/>
        <line num="2082" count="0" type="stmt"/>
        <line num="2083" count="0" type="stmt"/>
        <line num="2084" count="0" type="stmt"/>
        <line num="2087" count="0" type="stmt"/>
        <line num="2091" count="0" type="stmt"/>
        <line num="2092" count="0" type="stmt"/>
        <line num="2099" count="0" type="stmt"/>
        <line num="2100" count="0" type="stmt"/>
        <line num="2101" count="0" type="stmt"/>
        <line num="2103" count="0" type="stmt"/>
        <line num="2104" count="0" type="stmt"/>
        <line num="2105" count="0" type="stmt"/>
        <line num="2107" count="0" type="stmt"/>
        <line num="2111" count="0" type="stmt"/>
        <line num="2112" count="0" type="stmt"/>
        <line num="2122" count="0" type="stmt"/>
        <line num="2123" count="0" type="stmt"/>
        <line num="2125" count="0" type="stmt"/>
        <line num="2126" count="0" type="stmt"/>
        <line num="2127" count="0" type="stmt"/>
        <line num="2128" count="0" type="stmt"/>
        <line num="2145" count="0" type="stmt"/>
        <line num="2146" count="0" type="stmt"/>
        <line num="2148" count="0" type="stmt"/>
        <line num="2152" count="0" type="stmt"/>
        <line num="2153" count="0" type="stmt"/>
        <line num="2154" count="0" type="stmt"/>
        <line num="2164" count="0" type="stmt"/>
        <line num="2166" count="0" type="stmt"/>
        <line num="2170" count="0" type="stmt"/>
        <line num="2172" count="0" type="cond" truecount="0" falsecount="2"/>
        <line num="2173" count="0" type="stmt"/>
        <line num="2174" count="0" type="stmt"/>
        <line num="2177" count="0" type="cond" truecount="0" falsecount="2"/>
        <line num="2179" count="0" type="cond" truecount="0" falsecount="2"/>
        <line num="2181" count="0" type="stmt"/>
        <line num="2182" count="0" type="stmt"/>
        <line num="2183" count="0" type="stmt"/>
        <line num="2185" count="0" type="stmt"/>
        <line num="2186" count="0" type="stmt"/>
        <line num="2189" count="0" type="stmt"/>
        <line num="2190" count="0" type="cond" truecount="0" falsecount="2"/>
        <line num="2191" count="0" type="stmt"/>
        <line num="2196" count="0" type="stmt"/>
        <line num="2198" count="0" type="stmt"/>
        <line num="2199" count="0" type="stmt"/>
        <line num="2200" count="0" type="stmt"/>
        <line num="2202" count="0" type="stmt"/>
        <line num="2203" count="0" type="stmt"/>
        <line num="2204" count="0" type="cond" truecount="0" falsecount="2"/>
        <line num="2205" count="0" type="stmt"/>
        <line num="2208" count="0" type="stmt"/>
        <line num="2210" count="0" type="stmt"/>
        <line num="2211" count="0" type="stmt"/>
        <line num="2217" count="0" type="stmt"/>
        <line num="2218" count="0" type="stmt"/>
        <line num="2219" count="0" type="stmt"/>
        <line num="2221" count="0" type="cond" truecount="0" falsecount="5"/>
        <line num="2222" count="0" type="stmt"/>
        <line num="2223" count="0" type="cond" truecount="0" falsecount="2"/>
        <line num="2225" count="0" type="stmt"/>
        <line num="2226" count="0" type="stmt"/>
        <line num="2227" count="0" type="stmt"/>
        <line num="2229" count="0" type="cond" truecount="0" falsecount="5"/>
        <line num="2230" count="0" type="stmt"/>
        <line num="2234" count="0" type="stmt"/>
        <line num="2235" count="0" type="cond" truecount="0" falsecount="3"/>
        <line num="2238" count="0" type="cond" truecount="0" falsecount="2"/>
        <line num="2239" count="0" type="stmt"/>
        <line num="2240" count="0" type="stmt"/>
        <line num="2242" count="0" type="stmt"/>
        <line num="2243" count="0" type="stmt"/>
        <line num="2246" count="0" type="stmt"/>
        <line num="2247" count="0" type="stmt"/>
        <line num="2249" count="0" type="stmt"/>
        <line num="2250" count="0" type="stmt"/>
        <line num="2251" count="0" type="stmt"/>
        <line num="2252" count="0" type="stmt"/>
        <line num="2256" count="0" type="stmt"/>
        <line num="2257" count="0" type="stmt"/>
        <line num="2261" count="0" type="stmt"/>
        <line num="2262" count="0" type="cond" truecount="0" falsecount="2"/>
        <line num="2265" count="0" type="cond" truecount="0" falsecount="5"/>
        <line num="2266" count="0" type="stmt"/>
        <line num="2267" count="0" type="cond" truecount="0" falsecount="2"/>
        <line num="2269" count="0" type="stmt"/>
        <line num="2270" count="0" type="stmt"/>
        <line num="2271" count="0" type="stmt"/>
        <line num="2274" count="0" type="stmt"/>
        <line num="2277" count="0" type="stmt"/>
        <line num="2278" count="0" type="stmt"/>
        <line num="2282" count="0" type="stmt"/>
        <line num="2283" count="0" type="stmt"/>
        <line num="2284" count="0" type="stmt"/>
        <line num="2285" count="0" type="stmt"/>
        <line num="2287" count="0" type="stmt"/>
        <line num="2288" count="0" type="stmt"/>
        <line num="2289" count="0" type="stmt"/>
        <line num="2294" count="0" type="stmt"/>
        <line num="2296" count="0" type="stmt"/>
        <line num="2297" count="0" type="stmt"/>
        <line num="2298" count="0" type="stmt"/>
        <line num="2301" count="0" type="stmt"/>
        <line num="2302" count="0" type="stmt"/>
        <line num="2303" count="0" type="stmt"/>
        <line num="2306" count="0" type="stmt"/>
        <line num="2307" count="0" type="stmt"/>
        <line num="2308" count="0" type="stmt"/>
        <line num="2309" count="0" type="stmt"/>
        <line num="2312" count="0" type="stmt"/>
        <line num="2313" count="0" type="cond" truecount="0" falsecount="2"/>
        <line num="2315" count="0" type="stmt"/>
        <line num="2316" count="0" type="stmt"/>
        <line num="2317" count="0" type="stmt"/>
        <line num="2318" count="0" type="stmt"/>
        <line num="2319" count="0" type="stmt"/>
        <line num="2321" count="0" type="stmt"/>
        <line num="2322" count="0" type="stmt"/>
        <line num="2325" count="0" type="stmt"/>
        <line num="2326" count="0" type="cond" truecount="0" falsecount="2"/>
        <line num="2327" count="0" type="stmt"/>
        <line num="2328" count="0" type="stmt"/>
        <line num="2334" count="0" type="stmt"/>
        <line num="2335" count="0" type="stmt"/>
        <line num="2345" count="0" type="stmt"/>
        <line num="2346" count="0" type="stmt"/>
        <line num="2352" count="0" type="stmt"/>
        <line num="2354" count="0" type="stmt"/>
        <line num="2356" count="0" type="stmt"/>
        <line num="2357" count="0" type="stmt"/>
        <line num="2358" count="0" type="stmt"/>
        <line num="2361" count="0" type="stmt"/>
        <line num="2362" count="0" type="stmt"/>
        <line num="2363" count="0" type="stmt"/>
        <line num="2366" count="0" type="stmt"/>
        <line num="2367" count="0" type="stmt"/>
        <line num="2368" count="0" type="stmt"/>
        <line num="2369" count="0" type="stmt"/>
        <line num="2372" count="0" type="stmt"/>
        <line num="2373" count="0" type="cond" truecount="0" falsecount="2"/>
        <line num="2375" count="0" type="stmt"/>
        <line num="2376" count="0" type="stmt"/>
        <line num="2377" count="0" type="stmt"/>
        <line num="2378" count="0" type="stmt"/>
        <line num="2379" count="0" type="stmt"/>
        <line num="2381" count="0" type="stmt"/>
        <line num="2382" count="0" type="stmt"/>
        <line num="2385" count="0" type="stmt"/>
        <line num="2386" count="0" type="cond" truecount="0" falsecount="2"/>
        <line num="2387" count="0" type="stmt"/>
        <line num="2388" count="0" type="stmt"/>
        <line num="2392" count="0" type="stmt"/>
        <line num="2396" count="0" type="stmt"/>
        <line num="2397" count="0" type="cond" truecount="0" falsecount="2"/>
        <line num="2398" count="0" type="stmt"/>
        <line num="2401" count="0" type="stmt"/>
        <line num="2402" count="0" type="stmt"/>
        <line num="2403" count="0" type="stmt"/>
        <line num="2404" count="0" type="cond" truecount="0" falsecount="4"/>
        <line num="2405" count="0" type="stmt"/>
        <line num="2411" count="0" type="cond" truecount="0" falsecount="2"/>
        <line num="2412" count="0" type="stmt"/>
        <line num="2413" count="0" type="stmt"/>
        <line num="2414" count="0" type="stmt"/>
        <line num="2419" count="0" type="cond" truecount="0" falsecount="2"/>
        <line num="2420" count="0" type="stmt"/>
        <line num="2421" count="0" type="stmt"/>
        <line num="2426" count="0" type="stmt"/>
        <line num="2430" count="0" type="stmt"/>
        <line num="2437" count="0" type="stmt"/>
        <line num="2439" count="0" type="stmt"/>
        <line num="2440" count="0" type="stmt"/>
        <line num="2443" count="0" type="stmt"/>
        <line num="2444" count="0" type="stmt"/>
        <line num="2455" count="0" type="stmt"/>
        <line num="2456" count="0" type="stmt"/>
        <line num="2457" count="0" type="stmt"/>
        <line num="2458" count="0" type="stmt"/>
        <line num="2470" count="0" type="stmt"/>
        <line num="2471" count="0" type="stmt"/>
        <line num="2472" count="0" type="stmt"/>
        <line num="2481" count="0" type="stmt"/>
        <line num="2482" count="0" type="cond" truecount="0" falsecount="4"/>
        <line num="2483" count="0" type="stmt"/>
        <line num="2484" count="0" type="stmt"/>
        <line num="2485" count="0" type="stmt"/>
        <line num="2489" count="0" type="stmt"/>
        <line num="2490" count="0" type="stmt"/>
        <line num="2492" count="0" type="stmt"/>
        <line num="2494" count="0" type="stmt"/>
        <line num="2498" count="0" type="stmt"/>
        <line num="2499" count="0" type="stmt"/>
        <line num="2501" count="0" type="stmt"/>
        <line num="2502" count="0" type="stmt"/>
        <line num="2503" count="0" type="stmt"/>
        <line num="2511" count="0" type="stmt"/>
        <line num="2512" count="0" type="stmt"/>
        <line num="2513" count="0" type="stmt"/>
        <line num="2524" count="0" type="stmt"/>
        <line num="2525" count="0" type="stmt"/>
        <line num="2526" count="0" type="stmt"/>
        <line num="2527" count="0" type="stmt"/>
        <line num="2539" count="0" type="stmt"/>
        <line num="2540" count="0" type="cond" truecount="0" falsecount="4"/>
        <line num="2541" count="0" type="stmt"/>
        <line num="2542" count="0" type="stmt"/>
        <line num="2543" count="0" type="stmt"/>
        <line num="2547" count="0" type="stmt"/>
        <line num="2548" count="0" type="stmt"/>
        <line num="2549" count="0" type="stmt"/>
        <line num="2551" count="0" type="stmt"/>
        <line num="2555" count="0" type="stmt"/>
        <line num="2556" count="0" type="stmt"/>
        <line num="2559" count="0" type="stmt"/>
        <line num="2560" count="0" type="stmt"/>
        <line num="2562" count="0" type="stmt"/>
        <line num="2563" count="0" type="stmt"/>
        <line num="2565" count="0" type="stmt"/>
        <line num="2566" count="0" type="stmt"/>
        <line num="2568" count="0" type="stmt"/>
        <line num="2569" count="0" type="stmt"/>
        <line num="2570" count="0" type="stmt"/>
        <line num="2571" count="0" type="stmt"/>
        <line num="2573" count="0" type="stmt"/>
        <line num="2574" count="0" type="stmt"/>
        <line num="2575" count="0" type="stmt"/>
        <line num="2576" count="0" type="stmt"/>
        <line num="2577" count="0" type="stmt"/>
        <line num="2579" count="0" type="stmt"/>
        <line num="2583" count="0" type="stmt"/>
        <line num="2584" count="0" type="stmt"/>
        <line num="2586" count="0" type="stmt"/>
        <line num="2587" count="0" type="stmt"/>
        <line num="2588" count="0" type="stmt"/>
        <line num="2589" count="0" type="stmt"/>
        <line num="2590" count="0" type="stmt"/>
        <line num="2597" count="0" type="stmt"/>
        <line num="2598" count="0" type="stmt"/>
        <line num="2599" count="0" type="stmt"/>
        <line num="2600" count="0" type="stmt"/>
        <line num="2607" count="0" type="stmt"/>
        <line num="2608" count="0" type="stmt"/>
        <line num="2609" count="0" type="stmt"/>
        <line num="2610" count="0" type="stmt"/>
        <line num="2613" count="0" type="stmt"/>
        <line num="2614" count="0" type="stmt"/>
        <line num="2616" count="0" type="stmt"/>
        <line num="2620" count="0" type="stmt"/>
        <line num="2621" count="0" type="stmt"/>
        <line num="2623" count="0" type="stmt"/>
        <line num="2624" count="0" type="stmt"/>
        <line num="2625" count="0" type="stmt"/>
        <line num="2626" count="0" type="stmt"/>
        <line num="2638" count="0" type="stmt"/>
        <line num="2639" count="0" type="stmt"/>
        <line num="2640" count="0" type="stmt"/>
        <line num="2643" count="0" type="stmt"/>
        <line num="2646" count="0" type="stmt"/>
        <line num="2650" count="0" type="stmt"/>
        <line num="2651" count="0" type="stmt"/>
        <line num="2652" count="0" type="stmt"/>
        <line num="2653" count="0" type="stmt"/>
        <line num="2654" count="0" type="stmt"/>
        <line num="2666" count="0" type="stmt"/>
        <line num="2667" count="0" type="stmt"/>
        <line num="2670" count="0" type="stmt"/>
        <line num="2671" count="0" type="cond" truecount="0" falsecount="2"/>
        <line num="2672" count="0" type="stmt"/>
        <line num="2673" count="0" type="stmt"/>
        <line num="2677" count="0" type="stmt"/>
        <line num="2681" count="0" type="stmt"/>
        <line num="2682" count="0" type="cond" truecount="0" falsecount="4"/>
        <line num="2684" count="0" type="stmt"/>
        <line num="2685" count="0" type="stmt"/>
        <line num="2686" count="0" type="stmt"/>
        <line num="2687" count="0" type="stmt"/>
        <line num="2690" count="0" type="stmt"/>
        <line num="2691" count="0" type="stmt"/>
        <line num="2692" count="0" type="stmt"/>
        <line num="2695" count="0" type="cond" truecount="0" falsecount="2"/>
        <line num="2697" count="0" type="stmt"/>
        <line num="2698" count="0" type="stmt"/>
        <line num="2701" count="0" type="stmt"/>
        <line num="2704" count="0" type="stmt"/>
        <line num="2709" count="0" type="stmt"/>
        <line num="2710" count="0" type="stmt"/>
        <line num="2711" count="0" type="stmt"/>
        <line num="2722" count="0" type="stmt"/>
        <line num="2726" count="0" type="stmt"/>
        <line num="2727" count="0" type="stmt"/>
        <line num="2729" count="0" type="stmt"/>
        <line num="2730" count="0" type="stmt"/>
        <line num="2731" count="0" type="stmt"/>
        <line num="2743" count="0" type="stmt"/>
        <line num="2744" count="0" type="stmt"/>
        <line num="2745" count="0" type="stmt"/>
        <line num="2748" count="0" type="stmt"/>
        <line num="2749" count="0" type="stmt"/>
        <line num="2750" count="0" type="stmt"/>
        <line num="2763" count="0" type="stmt"/>
        <line num="2764" count="0" type="stmt"/>
        <line num="2767" count="0" type="stmt"/>
        <line num="2768" count="0" type="stmt"/>
        <line num="2770" count="0" type="stmt"/>
        <line num="2774" count="0" type="stmt"/>
        <line num="2775" count="0" type="stmt"/>
        <line num="2777" count="0" type="cond" truecount="0" falsecount="2"/>
        <line num="2778" count="0" type="stmt"/>
        <line num="2779" count="0" type="stmt"/>
        <line num="2782" count="0" type="cond" truecount="0" falsecount="2"/>
        <line num="2783" count="0" type="stmt"/>
        <line num="2784" count="0" type="stmt"/>
        <line num="2787" count="0" type="stmt"/>
        <line num="2789" count="0" type="cond" truecount="0" falsecount="2"/>
        <line num="2790" count="0" type="stmt"/>
        <line num="2791" count="0" type="stmt"/>
        <line num="2795" count="0" type="stmt"/>
        <line num="2798" count="0" type="stmt"/>
        <line num="2799" count="0" type="stmt"/>
        <line num="2801" count="0" type="cond" truecount="0" falsecount="2"/>
        <line num="2802" count="0" type="stmt"/>
        <line num="2803" count="0" type="stmt"/>
        <line num="2805" count="0" type="stmt"/>
        <line num="2806" count="0" type="stmt"/>
        <line num="2808" count="0" type="stmt"/>
        <line num="2809" count="0" type="stmt"/>
        <line num="2814" count="0" type="stmt"/>
        <line num="2815" count="0" type="stmt"/>
        <line num="2816" count="0" type="stmt"/>
        <line num="2827" count="0" type="stmt"/>
        <line num="2828" count="0" type="stmt"/>
        <line num="2829" count="0" type="stmt"/>
        <line num="2831" count="0" type="cond" truecount="0" falsecount="2"/>
        <line num="2832" count="0" type="stmt"/>
        <line num="2833" count="0" type="stmt"/>
        <line num="2837" count="0" type="stmt"/>
        <line num="2841" count="0" type="stmt"/>
        <line num="2842" count="0" type="stmt"/>
        <line num="2843" count="0" type="stmt"/>
        <line num="2855" count="0" type="stmt"/>
        <line num="2859" count="0" type="stmt"/>
        <line num="2860" count="0" type="cond" truecount="0" falsecount="4"/>
        <line num="2862" count="0" type="stmt"/>
        <line num="2863" count="0" type="cond" truecount="0" falsecount="2"/>
        <line num="2864" count="0" type="stmt"/>
        <line num="2865" count="0" type="stmt"/>
        <line num="2866" count="0" type="stmt"/>
        <line num="2867" count="0" type="stmt"/>
        <line num="2868" count="0" type="stmt"/>
        <line num="2873" count="0" type="stmt"/>
        <line num="2874" count="0" type="cond" truecount="0" falsecount="2"/>
        <line num="2876" count="0" type="stmt"/>
        <line num="2877" count="0" type="stmt"/>
        <line num="2878" count="0" type="stmt"/>
        <line num="2879" count="0" type="stmt"/>
        <line num="2880" count="0" type="stmt"/>
        <line num="2881" count="0" type="stmt"/>
        <line num="2885" count="0" type="stmt"/>
        <line num="2886" count="0" type="cond" truecount="0" falsecount="2"/>
        <line num="2888" count="0" type="stmt"/>
        <line num="2890" count="0" type="stmt"/>
        <line num="2891" count="0" type="cond" truecount="0" falsecount="2"/>
        <line num="2892" count="0" type="stmt"/>
        <line num="2893" count="0" type="stmt"/>
        <line num="2894" count="0" type="stmt"/>
        <line num="2896" count="0" type="stmt"/>
        <line num="2897" count="0" type="stmt"/>
        <line num="2898" count="0" type="stmt"/>
        <line num="2899" count="0" type="stmt"/>
        <line num="2905" count="0" type="stmt"/>
        <line num="2906" count="0" type="stmt"/>
        <line num="2908" count="0" type="cond" truecount="0" falsecount="4"/>
        <line num="2911" count="0" type="stmt"/>
        <line num="2912" count="0" type="stmt"/>
        <line num="2913" count="0" type="cond" truecount="0" falsecount="4"/>
        <line num="2914" count="0" type="stmt"/>
        <line num="2915" count="0" type="cond" truecount="0" falsecount="2"/>
        <line num="2916" count="0" type="cond" truecount="0" falsecount="2"/>
        <line num="2917" count="0" type="cond" truecount="0" falsecount="2"/>
        <line num="2922" count="0" type="stmt"/>
        <line num="2923" count="0" type="cond" truecount="0" falsecount="2"/>
        <line num="2924" count="0" type="stmt"/>
        <line num="2927" count="0" type="stmt"/>
        <line num="2928" count="0" type="stmt"/>
        <line num="2929" count="0" type="stmt"/>
        <line num="2931" count="0" type="stmt"/>
        <line num="2932" count="0" type="stmt"/>
        <line num="2935" count="0" type="stmt"/>
        <line num="2936" count="0" type="stmt"/>
        <line num="2937" count="0" type="stmt"/>
        <line num="2941" count="0" type="stmt"/>
        <line num="2942" count="0" type="stmt"/>
        <line num="2943" count="0" type="stmt"/>
        <line num="2945" count="0" type="cond" truecount="0" falsecount="2"/>
        <line num="2946" count="0" type="stmt"/>
        <line num="2947" count="0" type="stmt"/>
        <line num="2948" count="0" type="stmt"/>
        <line num="2949" count="0" type="stmt"/>
        <line num="2952" count="0" type="stmt"/>
        <line num="2960" count="0" type="stmt"/>
        <line num="2964" count="0" type="stmt"/>
        <line num="2965" count="0" type="stmt"/>
        <line num="2977" count="0" type="stmt"/>
        <line num="2978" count="0" type="stmt"/>
        <line num="2980" count="0" type="stmt"/>
        <line num="2981" count="0" type="stmt"/>
        <line num="2982" count="0" type="stmt"/>
        <line num="2992" count="0" type="stmt"/>
        <line num="2993" count="0" type="stmt"/>
        <line num="2994" count="0" type="stmt"/>
        <line num="2997" count="0" type="stmt"/>
        <line num="2998" count="0" type="stmt"/>
        <line num="3001" count="0" type="stmt"/>
        <line num="3002" count="0" type="stmt"/>
        <line num="3005" count="0" type="stmt"/>
        <line num="3006" count="0" type="stmt"/>
        <line num="3008" count="0" type="stmt"/>
        <line num="3012" count="0" type="stmt"/>
        <line num="3013" count="0" type="cond" truecount="0" falsecount="2"/>
        <line num="3015" count="0" type="stmt"/>
        <line num="3016" count="0" type="stmt"/>
        <line num="3017" count="0" type="stmt"/>
        <line num="3018" count="0" type="stmt"/>
        <line num="3021" count="0" type="stmt"/>
        <line num="3022" count="0" type="cond" truecount="0" falsecount="2"/>
        <line num="3025" count="0" type="stmt"/>
        <line num="3026" count="0" type="stmt"/>
        <line num="3027" count="0" type="stmt"/>
        <line num="3031" count="0" type="stmt"/>
        <line num="3032" count="0" type="stmt"/>
        <line num="3033" count="0" type="stmt"/>
        <line num="3037" count="0" type="stmt"/>
        <line num="3041" count="0" type="stmt"/>
        <line num="3045" count="0" type="stmt"/>
        <line num="3047" count="0" type="cond" truecount="0" falsecount="2"/>
        <line num="3049" count="0" type="stmt"/>
        <line num="3050" count="0" type="stmt"/>
        <line num="3056" count="0" type="stmt"/>
        <line num="3057" count="0" type="stmt"/>
        <line num="3058" count="0" type="stmt"/>
        <line num="3066" count="0" type="stmt"/>
        <line num="3067" count="0" type="stmt"/>
        <line num="3070" count="0" type="stmt"/>
        <line num="3071" count="0" type="stmt"/>
        <line num="3072" count="0" type="stmt"/>
        <line num="3078" count="0" type="cond" truecount="0" falsecount="2"/>
        <line num="3079" count="0" type="stmt"/>
        <line num="3083" count="0" type="cond" truecount="0" falsecount="2"/>
        <line num="3085" count="0" type="stmt"/>
        <line num="3091" count="0" type="cond" truecount="0" falsecount="2"/>
        <line num="3094" count="0" type="stmt"/>
        <line num="3095" count="0" type="cond" truecount="0" falsecount="3"/>
        <line num="3096" count="0" type="stmt"/>
        <line num="3101" count="0" type="stmt"/>
        <line num="3104" count="0" type="stmt"/>
        <line num="3106" count="0" type="stmt"/>
        <line num="3110" count="0" type="stmt"/>
        <line num="3111" count="0" type="stmt"/>
        <line num="3121" count="0" type="stmt"/>
        <line num="3122" count="0" type="stmt"/>
        <line num="3124" count="0" type="stmt"/>
        <line num="3125" count="0" type="stmt"/>
        <line num="3128" count="0" type="stmt"/>
        <line num="3129" count="0" type="stmt"/>
        <line num="3130" count="0" type="stmt"/>
        <line num="3138" count="0" type="stmt"/>
        <line num="3141" count="0" type="stmt"/>
        <line num="3142" count="0" type="stmt"/>
        <line num="3143" count="0" type="stmt"/>
        <line num="3144" count="0" type="stmt"/>
        <line num="3151" count="0" type="stmt"/>
        <line num="3154" count="0" type="stmt"/>
        <line num="3155" count="0" type="stmt"/>
        <line num="3156" count="0" type="stmt"/>
        <line num="3158" count="0" type="stmt"/>
        <line num="3159" count="0" type="stmt"/>
        <line num="3160" count="0" type="stmt"/>
        <line num="3162" count="0" type="stmt"/>
        <line num="3163" count="0" type="stmt"/>
        <line num="3164" count="0" type="stmt"/>
        <line num="3165" count="0" type="stmt"/>
        <line num="3168" count="0" type="stmt"/>
        <line num="3169" count="0" type="stmt"/>
        <line num="3172" count="0" type="stmt"/>
        <line num="3173" count="0" type="stmt"/>
        <line num="3176" count="0" type="stmt"/>
        <line num="3180" count="0" type="stmt"/>
        <line num="3181" count="0" type="stmt"/>
        <line num="3182" count="0" type="stmt"/>
        <line num="3183" count="0" type="stmt"/>
        <line num="3184" count="0" type="stmt"/>
        <line num="3186" count="0" type="cond" truecount="0" falsecount="2"/>
        <line num="3187" count="0" type="cond" truecount="0" falsecount="2"/>
        <line num="3188" count="0" type="cond" truecount="0" falsecount="2"/>
        <line num="3189" count="0" type="stmt"/>
        <line num="3193" count="0" type="stmt"/>
        <line num="3194" count="0" type="stmt"/>
        <line num="3207" count="0" type="stmt"/>
        <line num="3208" count="0" type="cond" truecount="0" falsecount="2"/>
        <line num="3209" count="0" type="stmt"/>
        <line num="3211" count="0" type="cond" truecount="0" falsecount="2"/>
        <line num="3212" count="0" type="stmt"/>
        <line num="3213" count="0" type="stmt"/>
        <line num="3214" count="0" type="stmt"/>
        <line num="3222" count="0" type="stmt"/>
        <line num="3223" count="0" type="stmt"/>
        <line num="3224" count="0" type="cond" truecount="0" falsecount="2"/>
        <line num="3225" count="0" type="stmt"/>
        <line num="3226" count="0" type="stmt"/>
        <line num="3227" count="0" type="stmt"/>
        <line num="3228" count="0" type="stmt"/>
        <line num="3229" count="0" type="stmt"/>
        <line num="3232" count="0" type="stmt"/>
        <line num="3236" count="0" type="stmt"/>
        <line num="3237" count="0" type="stmt"/>
        <line num="3250" count="0" type="stmt"/>
        <line num="3251" count="0" type="stmt"/>
        <line num="3253" count="0" type="stmt"/>
        <line num="3254" count="0" type="stmt"/>
        <line num="3256" count="0" type="stmt"/>
        <line num="3257" count="0" type="stmt"/>
        <line num="3258" count="0" type="stmt"/>
        <line num="3263" count="0" type="stmt"/>
        <line num="3264" count="0" type="stmt"/>
        <line num="3265" count="0" type="stmt"/>
        <line num="3268" count="0" type="stmt"/>
        <line num="3269" count="0" type="stmt"/>
        <line num="3270" count="0" type="stmt"/>
        <line num="3271" count="0" type="stmt"/>
        <line num="3272" count="0" type="stmt"/>
        <line num="3275" count="0" type="stmt"/>
        <line num="3279" count="0" type="stmt"/>
        <line num="3280" count="0" type="stmt"/>
        <line num="3282" count="0" type="cond" truecount="0" falsecount="2"/>
        <line num="3283" count="0" type="stmt"/>
        <line num="3284" count="0" type="stmt"/>
        <line num="3285" count="0" type="stmt"/>
        <line num="3290" count="0" type="stmt"/>
        <line num="3291" count="0" type="stmt"/>
        <line num="3293" count="0" type="cond" truecount="0" falsecount="2"/>
        <line num="3294" count="0" type="stmt"/>
        <line num="3296" count="0" type="stmt"/>
        <line num="3299" count="0" type="stmt"/>
        <line num="3300" count="0" type="stmt"/>
        <line num="3307" count="0" type="stmt"/>
        <line num="3309" count="0" type="stmt"/>
        <line num="3310" count="0" type="stmt"/>
        <line num="3312" count="0" type="stmt"/>
        <line num="3313" count="0" type="stmt"/>
        <line num="3315" count="0" type="stmt"/>
        <line num="3319" count="0" type="stmt"/>
        <line num="3320" count="0" type="stmt"/>
        <line num="3322" count="0" type="stmt"/>
        <line num="3323" count="0" type="stmt"/>
        <line num="3327" count="0" type="stmt"/>
        <line num="3328" count="0" type="stmt"/>
        <line num="3341" count="0" type="stmt"/>
        <line num="3342" count="0" type="cond" truecount="0" falsecount="2"/>
        <line num="3343" count="0" type="stmt"/>
        <line num="3347" count="0" type="stmt"/>
        <line num="3348" count="0" type="cond" truecount="0" falsecount="2"/>
        <line num="3349" count="0" type="stmt"/>
        <line num="3350" count="0" type="stmt"/>
        <line num="3354" count="0" type="stmt"/>
        <line num="3358" count="0" type="stmt"/>
        <line num="3359" count="0" type="stmt"/>
        <line num="3368" count="0" type="stmt"/>
        <line num="3369" count="0" type="stmt"/>
        <line num="3370" count="0" type="stmt"/>
        <line num="3372" count="0" type="stmt"/>
        <line num="3373" count="0" type="stmt"/>
        <line num="3374" count="0" type="stmt"/>
        <line num="3376" count="0" type="stmt"/>
        <line num="3377" count="0" type="stmt"/>
        <line num="3378" count="0" type="stmt"/>
        <line num="3390" count="0" type="stmt"/>
        <line num="3391" count="0" type="stmt"/>
        <line num="3393" count="0" type="stmt"/>
        <line num="3394" count="0" type="stmt"/>
        <line num="3395" count="0" type="stmt"/>
        <line num="3404" count="0" type="stmt"/>
        <line num="3405" count="0" type="stmt"/>
        <line num="3406" count="0" type="stmt"/>
        <line num="3416" count="0" type="stmt"/>
        <line num="3417" count="0" type="stmt"/>
        <line num="3420" count="0" type="stmt"/>
        <line num="3421" count="0" type="stmt"/>
        <line num="3422" count="0" type="cond" truecount="0" falsecount="2"/>
        <line num="3423" count="0" type="stmt"/>
        <line num="3424" count="0" type="cond" truecount="0" falsecount="2"/>
        <line num="3425" count="0" type="stmt"/>
        <line num="3427" count="0" type="stmt"/>
        <line num="3430" count="0" type="stmt"/>
        <line num="3433" count="0" type="stmt"/>
        <line num="3434" count="0" type="stmt"/>
        <line num="3436" count="0" type="stmt"/>
        <line num="3437" count="0" type="stmt"/>
        <line num="3438" count="0" type="stmt"/>
        <line num="3439" count="0" type="stmt"/>
        <line num="3441" count="0" type="stmt"/>
        <line num="3445" count="0" type="stmt"/>
        <line num="3446" count="0" type="stmt"/>
        <line num="3455" count="0" type="stmt"/>
        <line num="3456" count="0" type="stmt"/>
        <line num="3457" count="0" type="stmt"/>
        <line num="3459" count="0" type="stmt"/>
        <line num="3460" count="0" type="stmt"/>
        <line num="3479" count="0" type="stmt"/>
        <line num="3480" count="0" type="stmt"/>
        <line num="3481" count="0" type="stmt"/>
        <line num="3482" count="0" type="stmt"/>
        <line num="3493" count="0" type="stmt"/>
        <line num="3494" count="0" type="stmt"/>
        <line num="3503" count="0" type="stmt"/>
        <line num="3504" count="0" type="stmt"/>
        <line num="3506" count="0" type="stmt"/>
        <line num="3507" count="0" type="stmt"/>
        <line num="3508" count="0" type="stmt"/>
        <line num="3517" count="0" type="stmt"/>
        <line num="3518" count="0" type="stmt"/>
        <line num="3519" count="0" type="stmt"/>
        <line num="3529" count="0" type="stmt"/>
        <line num="3531" count="0" type="stmt"/>
        <line num="3533" count="0" type="stmt"/>
        <line num="3534" count="0" type="stmt"/>
        <line num="3535" count="0" type="cond" truecount="0" falsecount="2"/>
        <line num="3536" count="0" type="stmt"/>
        <line num="3537" count="0" type="stmt"/>
        <line num="3538" count="0" type="stmt"/>
        <line num="3539" count="0" type="stmt"/>
        <line num="3540" count="0" type="stmt"/>
        <line num="3541" count="0" type="stmt"/>
        <line num="3542" count="0" type="stmt"/>
        <line num="3544" count="0" type="stmt"/>
        <line num="3545" count="0" type="stmt"/>
        <line num="3546" count="0" type="stmt"/>
        <line num="3547" count="0" type="stmt"/>
        <line num="3551" count="0" type="stmt"/>
        <line num="3552" count="0" type="stmt"/>
        <line num="3555" count="0" type="stmt"/>
        <line num="3556" count="0" type="cond" truecount="0" falsecount="2"/>
        <line num="3558" count="0" type="stmt"/>
        <line num="3559" count="0" type="stmt"/>
        <line num="3560" count="0" type="stmt"/>
        <line num="3561" count="0" type="stmt"/>
        <line num="3563" count="0" type="stmt"/>
        <line num="3564" count="0" type="cond" truecount="0" falsecount="2"/>
        <line num="3565" count="0" type="stmt"/>
        <line num="3566" count="0" type="stmt"/>
        <line num="3568" count="0" type="stmt"/>
        <line num="3574" count="0" type="cond" truecount="0" falsecount="5"/>
        <line num="3575" count="0" type="stmt"/>
        <line num="3576" count="0" type="stmt"/>
        <line num="3578" count="0" type="cond" truecount="0" falsecount="2"/>
        <line num="3579" count="0" type="stmt"/>
        <line num="3587" count="0" type="stmt"/>
        <line num="3588" count="0" type="stmt"/>
        <line num="3593" count="0" type="stmt"/>
        <line num="3596" count="0" type="cond" truecount="0" falsecount="2"/>
        <line num="3597" count="0" type="stmt"/>
        <line num="3600" count="0" type="stmt"/>
        <line num="3601" count="0" type="stmt"/>
        <line num="3602" count="0" type="stmt"/>
        <line num="3609" count="0" type="stmt"/>
        <line num="3610" count="0" type="stmt"/>
        <line num="3611" count="0" type="stmt"/>
        <line num="3612" count="0" type="stmt"/>
        <line num="3613" count="0" type="stmt"/>
        <line num="3619" count="0" type="stmt"/>
        <line num="3622" count="0" type="stmt"/>
        <line num="3623" count="0" type="stmt"/>
        <line num="3625" count="0" type="stmt"/>
        <line num="3626" count="0" type="stmt"/>
        <line num="3627" count="0" type="stmt"/>
        <line num="3628" count="0" type="stmt"/>
        <line num="3629" count="0" type="stmt"/>
        <line num="3631" count="0" type="stmt"/>
        <line num="3638" count="0" type="stmt"/>
        <line num="3640" count="0" type="stmt"/>
        <line num="3641" count="0" type="stmt"/>
        <line num="3643" count="0" type="stmt"/>
        <line num="3644" count="0" type="stmt"/>
        <line num="3647" count="0" type="stmt"/>
        <line num="3648" count="0" type="stmt"/>
        <line num="3649" count="0" type="cond" truecount="0" falsecount="2"/>
        <line num="3654" count="0" type="stmt"/>
        <line num="3655" count="0" type="stmt"/>
        <line num="3668" count="0" type="stmt"/>
        <line num="3669" count="0" type="cond" truecount="0" falsecount="2"/>
        <line num="3670" count="0" type="stmt"/>
        <line num="3674" count="0" type="stmt"/>
        <line num="3675" count="0" type="cond" truecount="0" falsecount="2"/>
        <line num="3676" count="0" type="stmt"/>
        <line num="3677" count="0" type="stmt"/>
        <line num="3681" count="0" type="stmt"/>
[...]
        <line num="4165" count="0" type="cond" truecount="0" falsecount="2"/>
        <line num="4170" count="0" type="stmt"/>
        <line num="4171" count="0" type="stmt"/>
        <line num="4172" count="0" type="stmt"/>
        <line num="4174" count="0" type="stmt"/>
        <line num="4178" count="0" type="cond" truecount="0" falsecount="2"/>
        <line num="4180" count="0" type="cond" truecount="0" falsecount="2"/>
        <line num="4181" count="0" type="stmt"/>
        <line num="4182" count="0" type="stmt"/>
        <line num="4183" count="0" type="cond" truecount="0" falsecount="2"/>
        <line num="4184" count="0" type="cond" truecount="0" falsecount="2"/>
        <line num="4185" count="0" type="stmt"/>
        <line num="4186" count="0" type="stmt"/>
        <line num="4188" count="0" type="stmt"/>
        <line num="4191" count="0" type="stmt"/>
        <line num="4194" count="0" type="cond" truecount="0" falsecount="4"/>
        <line num="4195" count="0" type="stmt"/>
        <line num="4196" count="0" type="stmt"/>
        <line num="4197" count="0" type="cond" truecount="0" falsecount="2"/>
        <line num="4198" count="0" type="cond" truecount="0" falsecount="2"/>
        <line num="4199" count="0" type="stmt"/>
        <line num="4200" count="0" type="cond" truecount="0" falsecount="2"/>
        <line num="4202" count="0" type="stmt"/>
        <line num="4205" count="0" type="stmt"/>
        <line num="4209" count="0" type="cond" truecount="0" falsecount="2"/>
        <line num="4210" count="0" type="stmt"/>
        <line num="4211" count="0" type="stmt"/>
        <line num="4212" count="0" type="stmt"/>
        <line num="4214" count="0" type="stmt"/>
        <line num="4219" count="0" type="stmt"/>
        <line num="4220" count="0" type="stmt"/>
        <line num="4221" count="0" type="stmt"/>
        <line num="4223" count="0" type="cond" truecount="0" falsecount="2"/>
        <line num="4224" count="0" type="stmt"/>
        <line num="4225" count="0" type="stmt"/>
        <line num="4228" count="0" type="stmt"/>
        <line num="4232" count="0" type="stmt"/>
        <line num="4242" count="0" type="stmt"/>
        <line num="4243" count="0" type="cond" truecount="0" falsecount="2"/>
        <line num="4244" count="0" type="stmt"/>
        <line num="4253" count="0" type="stmt"/>
        <line num="4257" count="0" type="stmt"/>
        <line num="4258" count="0" type="stmt"/>
        <line num="4261" count="0" type="stmt"/>
        <line num="4264" count="0" type="stmt"/>
        <line num="4265" count="0" type="stmt"/>
        <line num="4269" count="0" type="stmt"/>
        <line num="4270" count="0" type="stmt"/>
        <line num="4275" count="0" type="stmt"/>
        <line num="4276" count="0" type="stmt"/>
        <line num="4279" count="0" type="stmt"/>
        <line num="4282" count="0" type="stmt"/>
        <line num="4285" count="0" type="stmt"/>
        <line num="4288" count="0" type="stmt"/>
        <line num="4291" count="0" type="stmt"/>
        <line num="4294" count="0" type="stmt"/>
        <line num="4297" count="0" type="stmt"/>
        <line num="4299" count="0" type="stmt"/>
        <line num="4302" count="0" type="stmt"/>
        <line num="4303" count="0" type="stmt"/>
        <line num="4308" count="0" type="cond" truecount="0" falsecount="2"/>
        <line num="4309" count="0" type="stmt"/>
        <line num="4310" count="0" type="stmt"/>
        <line num="4311" count="0" type="stmt"/>
        <line num="4316" count="0" type="stmt"/>
        <line num="4317" count="0" type="cond" truecount="0" falsecount="2"/>
        <line num="4318" count="0" type="stmt"/>
        <line num="4319" count="0" type="cond" truecount="0" falsecount="4"/>
        <line num="4320" count="0" type="stmt"/>
        <line num="4321" count="0" type="stmt"/>
        <line num="4328" count="0" type="stmt"/>
        <line num="4329" count="0" type="stmt"/>
        <line num="4330" count="0" type="stmt"/>
        <line num="4332" count="0" type="stmt"/>
        <line num="4338" count="0" type="stmt"/>
        <line num="4339" count="0" type="cond" truecount="0" falsecount="2"/>
        <line num="4340" count="0" type="stmt"/>
        <line num="4348" count="0" type="stmt"/>
        <line num="4357" count="0" type="stmt"/>
        <line num="4358" count="0" type="stmt"/>
        <line num="4359" count="0" type="cond" truecount="0" falsecount="2"/>
        <line num="4360" count="0" type="stmt"/>
        <line num="4365" count="0" type="stmt"/>
        <line num="4367" count="0" type="stmt"/>
        <line num="4372" count="0" type="stmt"/>
        <line num="4375" count="0" type="cond" truecount="0" falsecount="2"/>
        <line num="4376" count="0" type="stmt"/>
        <line num="4379" count="0" type="stmt"/>
        <line num="4380" count="0" type="stmt"/>
        <line num="4381" count="0" type="stmt"/>
        <line num="4382" count="0" type="stmt"/>
        <line num="4383" count="0" type="stmt"/>
        <line num="4384" count="0" type="stmt"/>
        <line num="4388" count="0" type="stmt"/>
        <line num="4389" count="0" type="stmt"/>
        <line num="4390" count="0" type="stmt"/>
        <line num="4391" count="0" type="stmt"/>
        <line num="4392" count="0" type="stmt"/>
        <line num="4393" count="0" type="stmt"/>
      </file>
    </package>
    <package name="src.config">
      <metrics statements="1" coveredstatements="0" conditionals="0" coveredconditionals="0" methods="0" coveredmethods="0"/>
      <file name="constants.js" path="/Users/batakalaashok/Documents/NeoKPI/src/config/constants.js">
        <metrics statements="1" coveredstatements="0" conditionals="0" coveredconditionals="0" methods="0" coveredmethods="0"/>
        <line num="4" count="0" type="stmt"/>
      </file>
    </package>
    <package name="src.managers">
      <metrics statements="175" coveredstatements="0" conditionals="121" coveredconditionals="0" methods="43" coveredmethods="0"/>
      <file name="notes.js" path="/Users/batakalaashok/Documents/NeoKPI/src/managers/notes.js">
        <metrics statements="127" coveredstatements="0" conditionals="86" coveredconditionals="0" methods="27" coveredmethods="0"/>
        <line num="6" count="0" type="stmt"/>
        <line num="8" count="0" type="cond" truecount="0" falsecount="2"/>
        <line num="12" count="0" type="stmt"/>
        <line num="13" count="0" type="stmt"/>
        <line num="16" count="0" type="cond" truecount="0" falsecount="2"/>
        <line num="17" count="0" type="stmt"/>
        <line num="20" count="0" type="cond" truecount="0" falsecount="2"/>
        <line num="24" count="0" type="stmt"/>
        <line num="25" count="0" type="stmt"/>
        <line num="28" count="0" type="cond" truecount="0" falsecount="2"/>
        <line num="29" count="0" type="stmt"/>
        <line num="32" count="0" type="cond" truecount="0" falsecount="4"/>
        <line num="36" count="0" type="cond" truecount="0" falsecount="2"/>
        <line num="38" count="0" type="stmt"/>
        <line num="39" count="0" type="stmt"/>
        <line num="40" count="0" type="stmt"/>
        <line num="41" count="0" type="cond" truecount="0" falsecount="2"/>
        <line num="43" count="0" type="cond" truecount="0" falsecount="4"/>
        <line num="44" count="0" type="stmt"/>
        <line num="51" count="0" type="stmt"/>
        <line num="54" count="0" type="stmt"/>
        <line num="58" count="0" type="cond" truecount="0" falsecount="2"/>
        <line num="60" count="0" type="stmt"/>
        <line num="61" count="0" type="stmt"/>
        <line num="62" count="0" type="stmt"/>
        <line num="66" count="0" type="stmt"/>
        <line num="71" count="0" type="stmt"/>
        <line num="72" count="0" type="stmt"/>
        <line num="73" count="0" type="stmt"/>
        <line num="74" count="0" type="stmt"/>
        <line num="76" count="0" type="stmt"/>
        <line num="86" count="0" type="stmt"/>
        <line num="87" count="0" type="stmt"/>
        <line num="89" count="0" type="cond" truecount="0" falsecount="2"/>
        <line num="90" count="0" type="stmt"/>
        <line num="91" count="0" type="stmt"/>
        <line num="94" count="0" type="stmt"/>
        <line num="95" count="0" type="stmt"/>
        <line num="99" count="0" type="stmt"/>
        <line num="100" count="0" type="stmt"/>
        <line num="102" count="0" type="cond" truecount="0" falsecount="2"/>
        <line num="103" count="0" type="stmt"/>
        <line num="106" count="0" type="stmt"/>
        <line num="115" count="0" type="stmt"/>
        <line num="116" count="0" type="stmt"/>
        <line num="121" count="0" type="stmt"/>
        <line num="122" count="0" type="stmt"/>
        <line num="123" count="0" type="stmt"/>
        <line num="125" count="0" type="stmt"/>
        <line num="126" count="0" type="stmt"/>
        <line num="127" count="0" type="stmt"/>
        <line num="129" count="0" type="stmt"/>
        <line num="130" count="0" type="stmt"/>
        <line num="131" count="0" type="stmt"/>
        <line num="132" count="0" type="stmt"/>
        <line num="136" count="0" type="stmt"/>
        <line num="137" count="0" type="stmt"/>
        <line num="139" count="0" type="cond" truecount="0" falsecount="2"/>
        <line num="140" count="0" type="stmt"/>
        <line num="143" count="0" type="stmt"/>
        <line num="145" count="0" type="stmt"/>
        <line num="157" count="0" type="stmt"/>
        <line num="158" count="0" type="stmt"/>
        <line num="160" count="0" type="cond" truecount="0" falsecount="2"/>
        <line num="161" count="0" type="stmt"/>
        <line num="164" count="0" type="stmt"/>
        <line num="165" count="0" type="stmt"/>
        <line num="173" count="0" type="stmt"/>
        <line num="174" count="0" type="stmt"/>
        <line num="176" count="0" type="stmt"/>
        <line num="177" count="0" type="stmt"/>
        <line num="179" count="0" type="cond" truecount="0" falsecount="2"/>
        <line num="180" count="0" type="stmt"/>
        <line num="181" count="0" type="stmt"/>
        <line num="184" count="0" type="stmt"/>
        <line num="185" count="0" type="stmt"/>
        <line num="187" count="0" type="stmt"/>
        <line num="188" count="0" type="stmt"/>
        <line num="190" count="0" type="cond" truecount="0" falsecount="2"/>
        <line num="191" count="0" type="stmt"/>
        <line num="193" count="0" type="stmt"/>
        <line num="196" count="0" type="stmt"/>
        <line num="197" count="0" type="stmt"/>
        <line num="202" count="0" type="cond" truecount="0" falsecount="2"/>
        <line num="203" count="0" type="stmt"/>
        <line num="209" count="0" type="stmt"/>
        <line num="214" count="0" type="stmt"/>
        <line num="215" count="0" type="stmt"/>
        <line num="216" count="0" type="stmt"/>
        <line num="217" count="0" type="stmt"/>
        <line num="218" count="0" type="stmt"/>
        <line num="219" count="0" type="stmt"/>
        <line num="224" count="0" type="stmt"/>
        <line num="228" count="0" type="stmt"/>
        <line num="235" count="0" type="stmt"/>
        <line num="236" count="0" type="stmt"/>
        <line num="237" count="0" type="stmt"/>
        <line num="238" count="0" type="stmt"/>
        <line num="239" count="0" type="stmt"/>
        <line num="241" count="0" type="stmt"/>
        <line num="242" count="0" type="stmt"/>
        <line num="244" count="0" type="cond" truecount="0" falsecount="2"/>
        <line num="245" count="0" type="cond" truecount="0" falsecount="4"/>
        <line num="247" count="0" type="stmt"/>
        <line num="248" count="0" type="stmt"/>
        <line num="251" count="0" type="stmt"/>
        <line num="252" count="0" type="stmt"/>
        <line num="254" count="0" type="cond" truecount="0" falsecount="4"/>
        <line num="256" count="0" type="stmt"/>
        <line num="257" count="0" type="stmt"/>
        <line num="258" count="0" type="stmt"/>
        <line num="259" count="0" type="cond" truecount="0" falsecount="5"/>
        <line num="261" count="0" type="cond" truecount="0" falsecount="4"/>
        <line num="262" count="0" type="stmt"/>
        <line num="266" count="0" type="stmt"/>
        <line num="267" count="0" type="cond" truecount="0" falsecount="4"/>
        <line num="268" count="0" type="stmt"/>
        <line num="270" count="0" type="stmt"/>
        <line num="271" count="0" type="stmt"/>
        <line num="272" count="0" type="stmt"/>
        <line num="275" count="0" type="stmt"/>
        <line num="276" count="0" type="stmt"/>
        <line num="281" count="0" type="cond" truecount="0" falsecount="4"/>
        <line num="282" count="0" type="stmt"/>
        <line num="283" count="0" type="cond" truecount="0" falsecount="4"/>
        <line num="284" count="0" type="stmt"/>
        <line num="288" count="0" type="stmt"/>
      </file>
      <file name="settings.js" path="/Users/batakalaashok/Documents/NeoKPI/src/managers/settings.js">
        <metrics statements="21" coveredstatements="0" conditionals="8" coveredconditionals="0" methods="6" coveredmethods="0"/>
        <line num="5" count="0" type="stmt"/>
        <line num="15" count="0" type="stmt"/>
        <line num="16" count="0" type="cond" truecount="0" falsecount="2"/>
        <line num="20" count="0" type="stmt"/>
        <line num="21" count="0" type="stmt"/>
        <line num="25" count="0" type="stmt"/>
        <line num="26" count="0" type="stmt"/>
        <line num="29" count="0" type="cond" truecount="0" falsecount="2"/>
        <line num="30" count="0" type="stmt"/>
        <line num="33" count="0" type="stmt"/>
        <line num="37" count="0" type="stmt"/>
        <line num="40" count="0" type="cond" truecount="0" falsecount="2"/>
        <line num="41" count="0" type="stmt"/>
        <line num="44" count="0" type="stmt"/>
        <line num="48" count="0" type="stmt"/>
        <line num="49" count="0" type="stmt"/>
        <line num="50" count="0" type="stmt"/>
        <line num="55" count="0" type="stmt"/>
        <line num="58" count="0" type="cond" truecount="0" falsecount="2"/>
        <line num="59" count="0" type="stmt"/>
        <line num="62" count="0" type="stmt"/>
      </file>
      <file name="tags.js" path="/Users/batakalaashok/Documents/NeoKPI/src/managers/tags.js">
        <metrics statements="27" coveredstatements="0" conditionals="27" coveredconditionals="0" methods="10" coveredmethods="0"/>
        <line num="1" count="0" type="stmt"/>
        <line num="5" count="0" type="cond" truecount="0" falsecount="2"/>
        <line num="7" count="0" type="stmt"/>
        <line num="10" count="0" type="stmt"/>
        <line num="11" count="0" type="stmt"/>
        <line num="12" count="0" type="cond" truecount="0" falsecount="4"/>
        <line num="13" count="0" type="stmt"/>
        <line num="17" count="0" type="stmt"/>
        <line num="21" count="0" type="stmt"/>
        <line num="22" count="0" type="stmt"/>
        <line num="26" count="0" type="stmt"/>
        <line num="28" count="0" type="stmt"/>
        <line num="29" count="0" type="cond" truecount="0" falsecount="4"/>
        <line num="30" count="0" type="cond" truecount="0" falsecount="2"/>
        <line num="33" count="0" type="cond" truecount="0" falsecount="4"/>
        <line num="34" count="0" type="stmt"/>
        <line num="35" count="0" type="stmt"/>
        <line num="38" count="0" type="stmt"/>
        <line num="39" count="0" type="cond" truecount="0" falsecount="2"/>
        <line num="44" count="0" type="stmt"/>
        <line num="48" count="0" type="stmt"/>
        <line num="50" count="0" type="stmt"/>
        <line num="51" count="0" type="cond" truecount="0" falsecount="5"/>
        <line num="52" count="0" type="stmt"/>
        <line num="56" count="0" type="stmt"/>
        <line num="61" count="0" type="cond" truecount="0" falsecount="3"/>
        <line num="66" count="0" type="stmt"/>
      </file>
    </package>
    <package name="src.utils">
      <metrics statements="63" coveredstatements="0" conditionals="23" coveredconditionals="0" methods="21" coveredmethods="0"/>
      <file name="storage.js" path="/Users/batakalaashok/Documents/NeoKPI/src/utils/storage.js">
        <metrics statements="18" coveredstatements="0" conditionals="2" coveredconditionals="0" methods="5" coveredmethods="0"/>
        <line num="6" count="0" type="stmt"/>
        <line num="8" count="0" type="stmt"/>
        <line num="9" count="0" type="stmt"/>
        <line num="10" count="0" type="cond" truecount="0" falsecount="2"/>
        <line num="12" count="0" type="stmt"/>
        <line num="13" count="0" type="stmt"/>
        <line num="18" count="0" type="stmt"/>
        <line num="19" count="0" type="stmt"/>
        <line num="20" count="0" type="stmt"/>
        <line num="22" count="0" type="stmt"/>
        <line num="23" count="0" type="stmt"/>
        <line num="28" count="0" type="stmt"/>
        <line num="29" count="0" type="stmt"/>
        <line num="30" count="0" type="stmt"/>
        <line num="32" count="0" type="stmt"/>
        <line num="33" count="0" type="stmt"/>
        <line num="39" count="0" type="stmt"/>
        <line num="40" count="0" type="stmt"/>
      </file>
      <file name="utils.js" path="/Users/batakalaashok/Documents/NeoKPI/src/utils/utils.js">
        <metrics statements="45" coveredstatements="0" conditionals="21" coveredconditionals="0" methods="16" coveredmethods="0"/>
        <line num="6" count="0" type="stmt"/>
        <line num="8" count="0" type="stmt"/>
        <line num="12" count="0" type="stmt"/>
        <line num="13" count="0" type="stmt"/>
        <line num="14" count="0" type="cond" truecount="0" falsecount="5"/>
        <line num="15" count="0" type="stmt"/>
        <line num="16" count="0" type="stmt"/>
        <line num="22" count="0" type="stmt"/>
        <line num="30" count="0" type="stmt"/>
        <line num="31" count="0" type="cond" truecount="0" falsecount="2"/>
        <line num="35" count="0" type="stmt"/>
        <line num="39" count="0" type="stmt"/>
        <line num="43" count="0" type="stmt"/>
        <line num="44" count="0" type="stmt"/>
        <line num="46" count="0" type="cond" truecount="0" falsecount="4"/>
        <line num="49" count="0" type="stmt"/>
        <line num="53" count="0" type="stmt"/>
        <line num="54" count="0" type="stmt"/>
        <line num="55" count="0" type="stmt"/>
        <line num="56" count="0" type="cond" truecount="0" falsecount="2"/>
        <line num="58" count="0" type="stmt"/>
        <line num="59" count="0" type="stmt"/>
        <line num="64" count="0" type="stmt"/>
        <line num="65" count="0" type="cond" truecount="0" falsecount="4"/>
        <line num="67" count="0" type="stmt"/>
        <line num="68" count="0" type="stmt"/>
        <line num="69" count="0" type="stmt"/>
        <line num="74" count="0" type="stmt"/>
        <line num="75" count="0" type="cond" truecount="0" falsecount="2"/>
        <line num="77" count="0" type="stmt"/>
        <line num="82" count="0" type="cond" truecount="0" falsecount="2"/>
        <line num="84" count="0" type="stmt"/>
        <line num="85" count="0" type="stmt"/>
        <line num="86" count="0" type="stmt"/>
        <line num="91" count="0" type="stmt"/>
        <line num="92" count="0" type="stmt"/>
        <line num="93" count="0" type="stmt"/>
        <line num="103" count="0" type="stmt"/>
        <line num="104" count="0" type="stmt"/>
        <line num="110" count="0" type="stmt"/>
        <line num="111" count="0" type="stmt"/>
        <line num="112" count="0" type="stmt"/>
        <line num="113" count="0" type="stmt"/>
        <line num="115" count="0" type="stmt"/>
        <line num="116" count="0" type="stmt"/>
      </file>
    </package>
  </project>
</coverage>
