{"/Users/batakalaashok/Documents/NeoKPI/src/index.js": {"path":"/Users/batakalaashok/Documents/NeoKPI/src/index.js","statementMap":{"0":{"start":{"line":46,"column":0},"end":{"line":46,"column":61}},"1":{"start":{"line":48,"column":0},"end":{"line":4395,"column":5}},"2":{"start":{"line":54,"column":26},"end":{"line":714,"column":3}},"3":{"start":{"line":60,"column":6},"end":{"line":60,"column":33}},"4":{"start":{"line":61,"column":6},"end":{"line":61,"column":35}},"5":{"start":{"line":62,"column":6},"end":{"line":62,"column":91}},"6":{"start":{"line":66,"column":6},"end":{"line":98,"column":9}},"7":{"start":{"line":67,"column":24},"end":{"line":67,"column":67}},"8":{"start":{"line":69,"column":8},"end":{"line":72,"column":10}},"9":{"start":{"line":70,"column":10},"end":{"line":70,"column":48}},"10":{"start":{"line":71,"column":10},"end":{"line":71,"column":32}},"11":{"start":{"line":74,"column":8},"end":{"line":78,"column":10}},"12":{"start":{"line":75,"column":10},"end":{"line":75,"column":35}},"13":{"start":{"line":76,"column":10},"end":{"line":76,"column":53}},"14":{"start":{"line":77,"column":10},"end":{"line":77,"column":27}},"15":{"start":{"line":80,"column":8},"end":{"line":97,"column":10}},"16":{"start":{"line":81,"column":21},"end":{"line":81,"column":40}},"17":{"start":{"line":84,"column":10},"end":{"line":89,"column":11}},"18":{"start":{"line":85,"column":34},"end":{"line":85,"column":90}},"19":{"start":{"line":86,"column":12},"end":{"line":86,"column":83}},"20":{"start":{"line":87,"column":12},"end":{"line":87,"column":85}},"21":{"start":{"line":88,"column":12},"end":{"line":88,"column":55}},"22":{"start":{"line":92,"column":10},"end":{"line":96,"column":11}},"23":{"start":{"line":93,"column":30},"end":{"line":93,"column":82}},"24":{"start":{"line":94,"column":12},"end":{"line":94,"column":79}},"25":{"start":{"line":95,"column":12},"end":{"line":95,"column":51}},"26":{"start":{"line":102,"column":28},"end":{"line":102,"column":40}},"27":{"start":{"line":104,"column":6},"end":{"line":138,"column":8}},"28":{"start":{"line":105,"column":20},"end":{"line":105,"column":27}},"29":{"start":{"line":106,"column":24},"end":{"line":106,"column":31}},"30":{"start":{"line":109,"column":8},"end":{"line":134,"column":9}},"31":{"start":{"line":110,"column":27},"end":{"line":110,"column":55}},"32":{"start":{"line":113,"column":24},"end":{"line":113,"column":40}},"33":{"start":{"line":115,"column":10},"end":{"line":131,"column":11}},"34":{"start":{"line":116,"column":33},"end":{"line":116,"column":51}},"35":{"start":{"line":119,"column":41},"end":{"line":123,"column":13}},"36":{"start":{"line":125,"column":12},"end":{"line":127,"column":13}},"37":{"start":{"line":126,"column":14},"end":{"line":126,"column":60}},"38":{"start":{"line":133,"column":10},"end":{"line":133,"column":26}},"39":{"start":{"line":137,"column":8},"end":{"line":137,"column":38}},"40":{"start":{"line":142,"column":6},"end":{"line":164,"column":7}},"41":{"start":{"line":144,"column":29},"end":{"line":148,"column":9}},"42":{"start":{"line":150,"column":8},"end":{"line":161,"column":9}},"43":{"start":{"line":151,"column":10},"end":{"line":160,"column":11}},"44":{"start":{"line":152,"column":25},"end":{"line":152,"column":56}},"45":{"start":{"line":154,"column":12},"end":{"line":159,"column":13}},"46":{"start":{"line":155,"column":34},"end":{"line":155,"column":72}},"47":{"start":{"line":156,"column":14},"end":{"line":156,"column":64}},"48":{"start":{"line":157,"column":14},"end":{"line":157,"column":79}},"49":{"start":{"line":158,"column":14},"end":{"line":158,"column":20}},"50":{"start":{"line":163,"column":8},"end":{"line":163,"column":79}},"51":{"start":{"line":168,"column":6},"end":{"line":190,"column":7}},"52":{"start":{"line":169,"column":8},"end":{"line":169,"column":49}},"53":{"start":{"line":169,"column":22},"end":{"line":169,"column":49}},"54":{"start":{"line":171,"column":24},"end":{"line":176,"column":9}},"55":{"start":{"line":178,"column":28},"end":{"line":178,"column":70}},"56":{"start":{"line":179,"column":22},"end":{"line":179,"column":53}},"57":{"start":{"line":182,"column":25},"end":{"line":182,"column":64}},"58":{"start":{"line":183,"column":8},"end":{"line":186,"column":9}},"59":{"start":{"line":184,"column":10},"end":{"line":184,"column":48}},"60":{"start":{"line":185,"column":10},"end":{"line":185,"column":77}},"61":{"start":{"line":188,"column":8},"end":{"line":188,"column":79}},"62":{"start":{"line":189,"column":8},"end":{"line":189,"column":20}},"63":{"start":{"line":194,"column":6},"end":{"line":205,"column":7}},"64":{"start":{"line":195,"column":8},"end":{"line":195,"column":49}},"65":{"start":{"line":195,"column":22},"end":{"line":195,"column":49}},"66":{"start":{"line":197,"column":28},"end":{"line":197,"column":69}},"67":{"start":{"line":198,"column":22},"end":{"line":198,"column":53}},"68":{"start":{"line":199,"column":23},"end":{"line":199,"column":62}},"69":{"start":{"line":201,"column":8},"end":{"line":201,"column":35}},"70":{"start":{"line":203,"column":8},"end":{"line":203,"column":81}},"71":{"start":{"line":204,"column":8},"end":{"line":204,"column":20}},"72":{"start":{"line":209,"column":6},"end":{"line":230,"column":7}},"73":{"start":{"line":210,"column":8},"end":{"line":210,"column":49}},"74":{"start":{"line":210,"column":22},"end":{"line":210,"column":49}},"75":{"start":{"line":212,"column":28},"end":{"line":212,"column":69}},"76":{"start":{"line":213,"column":22},"end":{"line":213,"column":53}},"77":{"start":{"line":214,"column":23},"end":{"line":214,"column":56}},"78":{"start":{"line":217,"column":27},"end":{"line":217,"column":29}},"79":{"start":{"line":218,"column":8},"end":{"line":224,"column":11}},"80":{"start":{"line":219,"column":10},"end":{"line":223,"column":12}},"81":{"start":{"line":226,"column":8},"end":{"line":226,"column":26}},"82":{"start":{"line":228,"column":8},"end":{"line":228,"column":86}},"83":{"start":{"line":229,"column":8},"end":{"line":229,"column":20}},"84":{"start":{"line":234,"column":6},"end":{"line":283,"column":7}},"85":{"start":{"line":235,"column":8},"end":{"line":235,"column":49}},"86":{"start":{"line":235,"column":22},"end":{"line":235,"column":49}},"87":{"start":{"line":238,"column":31},"end":{"line":238,"column":75}},"88":{"start":{"line":239,"column":8},"end":{"line":242,"column":9}},"89":{"start":{"line":240,"column":10},"end":{"line":240,"column":85}},"90":{"start":{"line":241,"column":10},"end":{"line":241,"column":40}},"91":{"start":{"line":245,"column":28},"end":{"line":245,"column":62}},"92":{"start":{"line":247,"column":8},"end":{"line":247,"column":72}},"93":{"start":{"line":248,"column":8},"end":{"line":248,"column":52}},"94":{"start":{"line":250,"column":8},"end":{"line":253,"column":9}},"95":{"start":{"line":251,"column":10},"end":{"line":251,"column":70}},"96":{"start":{"line":252,"column":10},"end":{"line":252,"column":22}},"97":{"start":{"line":256,"column":8},"end":{"line":256,"column":76}},"98":{"start":{"line":257,"column":26},"end":{"line":257,"column":62}},"99":{"start":{"line":259,"column":8},"end":{"line":261,"column":9}},"100":{"start":{"line":260,"column":10},"end":{"line":260,"column":96}},"101":{"start":{"line":264,"column":25},"end":{"line":264,"column":47}},"102":{"start":{"line":266,"column":8},"end":{"line":268,"column":9}},"103":{"start":{"line":267,"column":10},"end":{"line":267,"column":77}},"104":{"start":{"line":270,"column":24},"end":{"line":270,"column":45}},"105":{"start":{"line":273,"column":8},"end":{"line":273,"column":75}},"106":{"start":{"line":276,"column":8},"end":{"line":276,"column":47}},"107":{"start":{"line":278,"column":8},"end":{"line":278,"column":23}},"108":{"start":{"line":281,"column":8},"end":{"line":281,"column":87}},"109":{"start":{"line":282,"column":8},"end":{"line":282,"column":20}},"110":{"start":{"line":287,"column":6},"end":{"line":333,"column":7}},"111":{"start":{"line":289,"column":8},"end":{"line":289,"column":59}},"112":{"start":{"line":291,"column":8},"end":{"line":294,"column":9}},"113":{"start":{"line":292,"column":10},"end":{"line":292,"column":58}},"114":{"start":{"line":293,"column":10},"end":{"line":293,"column":22}},"115":{"start":{"line":296,"column":28},"end":{"line":298,"column":9}},"116":{"start":{"line":300,"column":8},"end":{"line":300,"column":94}},"117":{"start":{"line":301,"column":8},"end":{"line":301,"column":53}},"118":{"start":{"line":303,"column":25},"end":{"line":309,"column":10}},"119":{"start":{"line":311,"column":8},"end":{"line":313,"column":9}},"120":{"start":{"line":312,"column":10},"end":{"line":312,"column":72}},"121":{"start":{"line":315,"column":21},"end":{"line":315,"column":42}},"122":{"start":{"line":316,"column":8},"end":{"line":316,"column":52}},"123":{"start":{"line":317,"column":8},"end":{"line":317,"column":34}},"124":{"start":{"line":321,"column":8},"end":{"line":331,"column":9}},"125":{"start":{"line":322,"column":10},"end":{"line":322,"column":95}},"126":{"start":{"line":323,"column":10},"end":{"line":327,"column":12}},"127":{"start":{"line":329,"column":10},"end":{"line":329,"column":66}},"128":{"start":{"line":330,"column":10},"end":{"line":330,"column":92}},"129":{"start":{"line":332,"column":8},"end":{"line":332,"column":20}},"130":{"start":{"line":337,"column":6},"end":{"line":354,"column":7}},"131":{"start":{"line":338,"column":8},"end":{"line":338,"column":66}},"132":{"start":{"line":341,"column":8},"end":{"line":348,"column":9}},"133":{"start":{"line":342,"column":10},"end":{"line":347,"column":11}},"134":{"start":{"line":343,"column":29},"end":{"line":343,"column":48}},"135":{"start":{"line":353,"column":8},"end":{"line":353,"column":86}},"136":{"start":{"line":359,"column":23},"end":{"line":359,"column":50}},"137":{"start":{"line":360,"column":22},"end":{"line":360,"column":50}},"138":{"start":{"line":362,"column":6},"end":{"line":365,"column":7}},"139":{"start":{"line":363,"column":8},"end":{"line":363,"column":67}},"140":{"start":{"line":364,"column":8},"end":{"line":364,"column":15}},"141":{"start":{"line":367,"column":6},"end":{"line":367,"column":89}},"142":{"start":{"line":369,"column":22},"end":{"line":369,"column":58}},"143":{"start":{"line":371,"column":6},"end":{"line":379,"column":7}},"144":{"start":{"line":372,"column":8},"end":{"line":372,"column":103}},"145":{"start":{"line":375,"column":8},"end":{"line":375,"column":60}},"146":{"start":{"line":376,"column":8},"end":{"line":376,"column":96}},"147":{"start":{"line":378,"column":8},"end":{"line":378,"column":96}},"148":{"start":{"line":381,"column":6},"end":{"line":381,"column":21}},"149":{"start":{"line":386,"column":6},"end":{"line":390,"column":9}},"150":{"start":{"line":387,"column":24},"end":{"line":387,"column":38}},"151":{"start":{"line":388,"column":8},"end":{"line":388,"column":58}},"152":{"start":{"line":388,"column":34},"end":{"line":388,"column":57}},"153":{"start":{"line":389,"column":8},"end":{"line":389,"column":54}},"154":{"start":{"line":389,"column":32},"end":{"line":389,"column":53}},"155":{"start":{"line":394,"column":6},"end":{"line":398,"column":9}},"156":{"start":{"line":395,"column":24},"end":{"line":395,"column":39}},"157":{"start":{"line":396,"column":8},"end":{"line":396,"column":58}},"158":{"start":{"line":396,"column":34},"end":{"line":396,"column":57}},"159":{"start":{"line":397,"column":8},"end":{"line":397,"column":54}},"160":{"start":{"line":397,"column":32},"end":{"line":397,"column":53}},"161":{"start":{"line":402,"column":6},"end":{"line":406,"column":9}},"162":{"start":{"line":403,"column":24},"end":{"line":403,"column":38}},"163":{"start":{"line":404,"column":8},"end":{"line":404,"column":58}},"164":{"start":{"line":404,"column":34},"end":{"line":404,"column":57}},"165":{"start":{"line":405,"column":8},"end":{"line":405,"column":54}},"166":{"start":{"line":405,"column":32},"end":{"line":405,"column":53}},"167":{"start":{"line":410,"column":6},"end":{"line":414,"column":9}},"168":{"start":{"line":411,"column":24},"end":{"line":411,"column":41}},"169":{"start":{"line":412,"column":8},"end":{"line":412,"column":58}},"170":{"start":{"line":412,"column":34},"end":{"line":412,"column":57}},"171":{"start":{"line":413,"column":8},"end":{"line":413,"column":54}},"172":{"start":{"line":413,"column":32},"end":{"line":413,"column":53}},"173":{"start":{"line":418,"column":6},"end":{"line":425,"column":7}},"174":{"start":{"line":419,"column":28},"end":{"line":419,"column":73}},"175":{"start":{"line":420,"column":22},"end":{"line":420,"column":57}},"176":{"start":{"line":421,"column":8},"end":{"line":421,"column":55}},"177":{"start":{"line":423,"column":8},"end":{"line":423,"column":77}},"178":{"start":{"line":424,"column":8},"end":{"line":424,"column":20}},"179":{"start":{"line":429,"column":6},"end":{"line":458,"column":7}},"180":{"start":{"line":430,"column":29},"end":{"line":438,"column":9}},"181":{"start":{"line":440,"column":28},"end":{"line":440,"column":82}},"182":{"start":{"line":443,"column":30},"end":{"line":443,"column":65}},"183":{"start":{"line":444,"column":8},"end":{"line":444,"column":59}},"184":{"start":{"line":447,"column":26},"end":{"line":447,"column":57}},"185":{"start":{"line":448,"column":24},"end":{"line":448,"column":67}},"186":{"start":{"line":449,"column":8},"end":{"line":453,"column":9}},"187":{"start":{"line":450,"column":10},"end":{"line":450,"column":36}},"188":{"start":{"line":451,"column":10},"end":{"line":451,"column":58}},"189":{"start":{"line":452,"column":10},"end":{"line":452,"column":52}},"190":{"start":{"line":455,"column":8},"end":{"line":455,"column":122}},"191":{"start":{"line":457,"column":8},"end":{"line":457,"column":75}},"192":{"start":{"line":464,"column":6},"end":{"line":498,"column":7}},"193":{"start":{"line":466,"column":31},"end":{"line":472,"column":9}},"194":{"start":{"line":475,"column":28},"end":{"line":475,"column":67}},"195":{"start":{"line":478,"column":22},"end":{"line":478,"column":60}},"196":{"start":{"line":479,"column":25},"end":{"line":479,"column":66}},"197":{"start":{"line":481,"column":8},"end":{"line":481,"column":62}},"198":{"start":{"line":484,"column":21},"end":{"line":484,"column":89}},"199":{"start":{"line":487,"column":8},"end":{"line":492,"column":9}},"200":{"start":{"line":488,"column":10},"end":{"line":488,"column":54}},"201":{"start":{"line":491,"column":10},"end":{"line":491,"column":48}},"202":{"start":{"line":494,"column":8},"end":{"line":494,"column":67}},"203":{"start":{"line":496,"column":8},"end":{"line":496,"column":71}},"204":{"start":{"line":497,"column":8},"end":{"line":497,"column":88}},"205":{"start":{"line":503,"column":6},"end":{"line":520,"column":7}},"206":{"start":{"line":504,"column":27},"end":{"line":510,"column":10}},"207":{"start":{"line":512,"column":25},"end":{"line":512,"column":58}},"208":{"start":{"line":513,"column":8},"end":{"line":513,"column":35}},"209":{"start":{"line":514,"column":8},"end":{"line":514,"column":31}},"210":{"start":{"line":516,"column":8},"end":{"line":516,"column":74}},"211":{"start":{"line":518,"column":8},"end":{"line":518,"column":87}},"212":{"start":{"line":519,"column":8},"end":{"line":519,"column":46}},"213":{"start":{"line":525,"column":6},"end":{"line":552,"column":7}},"214":{"start":{"line":526,"column":20},"end":{"line":526,"column":45}},"215":{"start":{"line":527,"column":21},"end":{"line":527,"column":48}},"216":{"start":{"line":530,"column":8},"end":{"line":530,"column":24}},"217":{"start":{"line":531,"column":8},"end":{"line":531,"column":33}},"218":{"start":{"line":532,"column":8},"end":{"line":532,"column":36}},"219":{"start":{"line":535,"column":8},"end":{"line":535,"column":40}},"220":{"start":{"line":538,"column":8},"end":{"line":546,"column":15}},"221":{"start":{"line":539,"column":10},"end":{"line":539,"column":23}},"222":{"start":{"line":542,"column":10},"end":{"line":545,"column":18}},"223":{"start":{"line":543,"column":12},"end":{"line":543,"column":44}},"224":{"start":{"line":544,"column":12},"end":{"line":544,"column":37}},"225":{"start":{"line":548,"column":8},"end":{"line":548,"column":69}},"226":{"start":{"line":550,"column":8},"end":{"line":550,"column":60}},"227":{"start":{"line":551,"column":8},"end":{"line":551,"column":20}},"228":{"start":{"line":557,"column":6},"end":{"line":557,"column":35}},"229":{"start":{"line":557,"column":20},"end":{"line":557,"column":35}},"230":{"start":{"line":559,"column":22},"end":{"line":559,"column":36}},"231":{"start":{"line":560,"column":6},"end":{"line":567,"column":7}},"232":{"start":{"line":561,"column":8},"end":{"line":566,"column":9}},"233":{"start":{"line":562,"column":10},"end":{"line":562,"column":30}},"234":{"start":{"line":563,"column":10},"end":{"line":563,"column":24}},"235":{"start":{"line":565,"column":10},"end":{"line":565,"column":24}},"236":{"start":{"line":569,"column":6},"end":{"line":569,"column":20}},"237":{"start":{"line":574,"column":6},"end":{"line":603,"column":7}},"238":{"start":{"line":575,"column":8},"end":{"line":575,"column":49}},"239":{"start":{"line":575,"column":22},"end":{"line":575,"column":49}},"240":{"start":{"line":577,"column":28},"end":{"line":577,"column":81}},"241":{"start":{"line":580,"column":26},"end":{"line":580,"column":57}},"242":{"start":{"line":581,"column":24},"end":{"line":581,"column":61}},"243":{"start":{"line":584,"column":30},"end":{"line":584,"column":65}},"244":{"start":{"line":585,"column":28},"end":{"line":585,"column":69}},"245":{"start":{"line":587,"column":22},"end":{"line":587,"column":36}},"246":{"start":{"line":588,"column":27},"end":{"line":588,"column":73}},"247":{"start":{"line":588,"column":50},"end":{"line":588,"column":65}},"248":{"start":{"line":589,"column":26},"end":{"line":589,"column":86}},"249":{"start":{"line":589,"column":60},"end":{"line":589,"column":82}},"250":{"start":{"line":591,"column":8},"end":{"line":599,"column":10}},"251":{"start":{"line":601,"column":8},"end":{"line":601,"column":69}},"252":{"start":{"line":602,"column":8},"end":{"line":602,"column":20}},"253":{"start":{"line":608,"column":6},"end":{"line":653,"column":7}},"254":{"start":{"line":609,"column":8},"end":{"line":609,"column":49}},"255":{"start":{"line":609,"column":22},"end":{"line":609,"column":49}},"256":{"start":{"line":611,"column":27},"end":{"line":611,"column":37}},"257":{"start":{"line":612,"column":8},"end":{"line":612,"column":64}},"258":{"start":{"line":614,"column":28},"end":{"line":614,"column":82}},"259":{"start":{"line":617,"column":26},"end":{"line":617,"column":57}},"260":{"start":{"line":618,"column":24},"end":{"line":618,"column":61}},"261":{"start":{"line":620,"column":8},"end":{"line":630,"column":9}},"262":{"start":{"line":622,"column":25},"end":{"line":622,"column":87}},"263":{"start":{"line":622,"column":48},"end":{"line":622,"column":86}},"264":{"start":{"line":623,"column":27},"end":{"line":623,"column":70}},"265":{"start":{"line":625,"column":10},"end":{"line":627,"column":11}},"266":{"start":{"line":626,"column":12},"end":{"line":626,"column":64}},"267":{"start":{"line":629,"column":10},"end":{"line":629,"column":84}},"268":{"start":{"line":633,"column":30},"end":{"line":633,"column":65}},"269":{"start":{"line":634,"column":28},"end":{"line":634,"column":69}},"270":{"start":{"line":636,"column":30},"end":{"line":636,"column":31}},"271":{"start":{"line":637,"column":8},"end":{"line":643,"column":9}},"272":{"start":{"line":638,"column":27},"end":{"line":638,"column":51}},"273":{"start":{"line":639,"column":10},"end":{"line":642,"column":11}},"274":{"start":{"line":640,"column":12},"end":{"line":640,"column":68}},"275":{"start":{"line":641,"column":12},"end":{"line":641,"column":30}},"276":{"start":{"line":645,"column":8},"end":{"line":647,"column":9}},"277":{"start":{"line":646,"column":10},"end":{"line":646,"column":89}},"278":{"start":{"line":649,"column":8},"end":{"line":649,"column":20}},"279":{"start":{"line":651,"column":8},"end":{"line":651,"column":67}},"280":{"start":{"line":652,"column":8},"end":{"line":652,"column":20}},"281":{"start":{"line":658,"column":6},"end":{"line":685,"column":7}},"282":{"start":{"line":659,"column":8},"end":{"line":659,"column":49}},"283":{"start":{"line":659,"column":22},"end":{"line":659,"column":49}},"284":{"start":{"line":661,"column":28},"end":{"line":661,"column":82}},"285":{"start":{"line":664,"column":26},"end":{"line":664,"column":57}},"286":{"start":{"line":665,"column":30},"end":{"line":665,"column":65}},"287":{"start":{"line":667,"column":8},"end":{"line":671,"column":11}},"288":{"start":{"line":668,"column":28},"end":{"line":668,"column":45}},"289":{"start":{"line":669,"column":10},"end":{"line":669,"column":40}},"290":{"start":{"line":670,"column":10},"end":{"line":670,"column":37}},"291":{"start":{"line":673,"column":8},"end":{"line":677,"column":11}},"292":{"start":{"line":674,"column":32},"end":{"line":674,"column":53}},"293":{"start":{"line":675,"column":10},"end":{"line":675,"column":44}},"294":{"start":{"line":676,"column":10},"end":{"line":676,"column":41}},"295":{"start":{"line":679,"column":8},"end":{"line":679,"column":57}},"296":{"start":{"line":681,"column":8},"end":{"line":681,"column":20}},"297":{"start":{"line":683,"column":8},"end":{"line":683,"column":64}},"298":{"start":{"line":684,"column":8},"end":{"line":684,"column":20}},"299":{"start":{"line":690,"column":6},"end":{"line":712,"column":9}},"300":{"start":{"line":691,"column":8},"end":{"line":694,"column":9}},"301":{"start":{"line":692,"column":10},"end":{"line":692,"column":26}},"302":{"start":{"line":693,"column":10},"end":{"line":693,"column":25}},"303":{"start":{"line":696,"column":30},"end":{"line":696,"column":67}},"304":{"start":{"line":698,"column":8},"end":{"line":701,"column":10}},"305":{"start":{"line":699,"column":10},"end":{"line":699,"column":63}},"306":{"start":{"line":700,"column":10},"end":{"line":700,"column":20}},"307":{"start":{"line":703,"column":8},"end":{"line":706,"column":10}},"308":{"start":{"line":704,"column":10},"end":{"line":704,"column":57}},"309":{"start":{"line":705,"column":10},"end":{"line":705,"column":38}},"310":{"start":{"line":708,"column":8},"end":{"line":711,"column":10}},"311":{"start":{"line":709,"column":10},"end":{"line":709,"column":69}},"312":{"start":{"line":710,"column":10},"end":{"line":710,"column":57}},"313":{"start":{"line":719,"column":21},"end":{"line":844,"column":3}},"314":{"start":{"line":722,"column":31},"end":{"line":722,"column":57}},"315":{"start":{"line":723,"column":28},"end":{"line":723,"column":60}},"316":{"start":{"line":725,"column":6},"end":{"line":725,"column":54}},"317":{"start":{"line":726,"column":6},"end":{"line":726,"column":76}},"318":{"start":{"line":727,"column":6},"end":{"line":727,"column":109}},"319":{"start":{"line":728,"column":6},"end":{"line":728,"column":87}},"320":{"start":{"line":729,"column":6},"end":{"line":729,"column":103}},"321":{"start":{"line":730,"column":6},"end":{"line":730,"column":65}},"322":{"start":{"line":732,"column":6},"end":{"line":736,"column":8}},"323":{"start":{"line":738,"column":6},"end":{"line":744,"column":8}},"324":{"start":{"line":748,"column":18},"end":{"line":748,"column":19}},"325":{"start":{"line":749,"column":6},"end":{"line":753,"column":7}},"326":{"start":{"line":750,"column":8},"end":{"line":752,"column":9}},"327":{"start":{"line":751,"column":10},"end":{"line":751,"column":63}},"328":{"start":{"line":754,"column":6},"end":{"line":754,"column":19}},"329":{"start":{"line":759,"column":24},"end":{"line":761,"column":7}},"330":{"start":{"line":763,"column":6},"end":{"line":763,"column":29}},"331":{"start":{"line":763,"column":22},"end":{"line":763,"column":29}},"332":{"start":{"line":765,"column":6},"end":{"line":778,"column":7}},"333":{"start":{"line":767,"column":8},"end":{"line":767,"column":31}},"334":{"start":{"line":768,"column":8},"end":{"line":768,"column":42}},"335":{"start":{"line":771,"column":8},"end":{"line":771,"column":41}},"336":{"start":{"line":772,"column":8},"end":{"line":772,"column":39}},"337":{"start":{"line":774,"column":8},"end":{"line":774,"column":79}},"338":{"start":{"line":776,"column":8},"end":{"line":776,"column":59}},"339":{"start":{"line":777,"column":8},"end":{"line":777,"column":85}},"340":{"start":{"line":783,"column":24},"end":{"line":785,"column":7}},"341":{"start":{"line":787,"column":6},"end":{"line":787,"column":29}},"342":{"start":{"line":787,"column":22},"end":{"line":787,"column":29}},"343":{"start":{"line":789,"column":6},"end":{"line":795,"column":7}},"344":{"start":{"line":790,"column":8},"end":{"line":790,"column":47}},"345":{"start":{"line":791,"column":8},"end":{"line":791,"column":89}},"346":{"start":{"line":793,"column":8},"end":{"line":793,"column":73}},"347":{"start":{"line":794,"column":8},"end":{"line":794,"column":89}},"348":{"start":{"line":800,"column":6},"end":{"line":810,"column":7}},"349":{"start":{"line":801,"column":23},"end":{"line":801,"column":88}},"350":{"start":{"line":802,"column":8},"end":{"line":806,"column":9}},"351":{"start":{"line":803,"column":10},"end":{"line":803,"column":105}},"352":{"start":{"line":805,"column":10},"end":{"line":805,"column":66}},"353":{"start":{"line":808,"column":8},"end":{"line":808,"column":60}},"354":{"start":{"line":809,"column":8},"end":{"line":809,"column":79}},"355":{"start":{"line":815,"column":6},"end":{"line":842,"column":7}},"356":{"start":{"line":816,"column":24},"end":{"line":816,"column":66}},"357":{"start":{"line":817,"column":22},"end":{"line":817,"column":54}},"358":{"start":{"line":819,"column":8},"end":{"line":819,"column":47}},"359":{"start":{"line":820,"column":8},"end":{"line":820,"column":42}},"360":{"start":{"line":821,"column":8},"end":{"line":821,"column":42}},"361":{"start":{"line":824,"column":27},"end":{"line":828,"column":9}},"362":{"start":{"line":830,"column":21},"end":{"line":830,"column":98}},"363":{"start":{"line":831,"column":20},"end":{"line":831,"column":45}},"364":{"start":{"line":832,"column":21},"end":{"line":832,"column":48}},"365":{"start":{"line":833,"column":8},"end":{"line":833,"column":24}},"366":{"start":{"line":834,"column":8},"end":{"line":834,"column":89}},"367":{"start":{"line":835,"column":8},"end":{"line":835,"column":21}},"368":{"start":{"line":836,"column":8},"end":{"line":836,"column":33}},"369":{"start":{"line":838,"column":8},"end":{"line":838,"column":72}},"370":{"start":{"line":840,"column":8},"end":{"line":840,"column":64}},"371":{"start":{"line":841,"column":8},"end":{"line":841,"column":78}},"372":{"start":{"line":849,"column":23},"end":{"line":961,"column":3}},"373":{"start":{"line":851,"column":6},"end":{"line":851,"column":65}},"374":{"start":{"line":855,"column":20},"end":{"line":855,"column":38}},"375":{"start":{"line":856,"column":23},"end":{"line":856,"column":37}},"376":{"start":{"line":859,"column":6},"end":{"line":861,"column":7}},"377":{"start":{"line":860,"column":8},"end":{"line":860,"column":24}},"378":{"start":{"line":863,"column":6},"end":{"line":863,"column":43}},"379":{"start":{"line":867,"column":20},"end":{"line":867,"column":38}},"380":{"start":{"line":868,"column":23},"end":{"line":868,"column":37}},"381":{"start":{"line":871,"column":6},"end":{"line":873,"column":7}},"382":{"start":{"line":872,"column":8},"end":{"line":872,"column":18}},"383":{"start":{"line":875,"column":6},"end":{"line":875,"column":51}},"384":{"start":{"line":879,"column":6},"end":{"line":879,"column":33}},"385":{"start":{"line":879,"column":20},"end":{"line":879,"column":33}},"386":{"start":{"line":881,"column":20},"end":{"line":881,"column":38}},"387":{"start":{"line":882,"column":26},"end":{"line":882,"column":66}},"388":{"start":{"line":883,"column":22},"end":{"line":883,"column":67}},"389":{"start":{"line":884,"column":24},"end":{"line":884,"column":64}},"390":{"start":{"line":886,"column":6},"end":{"line":895,"column":7}},"391":{"start":{"line":887,"column":8},"end":{"line":892,"column":10}},"392":{"start":{"line":894,"column":8},"end":{"line":894,"column":30}},"393":{"start":{"line":897,"column":6},"end":{"line":897,"column":66}},"394":{"start":{"line":901,"column":6},"end":{"line":901,"column":33}},"395":{"start":{"line":901,"column":20},"end":{"line":901,"column":33}},"396":{"start":{"line":903,"column":20},"end":{"line":903,"column":38}},"397":{"start":{"line":904,"column":6},"end":{"line":904,"column":28}},"398":{"start":{"line":905,"column":6},"end":{"line":905,"column":66}},"399":{"start":{"line":909,"column":6},"end":{"line":909,"column":62}},"400":{"start":{"line":913,"column":20},"end":{"line":913,"column":38}},"401":{"start":{"line":914,"column":22},"end":{"line":914,"column":43}},"402":{"start":{"line":916,"column":6},"end":{"line":919,"column":7}},"403":{"start":{"line":917,"column":8},"end":{"line":917,"column":36}},"404":{"start":{"line":918,"column":8},"end":{"line":918,"column":15}},"405":{"start":{"line":921,"column":25},"end":{"line":921,"column":57}},"406":{"start":{"line":922,"column":6},"end":{"line":922,"column":35}},"407":{"start":{"line":926,"column":22},"end":{"line":926,"column":78}},"408":{"start":{"line":927,"column":19},"end":{"line":940,"column":8}},"409":{"start":{"line":929,"column":8},"end":{"line":931,"column":9}},"410":{"start":{"line":930,"column":10},"end":{"line":930,"column":56}},"411":{"start":{"line":933,"column":8},"end":{"line":939,"column":10}},"412":{"start":{"line":942,"column":6},"end":{"line":944,"column":20}},"413":{"start":{"line":943,"column":20},"end":{"line":943,"column":78}},"414":{"start":{"line":943,"column":37},"end":{"line":943,"column":77}},"415":{"start":{"line":948,"column":19},"end":{"line":948,"column":78}},"416":{"start":{"line":949,"column":19},"end":{"line":949,"column":46}},"417":{"start":{"line":950,"column":18},"end":{"line":950,"column":43}},"418":{"start":{"line":952,"column":6},"end":{"line":952,"column":37}},"419":{"start":{"line":953,"column":6},"end":{"line":953,"column":103}},"420":{"start":{"line":954,"column":6},"end":{"line":954,"column":39}},"421":{"start":{"line":956,"column":6},"end":{"line":956,"column":38}},"422":{"start":{"line":957,"column":6},"end":{"line":957,"column":19}},"423":{"start":{"line":958,"column":6},"end":{"line":958,"column":38}},"424":{"start":{"line":959,"column":6},"end":{"line":959,"column":31}},"425":{"start":{"line":966,"column":24},"end":{"line":1006,"column":3}},"426":{"start":{"line":968,"column":6},"end":{"line":970,"column":7}},"427":{"start":{"line":969,"column":8},"end":{"line":969,"column":42}},"428":{"start":{"line":972,"column":20},"end":{"line":972,"column":46}},"429":{"start":{"line":973,"column":23},"end":{"line":973,"column":25}},"430":{"start":{"line":975,"column":6},"end":{"line":997,"column":9}},"431":{"start":{"line":976,"column":8},"end":{"line":996,"column":9}},"432":{"start":{"line":977,"column":26},"end":{"line":977,"column":45}},"433":{"start":{"line":980,"column":10},"end":{"line":983,"column":11}},"434":{"start":{"line":981,"column":32},"end":{"line":981,"column":81}},"435":{"start":{"line":982,"column":12},"end":{"line":982,"column":69}},"436":{"start":{"line":985,"column":24},"end":{"line":985,"column":29}},"437":{"start":{"line":987,"column":10},"end":{"line":991,"column":11}},"438":{"start":{"line":988,"column":12},"end":{"line":988,"column":71}},"439":{"start":{"line":988,"column":46},"end":{"line":988,"column":69}},"440":{"start":{"line":990,"column":12},"end":{"line":990,"column":70}},"441":{"start":{"line":990,"column":45},"end":{"line":990,"column":68}},"442":{"start":{"line":993,"column":10},"end":{"line":995,"column":11}},"443":{"start":{"line":994,"column":12},"end":{"line":994,"column":41}},"444":{"start":{"line":999,"column":6},"end":{"line":999,"column":22}},"445":{"start":{"line":1003,"column":28},"end":{"line":1003,"column":85}},"446":{"start":{"line":1004,"column":6},"end":{"line":1004,"column":47}},"447":{"start":{"line":1011,"column":24},"end":{"line":1159,"column":3}},"448":{"start":{"line":1020,"column":6},"end":{"line":1020,"column":28}},"449":{"start":{"line":1020,"column":18},"end":{"line":1020,"column":28}},"450":{"start":{"line":1022,"column":6},"end":{"line":1025,"column":37}},"451":{"start":{"line":1024,"column":19},"end":{"line":1024,"column":28}},"452":{"start":{"line":1025,"column":22},"end":{"line":1025,"column":35}},"453":{"start":{"line":1029,"column":23},"end":{"line":1029,"column":48}},"454":{"start":{"line":1030,"column":6},"end":{"line":1030,"column":37}},"455":{"start":{"line":1031,"column":6},"end":{"line":1031,"column":35}},"456":{"start":{"line":1032,"column":6},"end":{"line":1032,"column":52}},"457":{"start":{"line":1033,"column":6},"end":{"line":1033,"column":57}},"458":{"start":{"line":1034,"column":6},"end":{"line":1034,"column":28}},"459":{"start":{"line":1035,"column":6},"end":{"line":1035,"column":29}},"460":{"start":{"line":1039,"column":6},"end":{"line":1039,"column":77}},"461":{"start":{"line":1043,"column":20},"end":{"line":1043,"column":71}},"462":{"start":{"line":1044,"column":6},"end":{"line":1047,"column":7}},"463":{"start":{"line":1045,"column":8},"end":{"line":1045,"column":49}},"464":{"start":{"line":1046,"column":8},"end":{"line":1046,"column":46}},"465":{"start":{"line":1048,"column":6},"end":{"line":1048,"column":19}},"466":{"start":{"line":1052,"column":6},"end":{"line":1057,"column":8}},"467":{"start":{"line":1058,"column":6},"end":{"line":1058,"column":68}},"468":{"start":{"line":1062,"column":6},"end":{"line":1062,"column":66}},"469":{"start":{"line":1066,"column":6},"end":{"line":1066,"column":70}},"470":{"start":{"line":1070,"column":6},"end":{"line":1070,"column":41}},"471":{"start":{"line":1074,"column":6},"end":{"line":1078,"column":7}},"472":{"start":{"line":1075,"column":8},"end":{"line":1075,"column":34}},"473":{"start":{"line":1076,"column":8},"end":{"line":1076,"column":30}},"474":{"start":{"line":1077,"column":8},"end":{"line":1077,"column":38}},"475":{"start":{"line":1079,"column":6},"end":{"line":1079,"column":18}},"476":{"start":{"line":1083,"column":6},"end":{"line":1087,"column":7}},"477":{"start":{"line":1084,"column":8},"end":{"line":1084,"column":34}},"478":{"start":{"line":1085,"column":8},"end":{"line":1085,"column":30}},"479":{"start":{"line":1086,"column":8},"end":{"line":1086,"column":38}},"480":{"start":{"line":1088,"column":6},"end":{"line":1088,"column":18}},"481":{"start":{"line":1092,"column":6},"end":{"line":1092,"column":46}},"482":{"start":{"line":1092,"column":36},"end":{"line":1092,"column":46}},"483":{"start":{"line":1093,"column":6},"end":{"line":1093,"column":78}},"484":{"start":{"line":1098,"column":6},"end":{"line":1103,"column":8}},"485":{"start":{"line":1108,"column":6},"end":{"line":1112,"column":7}},"486":{"start":{"line":1109,"column":8},"end":{"line":1109,"column":40}},"487":{"start":{"line":1110,"column":8},"end":{"line":1110,"column":30}},"488":{"start":{"line":1111,"column":8},"end":{"line":1111,"column":38}},"489":{"start":{"line":1113,"column":6},"end":{"line":1113,"column":18}},"490":{"start":{"line":1117,"column":6},"end":{"line":1119,"column":7}},"491":{"start":{"line":1118,"column":8},"end":{"line":1118,"column":32}},"492":{"start":{"line":1121,"column":26},"end":{"line":1121,"column":112}},"493":{"start":{"line":1122,"column":27},"end":{"line":1122,"column":49}},"494":{"start":{"line":1123,"column":27},"end":{"line":1123,"column":60}},"495":{"start":{"line":1125,"column":6},"end":{"line":1133,"column":7}},"496":{"start":{"line":1126,"column":26},"end":{"line":1126,"column":55}},"497":{"start":{"line":1127,"column":26},"end":{"line":1127,"column":64}},"498":{"start":{"line":1128,"column":8},"end":{"line":1132,"column":9}},"499":{"start":{"line":1129,"column":10},"end":{"line":1129,"column":46}},"500":{"start":{"line":1130,"column":10},"end":{"line":1130,"column":32}},"501":{"start":{"line":1131,"column":10},"end":{"line":1131,"column":27}},"502":{"start":{"line":1135,"column":6},"end":{"line":1135,"column":18}},"503":{"start":{"line":1139,"column":6},"end":{"line":1141,"column":7}},"504":{"start":{"line":1140,"column":8},"end":{"line":1140,"column":32}},"505":{"start":{"line":1143,"column":26},"end":{"line":1143,"column":112}},"506":{"start":{"line":1144,"column":27},"end":{"line":1144,"column":49}},"507":{"start":{"line":1145,"column":27},"end":{"line":1145,"column":60}},"508":{"start":{"line":1147,"column":6},"end":{"line":1155,"column":7}},"509":{"start":{"line":1148,"column":26},"end":{"line":1148,"column":55}},"510":{"start":{"line":1149,"column":26},"end":{"line":1149,"column":64}},"511":{"start":{"line":1150,"column":8},"end":{"line":1154,"column":9}},"512":{"start":{"line":1151,"column":10},"end":{"line":1151,"column":46}},"513":{"start":{"line":1152,"column":10},"end":{"line":1152,"column":32}},"514":{"start":{"line":1153,"column":10},"end":{"line":1153,"column":27}},"515":{"start":{"line":1157,"column":6},"end":{"line":1157,"column":18}},"516":{"start":{"line":1164,"column":19},"end":{"line":1192,"column":3}},"517":{"start":{"line":1174,"column":6},"end":{"line":1174,"column":44}},"518":{"start":{"line":1178,"column":6},"end":{"line":1178,"column":49}},"519":{"start":{"line":1182,"column":6},"end":{"line":1182,"column":45}},"520":{"start":{"line":1186,"column":6},"end":{"line":1186,"column":39}},"521":{"start":{"line":1190,"column":6},"end":{"line":1190,"column":45}},"522":{"start":{"line":1197,"column":27},"end":{"line":1315,"column":3}},"523":{"start":{"line":1204,"column":6},"end":{"line":1204,"column":36}},"524":{"start":{"line":1208,"column":21},"end":{"line":1208,"column":40}},"525":{"start":{"line":1209,"column":18},"end":{"line":1209,"column":41}},"526":{"start":{"line":1211,"column":6},"end":{"line":1211,"column":41}},"527":{"start":{"line":1212,"column":6},"end":{"line":1212,"column":48}},"528":{"start":{"line":1213,"column":6},"end":{"line":1213,"column":38}},"529":{"start":{"line":1217,"column":21},"end":{"line":1217,"column":53}},"530":{"start":{"line":1218,"column":6},"end":{"line":1218,"column":37}},"531":{"start":{"line":1219,"column":6},"end":{"line":1228,"column":8}},"532":{"start":{"line":1230,"column":6},"end":{"line":1230,"column":40}},"533":{"start":{"line":1231,"column":6},"end":{"line":1231,"column":20}},"534":{"start":{"line":1235,"column":6},"end":{"line":1235,"column":39}},"535":{"start":{"line":1236,"column":6},"end":{"line":1236,"column":41}},"536":{"start":{"line":1240,"column":24},"end":{"line":1240,"column":26}},"537":{"start":{"line":1241,"column":24},"end":{"line":1241,"column":26}},"538":{"start":{"line":1242,"column":23},"end":{"line":1242,"column":27}},"539":{"start":{"line":1243,"column":24},"end":{"line":1243,"column":34}},"540":{"start":{"line":1245,"column":22},"end":{"line":1269,"column":7}},"541":{"start":{"line":1246,"column":24},"end":{"line":1246,"column":46}},"542":{"start":{"line":1248,"column":8},"end":{"line":1254,"column":9}},"543":{"start":{"line":1249,"column":10},"end":{"line":1249,"column":57}},"544":{"start":{"line":1250,"column":10},"end":{"line":1253,"column":11}},"545":{"start":{"line":1251,"column":12},"end":{"line":1251,"column":46}},"546":{"start":{"line":1252,"column":12},"end":{"line":1252,"column":19}},"547":{"start":{"line":1256,"column":8},"end":{"line":1256,"column":57}},"548":{"start":{"line":1259,"column":8},"end":{"line":1262,"column":9}},"549":{"start":{"line":1260,"column":27},"end":{"line":1260,"column":54}},"550":{"start":{"line":1261,"column":10},"end":{"line":1261,"column":35}},"551":{"start":{"line":1265,"column":8},"end":{"line":1265,"column":56}},"552":{"start":{"line":1266,"column":8},"end":{"line":1266,"column":45}},"553":{"start":{"line":1268,"column":8},"end":{"line":1268,"column":39}},"554":{"start":{"line":1271,"column":6},"end":{"line":1271,"column":16}},"555":{"start":{"line":1275,"column":21},"end":{"line":1275,"column":49}},"556":{"start":{"line":1276,"column":21},"end":{"line":1276,"column":34}},"557":{"start":{"line":1277,"column":22},"end":{"line":1277,"column":50}},"558":{"start":{"line":1278,"column":22},"end":{"line":1278,"column":57}},"559":{"start":{"line":1279,"column":20},"end":{"line":1279,"column":79}},"560":{"start":{"line":1281,"column":6},"end":{"line":1281,"column":67}},"561":{"start":{"line":1285,"column":6},"end":{"line":1292,"column":7}},"562":{"start":{"line":1285,"column":19},"end":{"line":1285,"column":39}},"563":{"start":{"line":1286,"column":8},"end":{"line":1291,"column":9}},"564":{"start":{"line":1287,"column":10},"end":{"line":1287,"column":42}},"565":{"start":{"line":1288,"column":10},"end":{"line":1288,"column":33}},"566":{"start":{"line":1290,"column":10},"end":{"line":1290,"column":33}},"567":{"start":{"line":1296,"column":6},"end":{"line":1302,"column":7}},"568":{"start":{"line":1296,"column":19},"end":{"line":1296,"column":39}},"569":{"start":{"line":1297,"column":8},"end":{"line":1301,"column":9}},"570":{"start":{"line":1298,"column":10},"end":{"line":1298,"column":33}},"571":{"start":{"line":1300,"column":10},"end":{"line":1300,"column":33}},"572":{"start":{"line":1306,"column":6},"end":{"line":1306,"column":64}},"573":{"start":{"line":1310,"column":6},"end":{"line":1313,"column":9}},"574":{"start":{"line":1311,"column":8},"end":{"line":1311,"column":41}},"575":{"start":{"line":1312,"column":8},"end":{"line":1312,"column":43}},"576":{"start":{"line":1320,"column":6},"end":{"line":1320,"column":17}},"577":{"start":{"line":1321,"column":6},"end":{"line":1321,"column":17}},"578":{"start":{"line":1322,"column":6},"end":{"line":1322,"column":29}},"579":{"start":{"line":1323,"column":6},"end":{"line":1323,"column":29}},"580":{"start":{"line":1324,"column":6},"end":{"line":1324,"column":25}},"581":{"start":{"line":1325,"column":6},"end":{"line":1325,"column":22}},"582":{"start":{"line":1326,"column":6},"end":{"line":1326,"column":56}},"583":{"start":{"line":1327,"column":6},"end":{"line":1327,"column":50}},"584":{"start":{"line":1328,"column":6},"end":{"line":1328,"column":50}},"585":{"start":{"line":1329,"column":6},"end":{"line":1329,"column":81}},"586":{"start":{"line":1330,"column":6},"end":{"line":1330,"column":32}},"587":{"start":{"line":1334,"column":6},"end":{"line":1334,"column":24}},"588":{"start":{"line":1335,"column":6},"end":{"line":1335,"column":24}},"589":{"start":{"line":1336,"column":6},"end":{"line":1336,"column":42}},"590":{"start":{"line":1338,"column":6},"end":{"line":1338,"column":59}},"591":{"start":{"line":1342,"column":6},"end":{"line":1342,"column":17}},"592":{"start":{"line":1343,"column":6},"end":{"line":1343,"column":22}},"593":{"start":{"line":1344,"column":6},"end":{"line":1344,"column":49}},"594":{"start":{"line":1345,"column":6},"end":{"line":1345,"column":33}},"595":{"start":{"line":1346,"column":6},"end":{"line":1346,"column":17}},"596":{"start":{"line":1348,"column":6},"end":{"line":1348,"column":26}},"597":{"start":{"line":1349,"column":6},"end":{"line":1349,"column":35}},"598":{"start":{"line":1350,"column":6},"end":{"line":1350,"column":22}},"599":{"start":{"line":1351,"column":6},"end":{"line":1351,"column":49}},"600":{"start":{"line":1352,"column":6},"end":{"line":1352,"column":17}},"601":{"start":{"line":1353,"column":6},"end":{"line":1353,"column":20}},"602":{"start":{"line":1357,"column":28},"end":{"line":1357,"column":51}},"603":{"start":{"line":1358,"column":6},"end":{"line":1360,"column":7}},"604":{"start":{"line":1358,"column":19},"end":{"line":1358,"column":20}},"605":{"start":{"line":1359,"column":8},"end":{"line":1359,"column":77}},"606":{"start":{"line":1367,"column":6},"end":{"line":1367,"column":17}},"607":{"start":{"line":1368,"column":6},"end":{"line":1368,"column":17}},"608":{"start":{"line":1369,"column":6},"end":{"line":1369,"column":25}},"609":{"start":{"line":1370,"column":6},"end":{"line":1370,"column":23}},"610":{"start":{"line":1371,"column":6},"end":{"line":1371,"column":47}},"611":{"start":{"line":1372,"column":6},"end":{"line":1372,"column":41}},"612":{"start":{"line":1373,"column":6},"end":{"line":1373,"column":47}},"613":{"start":{"line":1374,"column":6},"end":{"line":1374,"column":50}},"614":{"start":{"line":1375,"column":6},"end":{"line":1375,"column":50}},"615":{"start":{"line":1376,"column":6},"end":{"line":1376,"column":26}},"616":{"start":{"line":1377,"column":6},"end":{"line":1377,"column":27}},"617":{"start":{"line":1378,"column":6},"end":{"line":1378,"column":40}},"618":{"start":{"line":1382,"column":6},"end":{"line":1382,"column":30}},"619":{"start":{"line":1383,"column":6},"end":{"line":1383,"column":31}},"620":{"start":{"line":1384,"column":6},"end":{"line":1384,"column":31}},"621":{"start":{"line":1386,"column":6},"end":{"line":1386,"column":24}},"622":{"start":{"line":1387,"column":6},"end":{"line":1387,"column":24}},"623":{"start":{"line":1389,"column":6},"end":{"line":1389,"column":33}},"624":{"start":{"line":1391,"column":6},"end":{"line":1391,"column":30}},"625":{"start":{"line":1395,"column":6},"end":{"line":1395,"column":17}},"626":{"start":{"line":1396,"column":6},"end":{"line":1396,"column":37}},"627":{"start":{"line":1398,"column":6},"end":{"line":1398,"column":22}},"628":{"start":{"line":1399,"column":6},"end":{"line":1399,"column":57}},"629":{"start":{"line":1400,"column":6},"end":{"line":1400,"column":33}},"630":{"start":{"line":1401,"column":6},"end":{"line":1401,"column":17}},"631":{"start":{"line":1403,"column":6},"end":{"line":1403,"column":25}},"632":{"start":{"line":1404,"column":6},"end":{"line":1404,"column":35}},"633":{"start":{"line":1405,"column":6},"end":{"line":1405,"column":22}},"634":{"start":{"line":1406,"column":6},"end":{"line":1406,"column":63}},"635":{"start":{"line":1407,"column":6},"end":{"line":1407,"column":17}},"636":{"start":{"line":1409,"column":6},"end":{"line":1409,"column":20}},"637":{"start":{"line":1416,"column":31},"end":{"line":1784,"column":3}},"638":{"start":{"line":1418,"column":6},"end":{"line":1418,"column":26}},"639":{"start":{"line":1419,"column":6},"end":{"line":1419,"column":32}},"640":{"start":{"line":1420,"column":6},"end":{"line":1420,"column":35}},"641":{"start":{"line":1424,"column":6},"end":{"line":1424,"column":67}},"642":{"start":{"line":1424,"column":60},"end":{"line":1424,"column":67}},"643":{"start":{"line":1426,"column":20},"end":{"line":1426,"column":51}},"644":{"start":{"line":1427,"column":6},"end":{"line":1427,"column":41}},"645":{"start":{"line":1428,"column":6},"end":{"line":1428,"column":53}},"646":{"start":{"line":1429,"column":6},"end":{"line":1429,"column":39}},"647":{"start":{"line":1433,"column":6},"end":{"line":1563,"column":8}},"648":{"start":{"line":1568,"column":23},"end":{"line":1577,"column":8}},"649":{"start":{"line":1569,"column":8},"end":{"line":1576,"column":11}},"650":{"start":{"line":1570,"column":10},"end":{"line":1575,"column":13}},"651":{"start":{"line":1571,"column":12},"end":{"line":1574,"column":13}},"652":{"start":{"line":1572,"column":29},"end":{"line":1572,"column":95}},"653":{"start":{"line":1573,"column":14},"end":{"line":1573,"column":64}},"654":{"start":{"line":1573,"column":38},"end":{"line":1573,"column":62}},"655":{"start":{"line":1579,"column":6},"end":{"line":1582,"column":9}},"656":{"start":{"line":1587,"column":21},"end":{"line":1587,"column":55}},"657":{"start":{"line":1588,"column":6},"end":{"line":1588,"column":56}},"658":{"start":{"line":1588,"column":30},"end":{"line":1588,"column":54}},"659":{"start":{"line":1592,"column":6},"end":{"line":1592,"column":49}},"660":{"start":{"line":1592,"column":42},"end":{"line":1592,"column":49}},"661":{"start":{"line":1594,"column":24},"end":{"line":1594,"column":43}},"662":{"start":{"line":1595,"column":6},"end":{"line":1595,"column":29}},"663":{"start":{"line":1595,"column":22},"end":{"line":1595,"column":29}},"664":{"start":{"line":1598,"column":6},"end":{"line":1598,"column":46}},"665":{"start":{"line":1599,"column":6},"end":{"line":1599,"column":57}},"666":{"start":{"line":1602,"column":6},"end":{"line":1602,"column":29}},"667":{"start":{"line":1605,"column":28},"end":{"line":1605,"column":60}},"668":{"start":{"line":1606,"column":6},"end":{"line":1606,"column":43}},"669":{"start":{"line":1609,"column":6},"end":{"line":1609,"column":38}},"670":{"start":{"line":1612,"column":6},"end":{"line":1612,"column":40}},"671":{"start":{"line":1615,"column":6},"end":{"line":1615,"column":50}},"672":{"start":{"line":1617,"column":6},"end":{"line":1617,"column":80}},"673":{"start":{"line":1621,"column":23},"end":{"line":1621,"column":52}},"674":{"start":{"line":1622,"column":6},"end":{"line":1622,"column":51}},"675":{"start":{"line":1624,"column":26},"end":{"line":1624,"column":55}},"676":{"start":{"line":1625,"column":32},"end":{"line":1625,"column":67}},"677":{"start":{"line":1626,"column":27},"end":{"line":1626,"column":57}},"678":{"start":{"line":1628,"column":6},"end":{"line":1628,"column":40}},"679":{"start":{"line":1629,"column":6},"end":{"line":1629,"column":46}},"680":{"start":{"line":1630,"column":6},"end":{"line":1630,"column":41}},"681":{"start":{"line":1632,"column":6},"end":{"line":1632,"column":22}},"682":{"start":{"line":1636,"column":26},"end":{"line":1636,"column":55}},"683":{"start":{"line":1637,"column":6},"end":{"line":1637,"column":59}},"684":{"start":{"line":1640,"column":25},"end":{"line":1640,"column":57}},"685":{"start":{"line":1641,"column":6},"end":{"line":1641,"column":52}},"686":{"start":{"line":1642,"column":6},"end":{"line":1642,"column":33}},"687":{"start":{"line":1643,"column":6},"end":{"line":1649,"column":9}},"688":{"start":{"line":1644,"column":8},"end":{"line":1648,"column":9}},"689":{"start":{"line":1645,"column":10},"end":{"line":1645,"column":23}},"690":{"start":{"line":1647,"column":10},"end":{"line":1647,"column":24}},"691":{"start":{"line":1652,"column":26},"end":{"line":1652,"column":56}},"692":{"start":{"line":1653,"column":6},"end":{"line":1653,"column":51}},"693":{"start":{"line":1654,"column":6},"end":{"line":1654,"column":46}},"694":{"start":{"line":1656,"column":6},"end":{"line":1656,"column":42}},"695":{"start":{"line":1657,"column":6},"end":{"line":1657,"column":43}},"696":{"start":{"line":1659,"column":6},"end":{"line":1659,"column":25}},"697":{"start":{"line":1663,"column":32},"end":{"line":1663,"column":61}},"698":{"start":{"line":1664,"column":6},"end":{"line":1664,"column":63}},"699":{"start":{"line":1666,"column":26},"end":{"line":1666,"column":55}},"700":{"start":{"line":1667,"column":6},"end":{"line":1667,"column":51}},"701":{"start":{"line":1669,"column":27},"end":{"line":1669,"column":56}},"702":{"start":{"line":1670,"column":6},"end":{"line":1670,"column":53}},"703":{"start":{"line":1672,"column":6},"end":{"line":1672,"column":44}},"704":{"start":{"line":1673,"column":6},"end":{"line":1673,"column":49}},"705":{"start":{"line":1676,"column":6},"end":{"line":1680,"column":9}},"706":{"start":{"line":1677,"column":21},"end":{"line":1677,"column":56}},"707":{"start":{"line":1678,"column":24},"end":{"line":1678,"column":60}},"708":{"start":{"line":1679,"column":8},"end":{"line":1679,"column":53}},"709":{"start":{"line":1682,"column":6},"end":{"line":1682,"column":31}},"710":{"start":{"line":1686,"column":27},"end":{"line":1686,"column":56}},"711":{"start":{"line":1687,"column":6},"end":{"line":1687,"column":61}},"712":{"start":{"line":1690,"column":31},"end":{"line":1690,"column":63}},"713":{"start":{"line":1691,"column":6},"end":{"line":1691,"column":58}},"714":{"start":{"line":1692,"column":6},"end":{"line":1692,"column":39}},"715":{"start":{"line":1693,"column":6},"end":{"line":1697,"column":9}},"716":{"start":{"line":1694,"column":8},"end":{"line":1696,"column":9}},"717":{"start":{"line":1695,"column":10},"end":{"line":1695,"column":36}},"718":{"start":{"line":1699,"column":6},"end":{"line":1699,"column":49}},"719":{"start":{"line":1701,"column":6},"end":{"line":1701,"column":26}},"720":{"start":{"line":1705,"column":25},"end":{"line":1705,"column":77}},"721":{"start":{"line":1706,"column":26},"end":{"line":1706,"column":76}},"722":{"start":{"line":1707,"column":27},"end":{"line":1707,"column":78}},"723":{"start":{"line":1710,"column":31},"end":{"line":1713,"column":7}},"724":{"start":{"line":1711,"column":8},"end":{"line":1711,"column":56}},"725":{"start":{"line":1712,"column":8},"end":{"line":1712,"column":61}},"726":{"start":{"line":1716,"column":32},"end":{"line":1720,"column":7}},"727":{"start":{"line":1717,"column":24},"end":{"line":1717,"column":59}},"728":{"start":{"line":1718,"column":25},"end":{"line":1718,"column":57}},"729":{"start":{"line":1719,"column":8},"end":{"line":1719,"column":61}},"730":{"start":{"line":1723,"column":29},"end":{"line":1728,"column":7}},"731":{"start":{"line":1724,"column":8},"end":{"line":1727,"column":9}},"732":{"start":{"line":1725,"column":26},"end":{"line":1725,"column":68}},"733":{"start":{"line":1726,"column":10},"end":{"line":1726,"column":51}},"734":{"start":{"line":1731,"column":6},"end":{"line":1731,"column":55}},"735":{"start":{"line":1732,"column":6},"end":{"line":1732,"column":56}},"736":{"start":{"line":1733,"column":6},"end":{"line":1736,"column":15}},"737":{"start":{"line":1734,"column":8},"end":{"line":1734,"column":28}},"738":{"start":{"line":1735,"column":8},"end":{"line":1735,"column":25}},"739":{"start":{"line":1737,"column":6},"end":{"line":1737,"column":66}},"740":{"start":{"line":1740,"column":6},"end":{"line":1740,"column":25}},"741":{"start":{"line":1741,"column":6},"end":{"line":1741,"column":26}},"742":{"start":{"line":1742,"column":6},"end":{"line":1742,"column":23}},"743":{"start":{"line":1746,"column":6},"end":{"line":1746,"column":66}},"744":{"start":{"line":1746,"column":59},"end":{"line":1746,"column":66}},"745":{"start":{"line":1748,"column":19},"end":{"line":1748,"column":48}},"746":{"start":{"line":1749,"column":6},"end":{"line":1749,"column":45}},"747":{"start":{"line":1750,"column":6},"end":{"line":1750,"column":73}},"748":{"start":{"line":1751,"column":6},"end":{"line":1751,"column":34}},"749":{"start":{"line":1756,"column":6},"end":{"line":1779,"column":9}},"750":{"start":{"line":1757,"column":8},"end":{"line":1757,"column":39}},"751":{"start":{"line":1757,"column":32},"end":{"line":1757,"column":39}},"752":{"start":{"line":1759,"column":8},"end":{"line":1778,"column":9}},"753":{"start":{"line":1761,"column":12},"end":{"line":1761,"column":31}},"754":{"start":{"line":1762,"column":12},"end":{"line":1762,"column":56}},"755":{"start":{"line":1763,"column":12},"end":{"line":1763,"column":18}},"756":{"start":{"line":1765,"column":12},"end":{"line":1765,"column":31}},"757":{"start":{"line":1766,"column":12},"end":{"line":1766,"column":98}},"758":{"start":{"line":1767,"column":12},"end":{"line":1767,"column":18}},"759":{"start":{"line":1769,"column":12},"end":{"line":1769,"column":31}},"760":{"start":{"line":1770,"column":12},"end":{"line":1770,"column":111}},"761":{"start":{"line":1771,"column":12},"end":{"line":1771,"column":18}},"762":{"start":{"line":1773,"column":12},"end":{"line":1773,"column":31}},"763":{"start":{"line":1774,"column":12},"end":{"line":1776,"column":13}},"764":{"start":{"line":1775,"column":14},"end":{"line":1775,"column":40}},"765":{"start":{"line":1777,"column":12},"end":{"line":1777,"column":18}},"766":{"start":{"line":1782,"column":6},"end":{"line":1782,"column":42}},"767":{"start":{"line":1789,"column":20},"end":{"line":1965,"column":3}},"768":{"start":{"line":1809,"column":21},"end":{"line":1809,"column":59}},"769":{"start":{"line":1810,"column":6},"end":{"line":1813,"column":7}},"770":{"start":{"line":1811,"column":8},"end":{"line":1811,"column":50}},"771":{"start":{"line":1812,"column":8},"end":{"line":1812,"column":44}},"772":{"start":{"line":1814,"column":6},"end":{"line":1814,"column":37}},"773":{"start":{"line":1816,"column":6},"end":{"line":1822,"column":7}},"774":{"start":{"line":1817,"column":8},"end":{"line":1821,"column":17}},"775":{"start":{"line":1818,"column":10},"end":{"line":1820,"column":11}},"776":{"start":{"line":1819,"column":12},"end":{"line":1819,"column":54}},"777":{"start":{"line":1826,"column":23},"end":{"line":1826,"column":52}},"778":{"start":{"line":1827,"column":6},"end":{"line":1827,"column":34}},"779":{"start":{"line":1830,"column":6},"end":{"line":1830,"column":61}},"780":{"start":{"line":1832,"column":6},"end":{"line":1832,"column":30}},"781":{"start":{"line":1833,"column":6},"end":{"line":1833,"column":22}},"782":{"start":{"line":1837,"column":6},"end":{"line":1847,"column":7}},"783":{"start":{"line":1838,"column":22},"end":{"line":1838,"column":53}},"784":{"start":{"line":1839,"column":8},"end":{"line":1839,"column":43}},"785":{"start":{"line":1840,"column":8},"end":{"line":1845,"column":10}},"786":{"start":{"line":1846,"column":8},"end":{"line":1846,"column":41}},"787":{"start":{"line":1851,"column":6},"end":{"line":1851,"column":48}},"788":{"start":{"line":1854,"column":6},"end":{"line":1857,"column":7}},"789":{"start":{"line":1855,"column":8},"end":{"line":1855,"column":42}},"790":{"start":{"line":1856,"column":8},"end":{"line":1856,"column":34}},"791":{"start":{"line":1860,"column":6},"end":{"line":1860,"column":50}},"792":{"start":{"line":1863,"column":6},"end":{"line":1865,"column":14}},"793":{"start":{"line":1864,"column":8},"end":{"line":1864,"column":32}},"794":{"start":{"line":1869,"column":6},"end":{"line":1869,"column":23}},"795":{"start":{"line":1871,"column":21},"end":{"line":1871,"column":100}},"796":{"start":{"line":1872,"column":6},"end":{"line":1872,"column":32}},"797":{"start":{"line":1875,"column":6},"end":{"line":1875,"column":37}},"798":{"start":{"line":1879,"column":25},"end":{"line":1879,"column":80}},"799":{"start":{"line":1880,"column":6},"end":{"line":1880,"column":85}},"800":{"start":{"line":1881,"column":6},"end":{"line":1881,"column":38}},"801":{"start":{"line":1883,"column":26},"end":{"line":1883,"column":82}},"802":{"start":{"line":1884,"column":6},"end":{"line":1884,"column":86}},"803":{"start":{"line":1885,"column":6},"end":{"line":1885,"column":39}},"804":{"start":{"line":1890,"column":27},"end":{"line":1890,"column":56}},"805":{"start":{"line":1891,"column":6},"end":{"line":1904,"column":8}},"806":{"start":{"line":1906,"column":6},"end":{"line":1906,"column":41}},"807":{"start":{"line":1907,"column":6},"end":{"line":1907,"column":46}},"808":{"start":{"line":1909,"column":6},"end":{"line":1916,"column":19}},"809":{"start":{"line":1910,"column":8},"end":{"line":1910,"column":60}},"810":{"start":{"line":1911,"column":8},"end":{"line":1915,"column":16}},"811":{"start":{"line":1912,"column":10},"end":{"line":1914,"column":11}},"812":{"start":{"line":1913,"column":12},"end":{"line":1913,"column":62}},"813":{"start":{"line":1920,"column":21},"end":{"line":1925,"column":7}},"814":{"start":{"line":1926,"column":6},"end":{"line":1926,"column":41}},"815":{"start":{"line":1931,"column":22},"end":{"line":1931,"column":51}},"816":{"start":{"line":1932,"column":6},"end":{"line":1940,"column":8}},"817":{"start":{"line":1943,"column":6},"end":{"line":1961,"column":7}},"818":{"start":{"line":1944,"column":22},"end":{"line":1944,"column":53}},"819":{"start":{"line":1945,"column":8},"end":{"line":1945,"column":39}},"820":{"start":{"line":1946,"column":8},"end":{"line":1959,"column":10}},"821":{"start":{"line":1960,"column":8},"end":{"line":1960,"column":41}},"822":{"start":{"line":1963,"column":6},"end":{"line":1963,"column":21}},"823":{"start":{"line":1970,"column":20},"end":{"line":2432,"column":3}},"824":{"start":{"line":1972,"column":20},"end":{"line":1972,"column":49}},"825":{"start":{"line":1973,"column":6},"end":{"line":1973,"column":33}},"826":{"start":{"line":1974,"column":6},"end":{"line":1991,"column":8}},"827":{"start":{"line":1994,"column":6},"end":{"line":1994,"column":54}},"828":{"start":{"line":1995,"column":6},"end":{"line":1995,"column":45}},"829":{"start":{"line":1996,"column":6},"end":{"line":1996,"column":50}},"830":{"start":{"line":1999,"column":6},"end":{"line":1999,"column":38}},"831":{"start":{"line":2001,"column":6},"end":{"line":2001,"column":19}},"832":{"start":{"line":2005,"column":22},"end":{"line":2005,"column":51}},"833":{"start":{"line":2006,"column":6},"end":{"line":2014,"column":8}},"834":{"start":{"line":2016,"column":19},"end":{"line":2016,"column":48}},"835":{"start":{"line":2017,"column":6},"end":{"line":2022,"column":8}},"836":{"start":{"line":2023,"column":6},"end":{"line":2023,"column":32}},"837":{"start":{"line":2025,"column":6},"end":{"line":2025,"column":50}},"838":{"start":{"line":2026,"column":6},"end":{"line":2026,"column":21}},"839":{"start":{"line":2030,"column":21},"end":{"line":2030,"column":50}},"840":{"start":{"line":2031,"column":6},"end":{"line":2039,"column":8}},"841":{"start":{"line":2041,"column":19},"end":{"line":2041,"column":48}},"842":{"start":{"line":2042,"column":6},"end":{"line":2042,"column":76}},"843":{"start":{"line":2044,"column":20},"end":{"line":2044,"column":50}},"844":{"start":{"line":2045,"column":6},"end":{"line":2045,"column":41}},"845":{"start":{"line":2046,"column":6},"end":{"line":2046,"column":64}},"846":{"start":{"line":2048,"column":22},"end":{"line":2048,"column":52}},"847":{"start":{"line":2049,"column":6},"end":{"line":2049,"column":38}},"848":{"start":{"line":2050,"column":6},"end":{"line":2050,"column":89}},"849":{"start":{"line":2052,"column":24},"end":{"line":2052,"column":54}},"850":{"start":{"line":2053,"column":6},"end":{"line":2053,"column":42}},"851":{"start":{"line":2054,"column":6},"end":{"line":2054,"column":111}},"852":{"start":{"line":2056,"column":6},"end":{"line":2056,"column":30}},"853":{"start":{"line":2057,"column":6},"end":{"line":2057,"column":32}},"854":{"start":{"line":2058,"column":6},"end":{"line":2058,"column":34}},"855":{"start":{"line":2060,"column":20},"end":{"line":2060,"column":46}},"856":{"start":{"line":2062,"column":6},"end":{"line":2062,"column":31}},"857":{"start":{"line":2063,"column":6},"end":{"line":2063,"column":32}},"858":{"start":{"line":2065,"column":6},"end":{"line":2065,"column":20}},"859":{"start":{"line":2069,"column":24},"end":{"line":2069,"column":53}},"860":{"start":{"line":2070,"column":6},"end":{"line":2070,"column":80}},"861":{"start":{"line":2072,"column":22},"end":{"line":2080,"column":7}},"862":{"start":{"line":2073,"column":69},"end":{"line":2073,"column":110}},"863":{"start":{"line":2074,"column":62},"end":{"line":2074,"column":78}},"864":{"start":{"line":2075,"column":62},"end":{"line":2075,"column":88}},"865":{"start":{"line":2076,"column":63},"end":{"line":2076,"column":83}},"866":{"start":{"line":2077,"column":62},"end":{"line":2077,"column":84}},"867":{"start":{"line":2078,"column":54},"end":{"line":2078,"column":73}},"868":{"start":{"line":2079,"column":53},"end":{"line":2079,"column":66}},"869":{"start":{"line":2082,"column":6},"end":{"line":2085,"column":9}},"870":{"start":{"line":2083,"column":23},"end":{"line":2083,"column":74}},"871":{"start":{"line":2084,"column":8},"end":{"line":2084,"column":38}},"872":{"start":{"line":2087,"column":6},"end":{"line":2087,"column":23}},"873":{"start":{"line":2091,"column":22},"end":{"line":2091,"column":51}},"874":{"start":{"line":2092,"column":6},"end":{"line":2097,"column":8}},"875":{"start":{"line":2099,"column":24},"end":{"line":2099,"column":47}},"876":{"start":{"line":2100,"column":22},"end":{"line":2100,"column":50}},"877":{"start":{"line":2101,"column":25},"end":{"line":2101,"column":47}},"878":{"start":{"line":2103,"column":6},"end":{"line":2103,"column":37}},"879":{"start":{"line":2104,"column":6},"end":{"line":2104,"column":35}},"880":{"start":{"line":2105,"column":6},"end":{"line":2105,"column":38}},"881":{"start":{"line":2107,"column":6},"end":{"line":2107,"column":21}},"882":{"start":{"line":2111,"column":20},"end":{"line":2111,"column":49}},"883":{"start":{"line":2112,"column":6},"end":{"line":2119,"column":8}},"884":{"start":{"line":2122,"column":26},"end":{"line":2122,"column":64}},"885":{"start":{"line":2123,"column":6},"end":{"line":2123,"column":37}},"886":{"start":{"line":2125,"column":23},"end":{"line":2125,"column":57}},"887":{"start":{"line":2126,"column":6},"end":{"line":2126,"column":39}},"888":{"start":{"line":2127,"column":6},"end":{"line":2127,"column":104}},"889":{"start":{"line":2128,"column":6},"end":{"line":2143,"column":8}},"890":{"start":{"line":2145,"column":6},"end":{"line":2145,"column":83}},"891":{"start":{"line":2145,"column":48},"end":{"line":2145,"column":81}},"892":{"start":{"line":2146,"column":6},"end":{"line":2146,"column":34}},"893":{"start":{"line":2148,"column":6},"end":{"line":2148,"column":19}},"894":{"start":{"line":2152,"column":20},"end":{"line":2152,"column":49}},"895":{"start":{"line":2153,"column":6},"end":{"line":2153,"column":39}},"896":{"start":{"line":2154,"column":6},"end":{"line":2161,"column":8}},"897":{"start":{"line":2164,"column":6},"end":{"line":2164,"column":54}},"898":{"start":{"line":2166,"column":6},"end":{"line":2166,"column":19}},"899":{"start":{"line":2170,"column":18},"end":{"line":2170,"column":58}},"900":{"start":{"line":2172,"column":6},"end":{"line":2175,"column":7}},"901":{"start":{"line":2173,"column":8},"end":{"line":2173,"column":35}},"902":{"start":{"line":2174,"column":8},"end":{"line":2174,"column":41}},"903":{"start":{"line":2177,"column":6},"end":{"line":2213,"column":7}},"904":{"start":{"line":2179,"column":8},"end":{"line":2193,"column":9}},"905":{"start":{"line":2181,"column":10},"end":{"line":2181,"column":53}},"906":{"start":{"line":2182,"column":10},"end":{"line":2184,"column":18}},"907":{"start":{"line":2183,"column":12},"end":{"line":2183,"column":41}},"908":{"start":{"line":2185,"column":10},"end":{"line":2185,"column":35}},"909":{"start":{"line":2186,"column":10},"end":{"line":2186,"column":32}},"910":{"start":{"line":2189,"column":27},"end":{"line":2189,"column":70}},"911":{"start":{"line":2190,"column":10},"end":{"line":2192,"column":11}},"912":{"start":{"line":2191,"column":12},"end":{"line":2191,"column":29}},"913":{"start":{"line":2196,"column":8},"end":{"line":2196,"column":38}},"914":{"start":{"line":2198,"column":8},"end":{"line":2198,"column":27}},"915":{"start":{"line":2199,"column":8},"end":{"line":2199,"column":48}},"916":{"start":{"line":2200,"column":8},"end":{"line":2200,"column":33}},"917":{"start":{"line":2202,"column":25},"end":{"line":2202,"column":52}},"918":{"start":{"line":2203,"column":24},"end":{"line":2203,"column":52}},"919":{"start":{"line":2204,"column":8},"end":{"line":2206,"column":9}},"920":{"start":{"line":2205,"column":10},"end":{"line":2205,"column":44}},"921":{"start":{"line":2208,"column":8},"end":{"line":2208,"column":29}},"922":{"start":{"line":2210,"column":8},"end":{"line":2212,"column":16}},"923":{"start":{"line":2211,"column":10},"end":{"line":2211,"column":63}},"924":{"start":{"line":2217,"column":27},"end":{"line":2217,"column":70}},"925":{"start":{"line":2218,"column":31},"end":{"line":2218,"column":76}},"926":{"start":{"line":2219,"column":23},"end":{"line":2219,"column":66}},"927":{"start":{"line":2221,"column":6},"end":{"line":2254,"column":7}},"928":{"start":{"line":2222,"column":24},"end":{"line":2222,"column":55}},"929":{"start":{"line":2223,"column":8},"end":{"line":2253,"column":9}},"930":{"start":{"line":2225,"column":24},"end":{"line":2225,"column":50}},"931":{"start":{"line":2226,"column":27},"end":{"line":2226,"column":41}},"932":{"start":{"line":2227,"column":26},"end":{"line":2227,"column":35}},"933":{"start":{"line":2229,"column":10},"end":{"line":2231,"column":11}},"934":{"start":{"line":2230,"column":12},"end":{"line":2230,"column":43}},"935":{"start":{"line":2234,"column":38},"end":{"line":2234,"column":65}},"936":{"start":{"line":2235,"column":33},"end":{"line":2236,"column":94}},"937":{"start":{"line":2238,"column":10},"end":{"line":2244,"column":11}},"938":{"start":{"line":2239,"column":12},"end":{"line":2239,"column":139}},"939":{"start":{"line":2240,"column":12},"end":{"line":2240,"column":49}},"940":{"start":{"line":2242,"column":12},"end":{"line":2242,"column":67}},"941":{"start":{"line":2243,"column":12},"end":{"line":2243,"column":49}},"942":{"start":{"line":2246,"column":10},"end":{"line":2246,"column":44}},"943":{"start":{"line":2247,"column":10},"end":{"line":2247,"column":57}},"944":{"start":{"line":2249,"column":10},"end":{"line":2249,"column":60}},"945":{"start":{"line":2250,"column":10},"end":{"line":2250,"column":47}},"946":{"start":{"line":2251,"column":10},"end":{"line":2251,"column":44}},"947":{"start":{"line":2252,"column":10},"end":{"line":2252,"column":30}},"948":{"start":{"line":2256,"column":6},"end":{"line":2256,"column":33}},"949":{"start":{"line":2257,"column":6},"end":{"line":2257,"column":35}},"950":{"start":{"line":2261,"column":22},"end":{"line":2261,"column":53}},"951":{"start":{"line":2262,"column":6},"end":{"line":2262,"column":27}},"952":{"start":{"line":2262,"column":20},"end":{"line":2262,"column":27}},"953":{"start":{"line":2265,"column":6},"end":{"line":2280,"column":7}},"954":{"start":{"line":2266,"column":26},"end":{"line":2266,"column":58}},"955":{"start":{"line":2267,"column":8},"end":{"line":2279,"column":9}},"956":{"start":{"line":2269,"column":28},"end":{"line":2269,"column":51}},"957":{"start":{"line":2270,"column":29},"end":{"line":2270,"column":71}},"958":{"start":{"line":2271,"column":28},"end":{"line":2271,"column":63}},"959":{"start":{"line":2274,"column":10},"end":{"line":2274,"column":62}},"960":{"start":{"line":2277,"column":31},"end":{"line":2277,"column":63}},"961":{"start":{"line":2278,"column":10},"end":{"line":2278,"column":65}},"962":{"start":{"line":2282,"column":27},"end":{"line":2282,"column":56}},"963":{"start":{"line":2283,"column":27},"end":{"line":2283,"column":56}},"964":{"start":{"line":2284,"column":31},"end":{"line":2284,"column":79}},"965":{"start":{"line":2285,"column":25},"end":{"line":2285,"column":84}},"966":{"start":{"line":2285,"column":52},"end":{"line":2285,"column":83}},"967":{"start":{"line":2287,"column":6},"end":{"line":2287,"column":65}},"968":{"start":{"line":2288,"column":6},"end":{"line":2288,"column":33}},"969":{"start":{"line":2289,"column":6},"end":{"line":2289,"column":35}},"970":{"start":{"line":2294,"column":23},"end":{"line":2294,"column":28}},"971":{"start":{"line":2296,"column":6},"end":{"line":2299,"column":9}},"972":{"start":{"line":2297,"column":8},"end":{"line":2297,"column":50}},"973":{"start":{"line":2298,"column":8},"end":{"line":2298,"column":33}},"974":{"start":{"line":2301,"column":6},"end":{"line":2304,"column":9}},"975":{"start":{"line":2302,"column":8},"end":{"line":2302,"column":50}},"976":{"start":{"line":2303,"column":8},"end":{"line":2303,"column":35}},"977":{"start":{"line":2306,"column":6},"end":{"line":2310,"column":9}},"978":{"start":{"line":2307,"column":8},"end":{"line":2307,"column":26}},"979":{"start":{"line":2308,"column":8},"end":{"line":2308,"column":49}},"980":{"start":{"line":2309,"column":8},"end":{"line":2309,"column":27}},"981":{"start":{"line":2312,"column":6},"end":{"line":2323,"column":9}},"982":{"start":{"line":2313,"column":8},"end":{"line":2313,"column":32}},"983":{"start":{"line":2313,"column":25},"end":{"line":2313,"column":32}},"984":{"start":{"line":2315,"column":31},"end":{"line":2315,"column":49}},"985":{"start":{"line":2316,"column":26},"end":{"line":2316,"column":52}},"986":{"start":{"line":2317,"column":26},"end":{"line":2317,"column":52}},"987":{"start":{"line":2318,"column":26},"end":{"line":2318,"column":75}},"988":{"start":{"line":2319,"column":30},"end":{"line":2319,"column":81}},"989":{"start":{"line":2321,"column":8},"end":{"line":2321,"column":50}},"990":{"start":{"line":2322,"column":8},"end":{"line":2322,"column":76}},"991":{"start":{"line":2325,"column":6},"end":{"line":2330,"column":9}},"992":{"start":{"line":2326,"column":8},"end":{"line":2329,"column":9}},"993":{"start":{"line":2327,"column":10},"end":{"line":2327,"column":29}},"994":{"start":{"line":2328,"column":10},"end":{"line":2328,"column":42}},"995":{"start":{"line":2334,"column":22},"end":{"line":2334,"column":51}},"996":{"start":{"line":2335,"column":6},"end":{"line":2343,"column":8}},"997":{"start":{"line":2345,"column":19},"end":{"line":2345,"column":48}},"998":{"start":{"line":2346,"column":6},"end":{"line":2351,"column":8}},"999":{"start":{"line":2352,"column":6},"end":{"line":2352,"column":32}},"1000":{"start":{"line":2354,"column":23},"end":{"line":2354,"column":28}},"1001":{"start":{"line":2356,"column":6},"end":{"line":2359,"column":9}},"1002":{"start":{"line":2357,"column":8},"end":{"line":2357,"column":50}},"1003":{"start":{"line":2358,"column":8},"end":{"line":2358,"column":33}},"1004":{"start":{"line":2361,"column":6},"end":{"line":2364,"column":9}},"1005":{"start":{"line":2362,"column":8},"end":{"line":2362,"column":50}},"1006":{"start":{"line":2363,"column":8},"end":{"line":2363,"column":35}},"1007":{"start":{"line":2366,"column":6},"end":{"line":2370,"column":9}},"1008":{"start":{"line":2367,"column":8},"end":{"line":2367,"column":26}},"1009":{"start":{"line":2368,"column":8},"end":{"line":2368,"column":50}},"1010":{"start":{"line":2369,"column":8},"end":{"line":2369,"column":27}},"1011":{"start":{"line":2372,"column":6},"end":{"line":2383,"column":9}},"1012":{"start":{"line":2373,"column":8},"end":{"line":2373,"column":32}},"1013":{"start":{"line":2373,"column":25},"end":{"line":2373,"column":32}},"1014":{"start":{"line":2375,"column":27},"end":{"line":2375,"column":73}},"1015":{"start":{"line":2376,"column":26},"end":{"line":2376,"column":50}},"1016":{"start":{"line":2377,"column":30},"end":{"line":2377,"column":63}},"1017":{"start":{"line":2378,"column":25},"end":{"line":2378,"column":56}},"1018":{"start":{"line":2379,"column":29},"end":{"line":2379,"column":110}},"1019":{"start":{"line":2381,"column":8},"end":{"line":2381,"column":53}},"1020":{"start":{"line":2382,"column":8},"end":{"line":2382,"column":74}},"1021":{"start":{"line":2385,"column":6},"end":{"line":2390,"column":9}},"1022":{"start":{"line":2386,"column":8},"end":{"line":2389,"column":9}},"1023":{"start":{"line":2387,"column":10},"end":{"line":2387,"column":29}},"1024":{"start":{"line":2388,"column":10},"end":{"line":2388,"column":42}},"1025":{"start":{"line":2392,"column":6},"end":{"line":2392,"column":21}},"1026":{"start":{"line":2396,"column":26},"end":{"line":2396,"column":78}},"1027":{"start":{"line":2397,"column":6},"end":{"line":2399,"column":7}},"1028":{"start":{"line":2398,"column":8},"end":{"line":2398,"column":48}},"1029":{"start":{"line":2401,"column":6},"end":{"line":2407,"column":14}},"1030":{"start":{"line":2402,"column":27},"end":{"line":2402,"column":78}},"1031":{"start":{"line":2403,"column":27},"end":{"line":2403,"column":73}},"1032":{"start":{"line":2404,"column":8},"end":{"line":2406,"column":9}},"1033":{"start":{"line":2405,"column":10},"end":{"line":2405,"column":53}},"1034":{"start":{"line":2411,"column":6},"end":{"line":2415,"column":7}},"1035":{"start":{"line":2412,"column":8},"end":{"line":2412,"column":37}},"1036":{"start":{"line":2413,"column":8},"end":{"line":2413,"column":63}},"1037":{"start":{"line":2414,"column":8},"end":{"line":2414,"column":29}},"1038":{"start":{"line":2419,"column":6},"end":{"line":2422,"column":7}},"1039":{"start":{"line":2420,"column":8},"end":{"line":2420,"column":40}},"1040":{"start":{"line":2421,"column":8},"end":{"line":2421,"column":56}},"1041":{"start":{"line":2426,"column":6},"end":{"line":2426,"column":27}},"1042":{"start":{"line":2430,"column":6},"end":{"line":2430,"column":38}},"1043":{"start":{"line":2437,"column":17},"end":{"line":3302,"column":3}},"1044":{"start":{"line":2439,"column":22},"end":{"line":2439,"column":51}},"1045":{"start":{"line":2440,"column":6},"end":{"line":2440,"column":81}},"1046":{"start":{"line":2443,"column":28},"end":{"line":2443,"column":57}},"1047":{"start":{"line":2444,"column":6},"end":{"line":2453,"column":8}},"1048":{"start":{"line":2455,"column":20},"end":{"line":2455,"column":51}},"1049":{"start":{"line":2456,"column":6},"end":{"line":2456,"column":29}},"1050":{"start":{"line":2457,"column":6},"end":{"line":2457,"column":39}},"1051":{"start":{"line":2458,"column":6},"end":{"line":2468,"column":8}},"1052":{"start":{"line":2470,"column":22},"end":{"line":2470,"column":51}},"1053":{"start":{"line":2471,"column":6},"end":{"line":2471,"column":42}},"1054":{"start":{"line":2472,"column":6},"end":{"line":2479,"column":8}},"1055":{"start":{"line":2481,"column":6},"end":{"line":2487,"column":9}},"1056":{"start":{"line":2482,"column":8},"end":{"line":2486,"column":9}},"1057":{"start":{"line":2483,"column":10},"end":{"line":2483,"column":29}},"1058":{"start":{"line":2484,"column":10},"end":{"line":2484,"column":42}},"1059":{"start":{"line":2485,"column":10},"end":{"line":2485,"column":27}},"1060":{"start":{"line":2489,"column":6},"end":{"line":2489,"column":39}},"1061":{"start":{"line":2490,"column":6},"end":{"line":2490,"column":41}},"1062":{"start":{"line":2492,"column":6},"end":{"line":2492,"column":41}},"1063":{"start":{"line":2494,"column":6},"end":{"line":2494,"column":21}},"1064":{"start":{"line":2498,"column":22},"end":{"line":2498,"column":51}},"1065":{"start":{"line":2499,"column":6},"end":{"line":2499,"column":81}},"1066":{"start":{"line":2501,"column":20},"end":{"line":2501,"column":49}},"1067":{"start":{"line":2502,"column":6},"end":{"line":2502,"column":33}},"1068":{"start":{"line":2503,"column":6},"end":{"line":2509,"column":8}},"1069":{"start":{"line":2511,"column":22},"end":{"line":2511,"column":51}},"1070":{"start":{"line":2512,"column":6},"end":{"line":2512,"column":42}},"1071":{"start":{"line":2513,"column":6},"end":{"line":2522,"column":8}},"1072":{"start":{"line":2524,"column":20},"end":{"line":2524,"column":51}},"1073":{"start":{"line":2525,"column":6},"end":{"line":2525,"column":29}},"1074":{"start":{"line":2526,"column":6},"end":{"line":2526,"column":39}},"1075":{"start":{"line":2527,"column":6},"end":{"line":2537,"column":8}},"1076":{"start":{"line":2539,"column":6},"end":{"line":2545,"column":9}},"1077":{"start":{"line":2540,"column":8},"end":{"line":2544,"column":9}},"1078":{"start":{"line":2541,"column":10},"end":{"line":2541,"column":29}},"1079":{"start":{"line":2542,"column":10},"end":{"line":2542,"column":42}},"1080":{"start":{"line":2543,"column":10},"end":{"line":2543,"column":27}},"1081":{"start":{"line":2547,"column":6},"end":{"line":2547,"column":33}},"1082":{"start":{"line":2548,"column":6},"end":{"line":2548,"column":35}},"1083":{"start":{"line":2549,"column":6},"end":{"line":2549,"column":33}},"1084":{"start":{"line":2551,"column":6},"end":{"line":2551,"column":21}},"1085":{"start":{"line":2555,"column":22},"end":{"line":2555,"column":51}},"1086":{"start":{"line":2556,"column":6},"end":{"line":2556,"column":81}},"1087":{"start":{"line":2559,"column":21},"end":{"line":2559,"column":50}},"1088":{"start":{"line":2560,"column":6},"end":{"line":2560,"column":109}},"1089":{"start":{"line":2562,"column":28},"end":{"line":2562,"column":54}},"1090":{"start":{"line":2563,"column":27},"end":{"line":2563,"column":52}},"1091":{"start":{"line":2565,"column":6},"end":{"line":2565,"column":40}},"1092":{"start":{"line":2566,"column":6},"end":{"line":2566,"column":39}},"1093":{"start":{"line":2568,"column":28},"end":{"line":2568,"column":54}},"1094":{"start":{"line":2569,"column":26},"end":{"line":2569,"column":50}},"1095":{"start":{"line":2570,"column":24},"end":{"line":2570,"column":46}},"1096":{"start":{"line":2571,"column":23},"end":{"line":2571,"column":44}},"1097":{"start":{"line":2573,"column":6},"end":{"line":2573,"column":34}},"1098":{"start":{"line":2574,"column":6},"end":{"line":2574,"column":41}},"1099":{"start":{"line":2575,"column":6},"end":{"line":2575,"column":39}},"1100":{"start":{"line":2576,"column":6},"end":{"line":2576,"column":37}},"1101":{"start":{"line":2577,"column":6},"end":{"line":2577,"column":36}},"1102":{"start":{"line":2579,"column":6},"e
[...]
,"/Users/batakalaashok/Documents/NeoKPI/src/managers/tags.js": {"path":"/Users/batakalaashok/Documents/NeoKPI/src/managers/tags.js","statementMap":{"0":{"start":{"line":1,"column":26},"end":{"line":68,"column":1}},"1":{"start":{"line":5,"column":4},"end":{"line":5,"column":25}},"2":{"start":{"line":5,"column":15},"end":{"line":5,"column":25}},"3":{"start":{"line":7,"column":21},"end":{"line":7,"column":23}},"4":{"start":{"line":10,"column":4},"end":{"line":15,"column":5}},"5":{"start":{"line":11,"column":18},"end":{"line":11,"column":40}},"6":{"start":{"line":12,"column":6},"end":{"line":14,"column":7}},"7":{"start":{"line":13,"column":8},"end":{"line":13,"column":27}},"8":{"start":{"line":17,"column":4},"end":{"line":17,"column":20}},"9":{"start":{"line":21,"column":23},"end":{"line":21,"column":63}},"10":{"start":{"line":22,"column":4},"end":{"line":22,"column":34}},"11":{"start":{"line":26,"column":22},"end":{"line":26,"column":24}},"12":{"start":{"line":28,"column":4},"end":{"line":42,"column":7}},"13":{"start":{"line":29,"column":6},"end":{"line":41,"column":7}},"14":{"start":{"line":30,"column":22},"end":{"line":30,"column":41}},"15":{"start":{"line":33,"column":8},"end":{"line":36,"column":9}},"16":{"start":{"line":34,"column":30},"end":{"line":34,"column":73}},"17":{"start":{"line":35,"column":10},"end":{"line":35,"column":57}},"18":{"start":{"line":38,"column":8},"end":{"line":40,"column":11}},"19":{"start":{"line":39,"column":10},"end":{"line":39,"column":53}},"20":{"start":{"line":44,"column":4},"end":{"line":44,"column":21}},"21":{"start":{"line":48,"column":20},"end":{"line":48,"column":29}},"22":{"start":{"line":50,"column":4},"end":{"line":54,"column":7}},"23":{"start":{"line":51,"column":6},"end":{"line":53,"column":7}},"24":{"start":{"line":52,"column":8},"end":{"line":52,"column":55}},"25":{"start":{"line":52,"column":37},"end":{"line":52,"column":53}},"26":{"start":{"line":56,"column":4},"end":{"line":56,"column":38}},"27":{"start":{"line":61,"column":4},"end":{"line":61,"column":67}},"28":{"start":{"line":66,"column":4},"end":{"line":66,"column":57}}},"fnMap":{"0":{"name":"(anonymous_0)","decl":{"start":{"line":4,"column":2},"end":{"line":4,"column":3}},"loc":{"start":{"line":4,"column":32},"end":{"line":18,"column":3}},"line":4},"1":{"name":"(anonymous_1)","decl":{"start":{"line":20,"column":2},"end":{"line":20,"column":3}},"loc":{"start":{"line":20,"column":37},"end":{"line":23,"column":3}},"line":20},"2":{"name":"(anonymous_2)","decl":{"start":{"line":25,"column":2},"end":{"line":25,"column":3}},"loc":{"start":{"line":25,"column":46},"end":{"line":45,"column":3}},"line":25},"3":{"name":"(anonymous_3)","decl":{"start":{"line":28,"column":33},"end":{"line":28,"column":34}},"loc":{"start":{"line":28,"column":45},"end":{"line":42,"column":5}},"line":28},"4":{"name":"(anonymous_4)","decl":{"start":{"line":38,"column":24},"end":{"line":38,"column":25}},"loc":{"start":{"line":38,"column":31},"end":{"line":40,"column":9}},"line":38},"5":{"name":"(anonymous_5)","decl":{"start":{"line":47,"column":2},"end":{"line":47,"column":3}},"loc":{"start":{"line":47,"column":20},"end":{"line":57,"column":3}},"line":47},"6":{"name":"(anonymous_6)","decl":{"start":{"line":50,"column":33},"end":{"line":50,"column":34}},"loc":{"start":{"line":50,"column":45},"end":{"line":54,"column":5}},"line":50},"7":{"name":"(anonymous_7)","decl":{"start":{"line":52,"column":30},"end":{"line":52,"column":31}},"loc":{"start":{"line":52,"column":37},"end":{"line":52,"column":53}},"line":52},"8":{"name":"(anonymous_8)","decl":{"start":{"line":60,"column":2},"end":{"line":60,"column":3}},"loc":{"start":{"line":60,"column":18},"end":{"line":62,"column":3}},"line":60},"9":{"name":"(anonymous_9)","decl":{"start":{"line":65,"column":2},"end":{"line":65,"column":3}},"loc":{"start":{"line":65,"column":20},"end":{"line":67,"column":3}},"line":65}},"branchMap":{"0":{"loc":{"start":{"line":5,"column":4},"end":{"line":5,"column":25}},"type":"if","locations":[{"start":{"line":5,"column":4},"end":{"line":5,"column":25}},{"start":{},"end":{}}],"line":5},"1":{"loc":{"start":{"line":12,"column":6},"end":{"line":14,"column":7}},"type":"if","locations":[{"start":{"line":12,"column":6},"end":{"line":14,"column":7}},{"start":{},"end":{}}],"line":12},"2":{"loc":{"start":{"line":12,"column":10},"end":{"line":12,"column":40}},"type":"binary-expr","locations":[{"start":{"line":12,"column":10},"end":{"line":12,"column":13}},{"start":{"line":12,"column":17},"end":{"line":12,"column":40}}],"line":12},"3":{"loc":{"start":{"line":25,"column":22},"end":{"line":25,"column":44}},"type":"default-arg","locations":[{"start":{"line":25,"column":40},"end":{"line":25,"column":44}}],"line":25},"4":{"loc":{"start":{"line":29,"column":6},"end":{"line":41,"column":7}},"type":"if","locations":[{"start":{"line":29,"column":6},"end":{"line":41,"column":7}},{"start":{},"end":{}}],"line":29},"5":{"loc":{"start":{"line":29,"column":10},"end":{"line":29,"column":50}},"type":"binary-expr","locations":[{"start":{"line":29,"column":10},"end":{"line":29,"column":18}},{"start":{"line":29,"column":22},"end":{"line":29,"column":50}}],"line":29},"6":{"loc":{"start":{"line":30,"column":22},"end":{"line":30,"column":41}},"type":"binary-expr","locations":[{"start":{"line":30,"column":22},"end":{"line":30,"column":35}},{"start":{"line":30,"column":39},"end":{"line":30,"column":41}}],"line":30},"7":{"loc":{"start":{"line":33,"column":8},"end":{"line":36,"column":9}},"type":"if","locations":[{"start":{"line":33,"column":8},"end":{"line":36,"column":9}},{"start":{},"end":{}}],"line":33},"8":{"loc":{"start":{"line":33,"column":12},"end":{"line":33,"column":44}},"type":"binary-expr","locations":[{"start":{"line":33,"column":12},"end":{"line":33,"column":27}},{"start":{"line":33,"column":31},"end":{"line":33,"column":44}}],"line":33},"9":{"loc":{"start":{"line":39,"column":28},"end":{"line":39,"column":47}},"type":"binary-expr","locations":[{"start":{"line":39,"column":28},"end":{"line":39,"column":42}},{"start":{"line":39,"column":46},"end":{"line":39,"column":47}}],"line":39},"10":{"loc":{"start":{"line":51,"column":6},"end":{"line":53,"column":7}},"type":"if","locations":[{"start":{"line":51,"column":6},"end":{"line":53,"column":7}},{"start":{},"end":{}}],"line":51},"11":{"loc":{"start":{"line":51,"column":10},"end":{"line":51,"column":67}},"type":"binary-expr","locations":[{"start":{"line":51,"column":10},"end":{"line":51,"column":18}},{"start":{"line":51,"column":22},"end":{"line":51,"column":50}},{"start":{"line":51,"column":54},"end":{"line":51,"column":67}}],"line":51},"12":{"loc":{"start":{"line":61,"column":11},"end":{"line":61,"column":66}},"type":"binary-expr","locations":[{"start":{"line":61,"column":11},"end":{"line":61,"column":14}},{"start":{"line":61,"column":18},"end":{"line":61,"column":41}},{"start":{"line":61,"column":45},"end":{"line":61,"column":66}}],"line":61}},"s":{"0":0,"1":0,"2":0,"3":0,"4":0,"5":0,"6":0,"7":0,"8":0,"9":0,"10":0,"11":0,"12":0,"13":0,"14":0,"15":0,"16":0,"17":0,"18":0,"19":0,"20":0,"21":0,"22":0,"23":0,"24":0,"25":0,"26":0,"27":0,"28":0},"f":{"0":0,"1":0,"2":0,"3":0,"4":0,"5":0,"6":0,"7":0,"8":0,"9":0},"b":{"0":[0,0],"1":[0,0],"2":[0,0],"3":[0],"4":[0,0],"5":[0,0],"6":[0,0],"7":[0,0],"8":[0,0],"9":[0,0],"10":[0,0],"11":[0,0,0],"12":[0,0,0]},"inputSourceMap":null}
,"/Users/batakalaashok/Documents/NeoKPI/src/utils/storage.js": {"path":"/Users/batakalaashok/Documents/NeoKPI/src/utils/storage.js","statementMap":{"0":{"start":{"line":6,"column":30},"end":{"line":42,"column":1}},"1":{"start":{"line":8,"column":4},"end":{"line":14,"column":5}},"2":{"start":{"line":9,"column":21},"end":{"line":9,"column":46}},"3":{"start":{"line":10,"column":6},"end":{"line":10,"column":48}},"4":{"start":{"line":12,"column":6},"end":{"line":12,"column":67}},"5":{"start":{"line":13,"column":6},"end":{"line":13,"column":18}},"6":{"start":{"line":18,"column":4},"end":{"line":24,"column":5}},"7":{"start":{"line":19,"column":6},"end":{"line":19,"column":55}},"8":{"start":{"line":20,"column":6},"end":{"line":20,"column":18}},"9":{"start":{"line":22,"column":6},"end":{"line":22,"column":65}},"10":{"start":{"line":23,"column":6},"end":{"line":23,"column":19}},"11":{"start":{"line":28,"column":4},"end":{"line":34,"column":5}},"12":{"start":{"line":29,"column":6},"end":{"line":29,"column":35}},"13":{"start":{"line":30,"column":6},"end":{"line":30,"column":18}},"14":{"start":{"line":32,"column":6},"end":{"line":32,"column":68}},"15":{"start":{"line":33,"column":6},"end":{"line":33,"column":19}},"16":{"start":{"line":39,"column":17},"end":{"line":39,"column":51}},"17":{"start":{"line":40,"column":4},"end":{"line":40,"column":42}},"18":{"start":{"line":40,"column":24},"end":{"line":40,"column":40}}},"fnMap":{"0":{"name":"(anonymous_0)","decl":{"start":{"line":7,"column":2},"end":{"line":7,"column":3}},"loc":{"start":{"line":7,"column":11},"end":{"line":15,"column":3}},"line":7},"1":{"name":"(anonymous_1)","decl":{"start":{"line":17,"column":2},"end":{"line":17,"column":3}},"loc":{"start":{"line":17,"column":18},"end":{"line":25,"column":3}},"line":17},"2":{"name":"(anonymous_2)","decl":{"start":{"line":27,"column":2},"end":{"line":27,"column":3}},"loc":{"start":{"line":27,"column":14},"end":{"line":35,"column":3}},"line":27},"3":{"name":"(anonymous_3)","decl":{"start":{"line":38,"column":2},"end":{"line":38,"column":3}},"loc":{"start":{"line":38,"column":10},"end":{"line":41,"column":3}},"line":38},"4":{"name":"(anonymous_4)","decl":{"start":{"line":40,"column":17},"end":{"line":40,"column":18}},"loc":{"start":{"line":40,"column":24},"end":{"line":40,"column":40}},"line":40}},"branchMap":{"0":{"loc":{"start":{"line":10,"column":13},"end":{"line":10,"column":47}},"type":"cond-expr","locations":[{"start":{"line":10,"column":22},"end":{"line":10,"column":40}},{"start":{"line":10,"column":43},"end":{"line":10,"column":47}}],"line":10}},"s":{"0":0,"1":0,"2":0,"3":0,"4":0,"5":0,"6":0,"7":0,"8":0,"9":0,"10":0,"11":0,"12":0,"13":0,"14":0,"15":0,"16":0,"17":0,"18":0},"f":{"0":0,"1":0,"2":0,"3":0,"4":0},"b":{"0":[0,0]},"inputSourceMap":null}
,"/Users/batakalaashok/Documents/NeoKPI/src/utils/utils.js": {"path":"/Users/batakalaashok/Documents/NeoKPI/src/utils/utils.js","statementMap":{"0":{"start":{"line":6,"column":21},"end":{"line":119,"column":1}},"1":{"start":{"line":8,"column":4},"end":{"line":8,"column":43}},"2":{"start":{"line":12,"column":21},"end":{"line":18,"column":44}},"3":{"start":{"line":13,"column":23},"end":{"line":13,"column":49}},"4":{"start":{"line":14,"column":6},"end":{"line":17,"column":7}},"5":{"start":{"line":15,"column":8},"end":{"line":15,"column":32}},"6":{"start":{"line":16,"column":8},"end":{"line":16,"column":27}},"7":{"start":{"line":22,"column":4},"end":{"line":26,"column":6}},"8":{"start":{"line":30,"column":22},"end":{"line":30,"column":78}},"9":{"start":{"line":31,"column":4},"end":{"line":31,"column":68}},"10":{"start":{"line":35,"column":4},"end":{"line":35,"column":44}},"11":{"start":{"line":39,"column":4},"end":{"line":39,"column":52}},"12":{"start":{"line":43,"column":26},"end":{"line":43,"column":48}},"13":{"start":{"line":44,"column":25},"end":{"line":44,"column":65}},"14":{"start":{"line":46,"column":4},"end":{"line":46,"column":54}},"15":{"start":{"line":46,"column":41},"end":{"line":46,"column":54}},"16":{"start":{"line":49,"column":4},"end":{"line":49,"column":48}},"17":{"start":{"line":53,"column":4},"end":{"line":60,"column":5}},"18":{"start":{"line":54,"column":23},"end":{"line":54,"column":77}},"19":{"start":{"line":55,"column":28},"end":{"line":55,"column":74}},"20":{"start":{"line":56,"column":6},"end":{"line":56,"column":69}},"21":{"start":{"line":58,"column":6},"end":{"line":58,"column":56}},"22":{"start":{"line":59,"column":6},"end":{"line":59,"column":18}},"23":{"start":{"line":64,"column":18},"end":{"line":64,"column":40}},"24":{"start":{"line":65,"column":4},"end":{"line":65,"column":56}},"25":{"start":{"line":65,"column":44},"end":{"line":65,"column":56}},"26":{"start":{"line":67,"column":17},"end":{"line":67,"column":51}},"27":{"start":{"line":68,"column":17},"end":{"line":68,"column":51}},"28":{"start":{"line":69,"column":4},"end":{"line":69,"column":59}},"29":{"start":{"line":74,"column":22},"end":{"line":74,"column":53}},"30":{"start":{"line":75,"column":4},"end":{"line":75,"column":32}},"31":{"start":{"line":75,"column":20},"end":{"line":75,"column":32}},"32":{"start":{"line":77,"column":4},"end":{"line":77,"column":41}},"33":{"start":{"line":82,"column":4},"end":{"line":82,"column":38}},"34":{"start":{"line":82,"column":24},"end":{"line":82,"column":38}},"35":{"start":{"line":84,"column":17},"end":{"line":84,"column":41}},"36":{"start":{"line":85,"column":17},"end":{"line":85,"column":41}},"37":{"start":{"line":86,"column":4},"end":{"line":86,"column":57}},"38":{"start":{"line":91,"column":19},"end":{"line":91,"column":51}},"39":{"start":{"line":92,"column":4},"end":{"line":92,"column":30}},"40":{"start":{"line":93,"column":4},"end":{"line":102,"column":6}},"41":{"start":{"line":103,"column":4},"end":{"line":103,"column":45}},"42":{"start":{"line":104,"column":4},"end":{"line":104,"column":18}},"43":{"start":{"line":110,"column":4},"end":{"line":117,"column":6}},"44":{"start":{"line":111,"column":20},"end":{"line":114,"column":7}},"45":{"start":{"line":112,"column":8},"end":{"line":112,"column":30}},"46":{"start":{"line":113,"column":8},"end":{"line":113,"column":22}},"47":{"start":{"line":115,"column":6},"end":{"line":115,"column":28}},"48":{"start":{"line":116,"column":6},"end":{"line":116,"column":40}}},"fnMap":{"0":{"name":"(anonymous_0)","decl":{"start":{"line":7,"column":2},"end":{"line":7,"column":3}},"loc":{"start":{"line":7,"column":15},"end":{"line":9,"column":3}},"line":7},"1":{"name":"(anonymous_1)","decl":{"start":{"line":11,"column":2},"end":{"line":11,"column":3}},"loc":{"start":{"line":11,"column":28},"end":{"line":19,"column":3}},"line":11},"2":{"name":"(anonymous_2)","decl":{"start":{"line":12,"column":33},"end":{"line":12,"column":34}},"loc":{"start":{"line":12,"column":39},"end":{"line":18,"column":5}},"line":12},"3":{"name":"(anonymous_3)","decl":{"start":{"line":21,"column":2},"end":{"line":21,"column":3}},"loc":{"start":{"line":21,"column":24},"end":{"line":27,"column":3}},"line":21},"4":{"name":"(anonymous_4)","decl":{"start":{"line":29,"column":2},"end":{"line":29,"column":3}},"loc":{"start":{"line":29,"column":20},"end":{"line":32,"column":3}},"line":29},"5":{"name":"(anonymous_5)","decl":{"start":{"line":34,"column":2},"end":{"line":34,"column":3}},"loc":{"start":{"line":34,"column":24},"end":{"line":36,"column":3}},"line":34},"6":{"name":"(anonymous_6)","decl":{"start":{"line":38,"column":2},"end":{"line":38,"column":3}},"loc":{"start":{"line":38,"column":18},"end":{"line":40,"column":3}},"line":38},"7":{"name":"(anonymous_7)","decl":{"start":{"line":42,"column":2},"end":{"line":42,"column":3}},"loc":{"start":{"line":42,"column":21},"end":{"line":50,"column":3}},"line":42},"8":{"name":"(anonymous_8)","decl":{"start":{"line":52,"column":2},"end":{"line":52,"column":3}},"loc":{"start":{"line":52,"column":24},"end":{"line":61,"column":3}},"line":52},"9":{"name":"(anonymous_9)","decl":{"start":{"line":63,"column":2},"end":{"line":63,"column":3}},"loc":{"start":{"line":63,"column":29},"end":{"line":70,"column":3}},"line":63},"10":{"name":"(anonymous_10)","decl":{"start":{"line":72,"column":2},"end":{"line":72,"column":3}},"loc":{"start":{"line":72,"column":37},"end":{"line":78,"column":3}},"line":72},"11":{"name":"(anonymous_11)","decl":{"start":{"line":81,"column":2},"end":{"line":81,"column":3}},"loc":{"start":{"line":81,"column":22},"end":{"line":87,"column":3}},"line":81},"12":{"name":"(anonymous_12)","decl":{"start":{"line":90,"column":2},"end":{"line":90,"column":3}},"loc":{"start":{"line":90,"column":36},"end":{"line":105,"column":3}},"line":90},"13":{"name":"(anonymous_13)","decl":{"start":{"line":108,"column":2},"end":{"line":108,"column":3}},"loc":{"start":{"line":108,"column":23},"end":{"line":118,"column":3}},"line":108},"14":{"name":"executedFunction","decl":{"start":{"line":110,"column":20},"end":{"line":110,"column":36}},"loc":{"start":{"line":110,"column":46},"end":{"line":117,"column":5}},"line":110},"15":{"name":"(anonymous_15)","decl":{"start":{"line":111,"column":20},"end":{"line":111,"column":21}},"loc":{"start":{"line":111,"column":26},"end":{"line":114,"column":7}},"line":111}},"branchMap":{"0":{"loc":{"start":{"line":14,"column":6},"end":{"line":17,"column":7}},"type":"if","locations":[{"start":{"line":14,"column":6},"end":{"line":17,"column":7}},{"start":{},"end":{}}],"line":14},"1":{"loc":{"start":{"line":14,"column":10},"end":{"line":14,"column":68}},"type":"binary-expr","locations":[{"start":{"line":14,"column":10},"end":{"line":14,"column":24}},{"start":{"line":14,"column":28},"end":{"line":14,"column":43}},{"start":{"line":14,"column":47},"end":{"line":14,"column":68}}],"line":14},"2":{"loc":{"start":{"line":31,"column":11},"end":{"line":31,"column":67}},"type":"binary-expr","locations":[{"start":{"line":31,"column":11},"end":{"line":31,"column":59}},{"start":{"line":31,"column":63},"end":{"line":31,"column":67}}],"line":31},"3":{"loc":{"start":{"line":46,"column":4},"end":{"line":46,"column":54}},"type":"if","locations":[{"start":{"line":46,"column":4},"end":{"line":46,"column":54}},{"start":{},"end":{}}],"line":46},"4":{"loc":{"start":{"line":46,"column":8},"end":{"line":46,"column":39}},"type":"binary-expr","locations":[{"start":{"line":46,"column":8},"end":{"line":46,"column":21}},{"start":{"line":46,"column":25},"end":{"line":46,"column":39}}],"line":46},"5":{"loc":{"start":{"line":56,"column":13},"end":{"line":56,"column":68}},"type":"cond-expr","locations":[{"start":{"line":56,"column":29},"end":{"line":56,"column":61}},{"start":{"line":56,"column":64},"end":{"line":56,"column":68}}],"line":56},"6":{"loc":{"start":{"line":65,"column":4},"end":{"line":65,"column":56}},"type":"if","locations":[{"start":{"line":65,"column":4},"end":{"line":65,"column":56}},{"start":{},"end":{}}],"line":65},"7":{"loc":{"start":{"line":65,"column":8},"end":{"line":65,"column":42}},"type":"binary-expr","locations":[{"start":{"line":65,"column":8},"end":{"line":65,"column":14}},{"start":{"line":65,"column":18},"end":{"line":65,"column":42}}],"line":65},"8":{"loc":{"start":{"line":75,"column":4},"end":{"line":75,"column":32}},"type":"if","locations":[{"start":{"line":75,"column":4},"end":{"line":75,"column":32}},{"start":{},"end":{}}],"line":75},"9":{"loc":{"start":{"line":82,"column":4},"end":{"line":82,"column":38}},"type":"if","locations":[{"start":{"line":82,"column":4},"end":{"line":82,"column":38}},{"start":{},"end":{}}],"line":82}},"s":{"0":0,"1":0,"2":0,"3":0,"4":0,"5":0,"6":0,"7":0,"8":0,"9":0,"10":0,"11":0,"12":0,"13":0,"14":0,"15":0,"16":0,"17":0,"18":0,"19":0,"20":0,"21":0,"22":0,"23":0,"24":0,"25":0,"26":0,"27":0,"28":0,"29":0,"30":0,"31":0,"32":0,"33":0,"34":0,"35":0,"36":0,"37":0,"38":0,"39":0,"40":0,"41":0,"42":0,"43":0,"44":0,"45":0,"46":0,"47":0,"48":0},"f":{"0":0,"1":0,"2":0,"3":0,"4":0,"5":0,"6":0,"7":0,"8":0,"9":0,"10":0,"11":0,"12":0,"13":0,"14":0,"15":0},"b":{"0":[0,0],"1":[0,0,0],"2":[0,0],"3":[0,0],"4":[0,0],"5":[0,0],"6":[0,0],"7":[0,0],"8":[0,0],"9":[0,0]},"inputSourceMap":null}
}
