TN:
SF:src/index.js
FN:48,(anonymous_0)
FN:59,(anonymous_1)
FN:65,(anonymous_2)
FN:66,(anonymous_3)
FN:69,(anonymous_4)
FN:74,(anonymous_5)
FN:80,(anonymous_6)
FN:101,(anonymous_7)
FN:104,(anonymous_8)
FN:141,(anonymous_9)
FN:167,(anonymous_10)
FN:193,(anonymous_11)
FN:208,(anonymous_12)
FN:218,(anonymous_13)
FN:233,(anonymous_14)
FN:286,(anonymous_15)
FN:336,(anonymous_16)
FN:358,(anonymous_17)
FN:385,(anonymous_18)
FN:386,(anonymous_19)
FN:388,(anonymous_20)
FN:389,(anonymous_21)
FN:393,(anonymous_22)
FN:394,(anonymous_23)
FN:396,(anonymous_24)
FN:397,(anonymous_25)
FN:401,(anonymous_26)
FN:402,(anonymous_27)
FN:404,(anonymous_28)
FN:405,(anonymous_29)
FN:409,(anonymous_30)
FN:410,(anonymous_31)
FN:412,(anonymous_32)
FN:413,(anonymous_33)
FN:417,(anonymous_34)
FN:428,(anonymous_35)
FN:463,(anonymous_36)
FN:502,(anonymous_37)
FN:524,(anonymous_38)
FN:538,(anonymous_39)
FN:542,(anonymous_40)
FN:556,(anonymous_41)
FN:573,(anonymous_42)
FN:588,(anonymous_43)
FN:589,(anonymous_44)
FN:607,(anonymous_45)
FN:622,(anonymous_46)
FN:657,(anonymous_47)
FN:667,(anonymous_48)
FN:673,(anonymous_49)
FN:689,(anonymous_50)
FN:690,(anonymous_51)
FN:698,(anonymous_52)
FN:703,(anonymous_53)
FN:708,(anonymous_54)
FN:721,(anonymous_55)
FN:747,(anonymous_56)
FN:758,(anonymous_57)
FN:782,(anonymous_58)
FN:799,(anonymous_59)
FN:814,(anonymous_60)
FN:850,(anonymous_61)
FN:854,(anonymous_62)
FN:866,(anonymous_63)
FN:878,(anonymous_64)
FN:900,(anonymous_65)
FN:908,(anonymous_66)
FN:912,(anonymous_67)
FN:925,(anonymous_68)
FN:927,(anonymous_69)
FN:943,(anonymous_70)
FN:943,(anonymous_71)
FN:947,(anonymous_72)
FN:967,(anonymous_73)
FN:975,(anonymous_74)
FN:988,(anonymous_75)
FN:990,(anonymous_76)
FN:1002,(anonymous_77)
FN:1019,(anonymous_78)
FN:1024,(anonymous_79)
FN:1025,(anonymous_80)
FN:1028,(anonymous_81)
FN:1038,(anonymous_82)
FN:1042,(anonymous_83)
FN:1051,(anonymous_84)
FN:1061,(anonymous_85)
FN:1065,(anonymous_86)
FN:1069,(anonymous_87)
FN:1073,(anonymous_88)
FN:1082,(anonymous_89)
FN:1091,(anonymous_90)
FN:1097,(anonymous_91)
FN:1107,(anonymous_92)
FN:1116,(anonymous_93)
FN:1138,(anonymous_94)
FN:1173,(anonymous_95)
FN:1177,(anonymous_96)
FN:1181,(anonymous_97)
FN:1185,(anonymous_98)
FN:1189,(anonymous_99)
FN:1203,(anonymous_100)
FN:1207,(anonymous_101)
FN:1216,(anonymous_102)
FN:1234,(anonymous_103)
FN:1239,(anonymous_104)
FN:1245,(anonymous_105)
FN:1274,(anonymous_106)
FN:1284,(anonymous_107)
FN:1295,(anonymous_108)
FN:1305,(anonymous_109)
FN:1309,(anonymous_110)
FN:1310,(anonymous_111)
FN:1319,(anonymous_112)
FN:1333,(anonymous_113)
FN:1341,(anonymous_114)
FN:1356,(anonymous_115)
FN:1366,(anonymous_116)
FN:1381,(anonymous_117)
FN:1394,(anonymous_118)
FN:1417,(anonymous_119)
FN:1423,(anonymous_120)
FN:1432,(anonymous_121)
FN:1566,(anonymous_122)
FN:1568,(anonymous_123)
FN:1569,(anonymous_124)
FN:1570,(anonymous_125)
FN:1573,(anonymous_126)
FN:1585,(anonymous_127)
FN:1588,(anonymous_128)
FN:1591,(anonymous_129)
FN:1620,(anonymous_130)
FN:1635,(anonymous_131)
FN:1643,(anonymous_132)
FN:1662,(anonymous_133)
FN:1676,(anonymous_134)
FN:1685,(anonymous_135)
FN:1693,(anonymous_136)
FN:1704,(anonymous_137)
FN:1710,(anonymous_138)
FN:1716,(anonymous_139)
FN:1723,(anonymous_140)
FN:1733,(anonymous_141)
FN:1745,(anonymous_142)
FN:1754,(anonymous_143)
FN:1756,(anonymous_144)
FN:1808,(anonymous_145)
FN:1817,(anonymous_146)
FN:1825,(anonymous_147)
FN:1836,(anonymous_148)
FN:1850,(anonymous_149)
FN:1863,(anonymous_150)
FN:1868,(anonymous_151)
FN:1878,(anonymous_152)
FN:1889,(anonymous_153)
FN:1909,(anonymous_154)
FN:1911,(anonymous_155)
FN:1919,(anonymous_156)
FN:1930,(anonymous_157)
FN:1971,(anonymous_158)
FN:2004,(anonymous_159)
FN:2029,(anonymous_160)
FN:2068,(anonymous_161)
FN:2073,(anonymous_162)
FN:2074,(anonymous_163)
FN:2075,(anonymous_164)
FN:2076,(anonymous_165)
FN:2077,(anonymous_166)
FN:2078,(anonymous_167)
FN:2079,(anonymous_168)
FN:2082,(anonymous_169)
FN:2090,(anonymous_170)
FN:2110,(anonymous_171)
FN:2145,(anonymous_172)
FN:2151,(anonymous_173)
FN:2169,(anonymous_174)
FN:2182,(anonymous_175)
FN:2210,(anonymous_176)
FN:2216,(anonymous_177)
FN:2260,(anonymous_178)
FN:2285,(anonymous_179)
FN:2293,(anonymous_180)
FN:2296,(anonymous_181)
FN:2301,(anonymous_182)
FN:2306,(anonymous_183)
FN:2312,(anonymous_184)
FN:2325,(anonymous_185)
FN:2333,(anonymous_186)
FN:2356,(anonymous_187)
FN:2361,(anonymous_188)
FN:2366,(anonymous_189)
FN:2372,(anonymous_190)
FN:2385,(anonymous_191)
FN:2395,(anonymous_192)
FN:2401,(anonymous_193)
FN:2410,(anonymous_194)
FN:2418,(anonymous_195)
FN:2425,(anonymous_196)
FN:2429,(anonymous_197)
FN:2438,(anonymous_198)
FN:2481,(anonymous_199)
FN:2497,(anonymous_200)
FN:2539,(anonymous_201)
FN:2554,(anonymous_202)
FN:2582,(anonymous_203)
FN:2607,(anonymous_204)
FN:2619,(anonymous_205)
FN:2623,(anonymous_206)
FN:2638,(anonymous_207)
FN:2649,(anonymous_208)
FN:2666,(anonymous_209)
FN:2670,(anonymous_210)
FN:2680,(anonymous_211)
FN:2691,(anonymous_212)
FN:2692,(anonymous_213)
FN:2708,(anonymous_214)
FN:2725,(anonymous_215)
FN:2743,(anonymous_216)
FN:2763,(anonymous_217)
FN:2773,(anonymous_218)
FN:2813,(anonymous_219)
FN:2827,(anonymous_220)
FN:2840,(anonymous_221)
FN:2858,(anonymous_222)
FN:2872,(anonymous_223)
FN:2877,(anonymous_224)
FN:2884,(anonymous_225)
FN:2896,(anonymous_226)
FN:2904,(anonymous_227)
FN:2912,(anonymous_228)
FN:2935,(anonymous_229)
FN:2963,(anonymous_230)
FN:2992,(anonymous_231)
FN:2997,(anonymous_232)
FN:3001,(anonymous_233)
FN:3011,(anonymous_234)
FN:3026,(anonymous_235)
FN:3027,(anonymous_236)
FN:3031,(anonymous_237)
FN:3040,(anonymous_238)
FN:3044,(anonymous_239)
FN:3070,(anonymous_240)
FN:3077,(anonymous_241)
FN:3082,(anonymous_242)
FN:3094,(anonymous_243)
FN:3096,(anonymous_244)
FN:3109,(anonymous_245)
FN:3141,(anonymous_246)
FN:3162,(anonymous_247)
FN:3168,(anonymous_248)
FN:3172,(anonymous_249)
FN:3179,(anonymous_250)
FN:3192,(anonymous_251)
FN:3222,(anonymous_252)
FN:3235,(anonymous_253)
FN:3268,(anonymous_254)
FN:3278,(anonymous_255)
FN:3289,(anonymous_256)
FN:3308,(anonymous_257)
FN:3318,(anonymous_258)
FN:3326,(anonymous_259)
FN:3341,(anonymous_260)
FN:3347,escapeHandler
FN:3357,(anonymous_262)
FN:3416,(anonymous_263)
FN:3420,(anonymous_264)
FN:3444,(anonymous_265)
FN:3533,(anonymous_266)
FN:3551,(anonymous_267)
FN:3555,(anonymous_268)
FN:3559,(anonymous_269)
FN:3587,(anonymous_270)
FN:3609,(anonymous_271)
FN:3639,(anonymous_272)
FN:3647,(anonymous_273)
FN:3653,(anonymous_274)
FN:3668,(anonymous_275)
FN:3674,escapeHandler
FN:3684,(anonymous_277)
FN:3735,(anonymous_278)
FN:3782,(anonymous_279)
FN:3819,(anonymous_280)
FN:3839,(anonymous_281)
FN:3860,(anonymous_282)
FN:3880,(anonymous_283)
FN:3899,(anonymous_284)
FN:3946,(anonymous_285)
FN:3996,(anonymous_286)
FN:4004,(anonymous_287)
FN:4008,(anonymous_288)
FN:4022,(anonymous_289)
FN:4027,(anonymous_290)
FN:4055,(anonymous_291)
FN:4070,(anonymous_292)
FN:4096,(anonymous_293)
FN:4143,(anonymous_294)
FN:4164,(anonymous_295)
FN:4177,(anonymous_296)
FN:4186,(anonymous_297)
FN:4208,(anonymous_298)
FN:4218,(anonymous_299)
FN:4231,(anonymous_300)
FN:4256,(anonymous_301)
FN:4264,(anonymous_302)
FN:4274,(anonymous_303)
FN:4307,(anonymous_304)
FN:4315,(anonymous_305)
FN:4316,(anonymous_306)
FN:4327,(anonymous_307)
FN:4328,(anonymous_308)
FN:4337,(anonymous_309)
FN:4338,(anonymous_310)
FN:4346,(anonymous_311)
FN:4357,(anonymous_312)
FN:4380,(anonymous_313)
FN:4381,(anonymous_314)
FN:4382,(anonymous_315)
FN:4383,(anonymous_316)
FN:4384,(anonymous_317)
FNF:318
FNH:0
FNDA:0,(anonymous_0)
FNDA:0,(anonymous_1)
FNDA:0,(anonymous_2)
FNDA:0,(anonymous_3)
FNDA:0,(anonymous_4)
FNDA:0,(anonymous_5)
FNDA:0,(anonymous_6)
FNDA:0,(anonymous_7)
FNDA:0,(anonymous_8)
FNDA:0,(anonymous_9)
FNDA:0,(anonymous_10)
FNDA:0,(anonymous_11)
FNDA:0,(anonymous_12)
FNDA:0,(anonymous_13)
FNDA:0,(anonymous_14)
FNDA:0,(anonymous_15)
FNDA:0,(anonymous_16)
FNDA:0,(anonymous_17)
FNDA:0,(anonymous_18)
FNDA:0,(anonymous_19)
FNDA:0,(anonymous_20)
FNDA:0,(anonymous_21)
FNDA:0,(anonymous_22)
FNDA:0,(anonymous_23)
FNDA:0,(anonymous_24)
FNDA:0,(anonymous_25)
FNDA:0,(anonymous_26)
FNDA:0,(anonymous_27)
FNDA:0,(anonymous_28)
FNDA:0,(anonymous_29)
FNDA:0,(anonymous_30)
FNDA:0,(anonymous_31)
FNDA:0,(anonymous_32)
FNDA:0,(anonymous_33)
FNDA:0,(anonymous_34)
FNDA:0,(anonymous_35)
FNDA:0,(anonymous_36)
FNDA:0,(anonymous_37)
FNDA:0,(anonymous_38)
FNDA:0,(anonymous_39)
FNDA:0,(anonymous_40)
FNDA:0,(anonymous_41)
FNDA:0,(anonymous_42)
FNDA:0,(anonymous_43)
FNDA:0,(anonymous_44)
FNDA:0,(anonymous_45)
FNDA:0,(anonymous_46)
FNDA:0,(anonymous_47)
FNDA:0,(anonymous_48)
FNDA:0,(anonymous_49)
FNDA:0,(anonymous_50)
FNDA:0,(anonymous_51)
FNDA:0,(anonymous_52)
FNDA:0,(anonymous_53)
FNDA:0,(anonymous_54)
FNDA:0,(anonymous_55)
FNDA:0,(anonymous_56)
FNDA:0,(anonymous_57)
FNDA:0,(anonymous_58)
FNDA:0,(anonymous_59)
FNDA:0,(anonymous_60)
FNDA:0,(anonymous_61)
FNDA:0,(anonymous_62)
FNDA:0,(anonymous_63)
FNDA:0,(anonymous_64)
FNDA:0,(anonymous_65)
FNDA:0,(anonymous_66)
FNDA:0,(anonymous_67)
FNDA:0,(anonymous_68)
FNDA:0,(anonymous_69)
FNDA:0,(anonymous_70)
FNDA:0,(anonymous_71)
FNDA:0,(anonymous_72)
FNDA:0,(anonymous_73)
FNDA:0,(anonymous_74)
FNDA:0,(anonymous_75)
FNDA:0,(anonymous_76)
FNDA:0,(anonymous_77)
FNDA:0,(anonymous_78)
FNDA:0,(anonymous_79)
FNDA:0,(anonymous_80)
FNDA:0,(anonymous_81)
FNDA:0,(anonymous_82)
FNDA:0,(anonymous_83)
FNDA:0,(anonymous_84)
FNDA:0,(anonymous_85)
FNDA:0,(anonymous_86)
FNDA:0,(anonymous_87)
FNDA:0,(anonymous_88)
FNDA:0,(anonymous_89)
FNDA:0,(anonymous_90)
FNDA:0,(anonymous_91)
FNDA:0,(anonymous_92)
FNDA:0,(anonymous_93)
FNDA:0,(anonymous_94)
FNDA:0,(anonymous_95)
FNDA:0,(anonymous_96)
FNDA:0,(anonymous_97)
FNDA:0,(anonymous_98)
FNDA:0,(anonymous_99)
FNDA:0,(anonymous_100)
FNDA:0,(anonymous_101)
FNDA:0,(anonymous_102)
FNDA:0,(anonymous_103)
FNDA:0,(anonymous_104)
FNDA:0,(anonymous_105)
FNDA:0,(anonymous_106)
FNDA:0,(anonymous_107)
FNDA:0,(anonymous_108)
FNDA:0,(anonymous_109)
FNDA:0,(anonymous_110)
FNDA:0,(anonymous_111)
FNDA:0,(anonymous_112)
FNDA:0,(anonymous_113)
FNDA:0,(anonymous_114)
FNDA:0,(anonymous_115)
FNDA:0,(anonymous_116)
FNDA:0,(anonymous_117)
FNDA:0,(anonymous_118)
FNDA:0,(anonymous_119)
FNDA:0,(anonymous_120)
FNDA:0,(anonymous_121)
FNDA:0,(anonymous_122)
FNDA:0,(anonymous_123)
FNDA:0,(anonymous_124)
FNDA:0,(anonymous_125)
FNDA:0,(anonymous_126)
FNDA:0,(anonymous_127)
FNDA:0,(anonymous_128)
FNDA:0,(anonymous_129)
FNDA:0,(anonymous_130)
FNDA:0,(anonymous_131)
FNDA:0,(anonymous_132)
FNDA:0,(anonymous_133)
FNDA:0,(anonymous_134)
FNDA:0,(anonymous_135)
FNDA:0,(anonymous_136)
FNDA:0,(anonymous_137)
FNDA:0,(anonymous_138)
FNDA:0,(anonymous_139)
FNDA:0,(anonymous_140)
FNDA:0,(anonymous_141)
FNDA:0,(anonymous_142)
FNDA:0,(anonymous_143)
FNDA:0,(anonymous_144)
FNDA:0,(anonymous_145)
FNDA:0,(anonymous_146)
FNDA:0,(anonymous_147)
FNDA:0,(anonymous_148)
FNDA:0,(anonymous_149)
FNDA:0,(anonymous_150)
FNDA:0,(anonymous_151)
FNDA:0,(anonymous_152)
FNDA:0,(anonymous_153)
FNDA:0,(anonymous_154)
FNDA:0,(anonymous_155)
FNDA:0,(anonymous_156)
FNDA:0,(anonymous_157)
FNDA:0,(anonymous_158)
FNDA:0,(anonymous_159)
FNDA:0,(anonymous_160)
FNDA:0,(anonymous_161)
FNDA:0,(anonymous_162)
FNDA:0,(anonymous_163)
FNDA:0,(anonymous_164)
FNDA:0,(anonymous_165)
FNDA:0,(anonymous_166)
FNDA:0,(anonymous_167)
FNDA:0,(anonymous_168)
FNDA:0,(anonymous_169)
FNDA:0,(anonymous_170)
FNDA:0,(anonymous_171)
FNDA:0,(anonymous_172)
FNDA:0,(anonymous_173)
FNDA:0,(anonymous_174)
FNDA:0,(anonymous_175)
FNDA:0,(anonymous_176)
FNDA:0,(anonymous_177)
FNDA:0,(anonymous_178)
FNDA:0,(anonymous_179)
FNDA:0,(anonymous_180)
FNDA:0,(anonymous_181)
FNDA:0,(anonymous_182)
FNDA:0,(anonymous_183)
FNDA:0,(anonymous_184)
FNDA:0,(anonymous_185)
FNDA:0,(anonymous_186)
FNDA:0,(anonymous_187)
FNDA:0,(anonymous_188)
FNDA:0,(anonymous_189)
FNDA:0,(anonymous_190)
FNDA:0,(anonymous_191)
FNDA:0,(anonymous_192)
FNDA:0,(anonymous_193)
FNDA:0,(anonymous_194)
FNDA:0,(anonymous_195)
FNDA:0,(anonymous_196)
FNDA:0,(anonymous_197)
FNDA:0,(anonymous_198)
FNDA:0,(anonymous_199)
FNDA:0,(anonymous_200)
FNDA:0,(anonymous_201)
FNDA:0,(anonymous_202)
FNDA:0,(anonymous_203)
FNDA:0,(anonymous_204)
FNDA:0,(anonymous_205)
FNDA:0,(anonymous_206)
FNDA:0,(anonymous_207)
FNDA:0,(anonymous_208)
FNDA:0,(anonymous_209)
FNDA:0,(anonymous_210)
FNDA:0,(anonymous_211)
FNDA:0,(anonymous_212)
FNDA:0,(anonymous_213)
FNDA:0,(anonymous_214)
FNDA:0,(anonymous_215)
FNDA:0,(anonymous_216)
FNDA:0,(anonymous_217)
FNDA:0,(anonymous_218)
FNDA:0,(anonymous_219)
FNDA:0,(anonymous_220)
FNDA:0,(anonymous_221)
FNDA:0,(anonymous_222)
FNDA:0,(anonymous_223)
FNDA:0,(anonymous_224)
FNDA:0,(anonymous_225)
FNDA:0,(anonymous_226)
FNDA:0,(anonymous_227)
FNDA:0,(anonymous_228)
FNDA:0,(anonymous_229)
FNDA:0,(anonymous_230)
FNDA:0,(anonymous_231)
FNDA:0,(anonymous_232)
FNDA:0,(anonymous_233)
FNDA:0,(anonymous_234)
FNDA:0,(anonymous_235)
FNDA:0,(anonymous_236)
FNDA:0,(anonymous_237)
FNDA:0,(anonymous_238)
FNDA:0,(anonymous_239)
FNDA:0,(anonymous_240)
FNDA:0,(anonymous_241)
FNDA:0,(anonymous_242)
FNDA:0,(anonymous_243)
FNDA:0,(anonymous_244)
FNDA:0,(anonymous_245)
FNDA:0,(anonymous_246)
FNDA:0,(anonymous_247)
FNDA:0,(anonymous_248)
FNDA:0,(anonymous_249)
FNDA:0,(anonymous_250)
FNDA:0,(anonymous_251)
FNDA:0,(anonymous_252)
FNDA:0,(anonymous_253)
FNDA:0,(anonymous_254)
FNDA:0,(anonymous_255)
FNDA:0,(anonymous_256)
FNDA:0,(anonymous_257)
FNDA:0,(anonymous_258)
FNDA:0,(anonymous_259)
FNDA:0,(anonymous_260)
FNDA:0,escapeHandler
FNDA:0,(anonymous_262)
FNDA:0,(anonymous_263)
FNDA:0,(anonymous_264)
FNDA:0,(anonymous_265)
FNDA:0,(anonymous_266)
FNDA:0,(anonymous_267)
FNDA:0,(anonymous_268)
FNDA:0,(anonymous_269)
FNDA:0,(anonymous_270)
FNDA:0,(anonymous_271)
FNDA:0,(anonymous_272)
FNDA:0,(anonymous_273)
FNDA:0,(anonymous_274)
FNDA:0,(anonymous_275)
FNDA:0,escapeHandler
FNDA:0,(anonymous_277)
FNDA:0,(anonymous_278)
FNDA:0,(anonymous_279)
FNDA:0,(anonymous_280)
FNDA:0,(anonymous_281)
FNDA:0,(anonymous_282)
FNDA:0,(anonymous_283)
FNDA:0,(anonymous_284)
FNDA:0,(anonymous_285)
FNDA:0,(anonymous_286)
FNDA:0,(anonymous_287)
FNDA:0,(anonymous_288)
FNDA:0,(anonymous_289)
FNDA:0,(anonymous_290)
FNDA:0,(anonymous_291)
FNDA:0,(anonymous_292)
FNDA:0,(anonymous_293)
FNDA:0,(anonymous_294)
FNDA:0,(anonymous_295)
FNDA:0,(anonymous_296)
FNDA:0,(anonymous_297)
FNDA:0,(anonymous_298)
FNDA:0,(anonymous_299)
FNDA:0,(anonymous_300)
FNDA:0,(anonymous_301)
FNDA:0,(anonymous_302)
FNDA:0,(anonymous_303)
FNDA:0,(anonymous_304)
FNDA:0,(anonymous_305)
FNDA:0,(anonymous_306)
FNDA:0,(anonymous_307)
FNDA:0,(anonymous_308)
FNDA:0,(anonymous_309)
FNDA:0,(anonymous_310)
FNDA:0,(anonymous_311)
FNDA:0,(anonymous_312)
FNDA:0,(anonymous_313)
FNDA:0,(anonymous_314)
FNDA:0,(anonymous_315)
FNDA:0,(anonymous_316)
FNDA:0,(anonymous_317)
DA:46,0
DA:48,0
DA:54,0
DA:60,0
DA:61,0
DA:62,0
DA:66,0
DA:67,0
DA:69,0
DA:70,0
DA:71,0
DA:74,0
DA:75,0
DA:76,0
DA:77,0
DA:80,0
DA:81,0
DA:84,0
DA:85,0
DA:86,0
DA:87,0
DA:88,0
DA:92,0
DA:93,0
DA:94,0
DA:95,0
DA:102,0
DA:104,0
DA:105,0
DA:106,0
DA:109,0
DA:110,0
DA:113,0
DA:115,0
DA:116,0
DA:119,0
DA:125,0
DA:126,0
DA:133,0
DA:137,0
DA:142,0
DA:144,0
DA:150,0
DA:151,0
DA:152,0
DA:154,0
DA:155,0
DA:156,0
DA:157,0
DA:158,0
DA:163,0
DA:168,0
DA:169,0
DA:171,0
DA:178,0
DA:179,0
DA:182,0
DA:183,0
DA:184,0
DA:185,0
DA:188,0
DA:189,0
DA:194,0
DA:195,0
DA:197,0
DA:198,0
DA:199,0
DA:201,0
DA:203,0
DA:204,0
DA:209,0
DA:210,0
DA:212,0
DA:213,0
DA:214,0
DA:217,0
DA:218,0
DA:219,0
DA:226,0
DA:228,0
DA:229,0
DA:234,0
DA:235,0
DA:238,0
DA:239,0
DA:240,0
DA:241,0
DA:245,0
DA:247,0
DA:248,0
DA:250,0
DA:251,0
DA:252,0
DA:256,0
DA:257,0
DA:259,0
DA:260,0
DA:264,0
DA:266,0
DA:267,0
DA:270,0
DA:273,0
DA:276,0
DA:278,0
DA:281,0
DA:282,0
DA:287,0
DA:289,0
DA:291,0
DA:292,0
DA:293,0
DA:296,0
DA:300,0
DA:301,0
DA:303,0
DA:311,0
DA:312,0
DA:315,0
DA:316,0
DA:317,0
DA:321,0
DA:322,0
DA:323,0
DA:329,0
DA:330,0
DA:332,0
DA:337,0
DA:338,0
DA:341,0
DA:342,0
DA:343,0
DA:353,0
DA:359,0
DA:360,0
DA:362,0
DA:363,0
DA:364,0
DA:367,0
DA:369,0
DA:371,0
DA:372,0
DA:375,0
DA:376,0
DA:378,0
DA:381,0
DA:386,0
DA:387,0
DA:388,0
DA:389,0
DA:394,0
DA:395,0
DA:396,0
DA:397,0
DA:402,0
DA:403,0
DA:404,0
DA:405,0
DA:410,0
DA:411,0
DA:412,0
DA:413,0
DA:418,0
DA:419,0
DA:420,0
DA:421,0
DA:423,0
DA:424,0
DA:429,0
DA:430,0
DA:440,0
DA:443,0
DA:444,0
DA:447,0
DA:448,0
DA:449,0
DA:450,0
DA:451,0
DA:452,0
DA:455,0
DA:457,0
DA:464,0
DA:466,0
DA:475,0
DA:478,0
DA:479,0
DA:481,0
DA:484,0
DA:487,0
DA:488,0
DA:491,0
DA:494,0
DA:496,0
DA:497,0
DA:503,0
DA:504,0
DA:512,0
DA:513,0
DA:514,0
DA:516,0
DA:518,0
DA:519,0
DA:525,0
DA:526,0
DA:527,0
DA:530,0
DA:531,0
DA:532,0
DA:535,0
DA:538,0
DA:539,0
DA:542,0
DA:543,0
DA:544,0
DA:548,0
DA:550,0
DA:551,0
DA:557,0
DA:559,0
DA:560,0
DA:561,0
DA:562,0
DA:563,0
DA:565,0
DA:569,0
DA:574,0
DA:575,0
DA:577,0
DA:580,0
DA:581,0
DA:584,0
DA:585,0
DA:587,0
DA:588,0
DA:589,0
DA:591,0
DA:601,0
DA:602,0
DA:608,0
DA:609,0
DA:611,0
DA:612,0
DA:614,0
DA:617,0
DA:618,0
DA:620,0
DA:622,0
DA:623,0
DA:625,0
DA:626,0
DA:629,0
DA:633,0
DA:634,0
DA:636,0
DA:637,0
DA:638,0
DA:639,0
DA:640,0
DA:641,0
DA:645,0
DA:646,0
DA:649,0
DA:651,0
DA:652,0
DA:658,0
DA:659,0
DA:661,0
DA:664,0
DA:665,0
DA:667,0
DA:668,0
DA:669,0
DA:670,0
DA:673,0
DA:674,0
DA:675,0
DA:676,0
DA:679,0
DA:681,0
DA:683,0
DA:684,0
DA:690,0
DA:691,0
DA:692,0
DA:693,0
DA:696,0
DA:698,0
DA:699,0
DA:700,0
DA:703,0
DA:704,0
DA:705,0
DA:708,0
DA:709,0
DA:710,0
DA:719,0
DA:722,0
DA:723,0
DA:725,0
DA:726,0
DA:727,0
DA:728,0
DA:729,0
DA:730,0
DA:732,0
DA:738,0
DA:748,0
DA:749,0
DA:750,0
DA:751,0
DA:754,0
DA:759,0
DA:763,0
DA:765,0
DA:767,0
DA:768,0
DA:771,0
DA:772,0
DA:774,0
DA:776,0
DA:777,0
DA:783,0
DA:787,0
DA:789,0
DA:790,0
DA:791,0
DA:793,0
DA:794,0
DA:800,0
DA:801,0
DA:802,0
DA:803,0
DA:805,0
DA:808,0
DA:809,0
DA:815,0
DA:816,0
DA:817,0
DA:819,0
DA:820,0
DA:821,0
DA:824,0
DA:830,0
DA:831,0
DA:832,0
DA:833,0
DA:834,0
DA:835,0
DA:836,0
DA:838,0
DA:840,0
DA:841,0
DA:849,0
DA:851,0
DA:855,0
DA:856,0
DA:859,0
DA:860,0
DA:863,0
DA:867,0
DA:868,0
DA:871,0
DA:872,0
DA:875,0
DA:879,0
DA:881,0
DA:882,0
DA:883,0
DA:884,0
DA:886,0
DA:887,0
DA:894,0
DA:897,0
DA:901,0
DA:903,0
DA:904,0
DA:905,0
DA:909,0
DA:913,0
DA:914,0
DA:916,0
DA:917,0
DA:918,0
DA:921,0
DA:922,0
DA:926,0
DA:927,0
DA:929,0
DA:930,0
DA:933,0
DA:942,0
DA:943,0
DA:948,0
DA:949,0
DA:950,0
DA:952,0
DA:953,0
DA:954,0
DA:956,0
DA:957,0
DA:958,0
DA:959,0
DA:966,0
DA:968,0
DA:969,0
DA:972,0
DA:973,0
DA:975,0
DA:976,0
DA:977,0
DA:980,0
DA:981,0
DA:982,0
DA:985,0
DA:987,0
DA:988,0
DA:990,0
DA:993,0
DA:994,0
DA:999,0
DA:1003,0
DA:1004,0
DA:1011,0
DA:1020,0
DA:1022,0
DA:1024,0
DA:1025,0
DA:1029,0
DA:1030,0
DA:1031,0
DA:1032,0
DA:1033,0
DA:1034,0
DA:1035,0
DA:1039,0
DA:1043,0
DA:1044,0
DA:1045,0
DA:1046,0
DA:1048,0
DA:1052,0
DA:1058,0
DA:1062,0
DA:1066,0
DA:1070,0
DA:1074,0
DA:1075,0
DA:1076,0
DA:1077,0
DA:1079,0
DA:1083,0
DA:1084,0
DA:1085,0
DA:1086,0
DA:1088,0
DA:1092,0
DA:1093,0
DA:1098,0
DA:1108,0
DA:1109,0
DA:1110,0
DA:1111,0
DA:1113,0
DA:1117,0
DA:1118,0
DA:1121,0
DA:1122,0
DA:1123,0
DA:1125,0
DA:1126,0
DA:1127,0
DA:1128,0
DA:1129,0
DA:1130,0
DA:1131,0
DA:1135,0
DA:1139,0
DA:1140,0
DA:1143,0
DA:1144,0
DA:1145,0
DA:1147,0
DA:1148,0
DA:1149,0
DA:1150,0
DA:1151,0
DA:1152,0
DA:1153,0
DA:1157,0
DA:1164,0
DA:1174,0
DA:1178,0
DA:1182,0
DA:1186,0
DA:1190,0
DA:1197,0
DA:1204,0
DA:1208,0
DA:1209,0
DA:1211,0
DA:1212,0
DA:1213,0
DA:1217,0
DA:1218,0
DA:1219,0
DA:1230,0
DA:1231,0
DA:1235,0
DA:1236,0
DA:1240,0
DA:1241,0
DA:1242,0
DA:1243,0
DA:1245,0
DA:1246,0
DA:1248,0
DA:1249,0
DA:1250,0
DA:1251,0
DA:1252,0
DA:1256,0
DA:1259,0
DA:1260,0
DA:1261,0
DA:1265,0
DA:1266,0
DA:1268,0
DA:1271,0
DA:1275,0
DA:1276,0
DA:1277,0
DA:1278,0
DA:1279,0
DA:1281,0
DA:1285,0
DA:1286,0
DA:1287,0
DA:1288,0
DA:1290,0
DA:1296,0
DA:1297,0
DA:1298,0
DA:1300,0
DA:1306,0
DA:1310,0
DA:1311,0
DA:1312,0
DA:1320,0
DA:1321,0
DA:1322,0
DA:1323,0
DA:1324,0
DA:1325,0
DA:1326,0
DA:1327,0
DA:1328,0
DA:1329,0
DA:1330,0
DA:1334,0
DA:1335,0
DA:1336,0
DA:1338,0
DA:1342,0
DA:1343,0
DA:1344,0
DA:1345,0
DA:1346,0
DA:1348,0
DA:1349,0
DA:1350,0
DA:1351,0
DA:1352,0
DA:1353,0
DA:1357,0
DA:1358,0
DA:1359,0
DA:1367,0
DA:1368,0
DA:1369,0
DA:1370,0
DA:1371,0
DA:1372,0
DA:1373,0
DA:1374,0
DA:1375,0
DA:1376,0
DA:1377,0
DA:1378,0
DA:1382,0
DA:1383,0
DA:1384,0
DA:1386,0
DA:1387,0
DA:1389,0
DA:1391,0
DA:1395,0
DA:1396,0
DA:1398,0
DA:1399,0
DA:1400,0
DA:1401,0
DA:1403,0
DA:1404,0
DA:1405,0
DA:1406,0
DA:1407,0
DA:1409,0
DA:1416,0
DA:1418,0
DA:1419,0
DA:1420,0
DA:1424,0
DA:1426,0
DA:1427,0
DA:1428,0
DA:1429,0
DA:1433,0
DA:1568,0
DA:1569,0
DA:1570,0
DA:1571,0
DA:1572,0
DA:1573,0
DA:1579,0
DA:1587,0
DA:1588,0
DA:1592,0
DA:1594,0
DA:1595,0
DA:1598,0
DA:1599,0
DA:1602,0
DA:1605,0
DA:1606,0
DA:1609,0
DA:1612,0
DA:1615,0
DA:1617,0
DA:1621,0
DA:1622,0
DA:1624,0
DA:1625,0
DA:1626,0
DA:1628,0
DA:1629,0
DA:1630,0
DA:1632,0
DA:1636,0
DA:1637,0
DA:1640,0
DA:1641,0
DA:1642,0
DA:1643,0
DA:1644,0
DA:1645,0
DA:1647,0
DA:1652,0
DA:1653,0
DA:1654,0
DA:1656,0
DA:1657,0
DA:1659,0
DA:1663,0
DA:1664,0
DA:1666,0
DA:1667,0
DA:1669,0
DA:1670,0
DA:1672,0
DA:1673,0
DA:1676,0
DA:1677,0
DA:1678,0
DA:1679,0
DA:1682,0
DA:1686,0
DA:1687,0
DA:1690,0
DA:1691,0
DA:1692,0
DA:1693,0
DA:1694,0
DA:1695,0
DA:1699,0
DA:1701,0
DA:1705,0
DA:1706,0
DA:1707,0
DA:1710,0
DA:1711,0
DA:1712,0
DA:1716,0
DA:1717,0
DA:1718,0
DA:1719,0
DA:1723,0
DA:1724,0
DA:1725,0
DA:1726,0
DA:1731,0
DA:1732,0
DA:1733,0
DA:1734,0
DA:1735,0
DA:1737,0
DA:1740,0
DA:1741,0
DA:1742,0
DA:1746,0
DA:1748,0
DA:1749,0
DA:1750,0
DA:1751,0
DA:1756,0
DA:1757,0
DA:1759,0
DA:1761,0
DA:1762,0
DA:1763,0
DA:1765,0
DA:1766,0
DA:1767,0
DA:1769,0
DA:1770,0
DA:1771,0
DA:1773,0
DA:1774,0
DA:1775,0
DA:1777,0
DA:1782,0
DA:1789,0
DA:1809,0
DA:1810,0
DA:1811,0
DA:1812,0
DA:1814,0
DA:1816,0
DA:1817,0
DA:1818,0
DA:1819,0
DA:1826,0
DA:1827,0
DA:1830,0
DA:1832,0
DA:1833,0
DA:1837,0
DA:1838,0
DA:1839,0
DA:1840,0
DA:1846,0
DA:1851,0
DA:1854,0
DA:1855,0
DA:1856,0
DA:1860,0
DA:1863,0
DA:1864,0
DA:1869,0
DA:1871,0
DA:1872,0
DA:1875,0
DA:1879,0
DA:1880,0
DA:1881,0
DA:1883,0
DA:1884,0
DA:1885,0
DA:1890,0
DA:1891,0
DA:1906,0
DA:1907,0
DA:1909,0
DA:1910,0
DA:1911,0
DA:1912,0
DA:1913,0
DA:1920,0
DA:1926,0
DA:1931,0
DA:1932,0
DA:1943,0
DA:1944,0
DA:1945,0
DA:1946,0
DA:1960,0
DA:1963,0
DA:1970,0
DA:1972,0
DA:1973,0
DA:1974,0
DA:1994,0
DA:1995,0
DA:1996,0
DA:1999,0
DA:2001,0
DA:2005,0
DA:2006,0
DA:2016,0
DA:2017,0
DA:2023,0
DA:2025,0
DA:2026,0
DA:2030,0
DA:2031,0
DA:2041,0
DA:2042,0
DA:2044,0
DA:2045,0
DA:2046,0
DA:2048,0
DA:2049,0
DA:2050,0
DA:2052,0
DA:2053,0
DA:2054,0
DA:2056,0
DA:2057,0
DA:2058,0
DA:2060,0
DA:2062,0
DA:2063,0
DA:2065,0
DA:2069,0
DA:2070,0
DA:2072,0
DA:2073,0
DA:2074,0
DA:2075,0
DA:2076,0
DA:2077,0
DA:2078,0
DA:2079,0
DA:2082,0
DA:2083,0
DA:2084,0
DA:2087,0
DA:2091,0
DA:2092,0
DA:2099,0
DA:2100,0
DA:2101,0
DA:2103,0
DA:2104,0
DA:2105,0
DA:2107,0
DA:2111,0
DA:2112,0
DA:2122,0
DA:2123,0
DA:2125,0
DA:2126,0
DA:2127,0
DA:2128,0
DA:2145,0
DA:2146,0
DA:2148,0
DA:2152,0
DA:2153,0
DA:2154,0
DA:2164,0
DA:2166,0
DA:2170,0
DA:2172,0
DA:2173,0
DA:2174,0
DA:2177,0
DA:2179,0
DA:2181,0
DA:2182,0
DA:2183,0
DA:2185,0
DA:2186,0
DA:2189,0
DA:2190,0
DA:2191,0
DA:2196,0
DA:2198,0
DA:2199,0
DA:2200,0
DA:2202,0
DA:2203,0
DA:2204,0
DA:2205,0
DA:2208,0
DA:2210,0
DA:2211,0
DA:2217,0
DA:2218,0
DA:2219,0
DA:2221,0
DA:2222,0
DA:2223,0
DA:2225,0
DA:2226,0
DA:2227,0
DA:2229,0
DA:2230,0
DA:2234,0
DA:2235,0
DA:2238,0
DA:2239,0
DA:2240,0
DA:2242,0
DA:2243,0
DA:2246,0
DA:2247,0
DA:2249,0
DA:2250,0
DA:2251,0
DA:2252,0
DA:2256,0
DA:2257,0
DA:2261,0
DA:2262,0
DA:2265,0
DA:2266,0
DA:2267,0
DA:2269,0
DA:2270,0
DA:2271,0
DA:2274,0
DA:2277,0
DA:2278,0
DA:2282,0
DA:2283,0
DA:2284,0
DA:2285,0
DA:2287,0
DA:2288,0
DA:2289,0
DA:2294,0
DA:2296,0
DA:2297,0
DA:2298,0
DA:2301,0
DA:2302,0
DA:2303,0
DA:2306,0
DA:2307,0
DA:2308,0
DA:2309,0
DA:2312,0
DA:2313,0
DA:2315,0
DA:2316,0
DA:2317,0
DA:2318,0
DA:2319,0
DA:2321,0
DA:2322,0
DA:2325,0
DA:2326,0
DA:2327,0
DA:2328,0
DA:2334,0
DA:2335,0
DA:2345,0
DA:2346,0
DA:2352,0
DA:2354,0
DA:2356,0
DA:2357,0
DA:2358,0
DA:2361,0
DA:2362,0
DA:2363,0
DA:2366,0
DA:2367,0
DA:2368,0
DA:2369,0
DA:2372,0
DA:2373,0
DA:2375,0
DA:2376,0
DA:2377,0
DA:2378,0
DA:2379,0
DA:2381,0
DA:2382,0
DA:2385,0
DA:2386,0
DA:2387,0
DA:2388,0
DA:2392,0
DA:2396,0
DA:2397,0
DA:2398,0
DA:2401,0
DA:2402,0
DA:2403,0
DA:2404,0
DA:2405,0
DA:2411,0
DA:2412,0
DA:2413,0
DA:2414,0
DA:2419,0
DA:2420,0
DA:2421,0
DA:2426,0
DA:2430,0
DA:2437,0
DA:2439,0
DA:2440,0
DA:2443,0
DA:2444,0
DA:2455,0
DA:2456,0
DA:2457,0
DA:2458,0
DA:2470,0
DA:2471,0
DA:2472,0
DA:2481,0
DA:2482,0
DA:2483,0
DA:2484,0
DA:2485,0
DA:2489,0
DA:2490,0
DA:2492,0
DA:2494,0
DA:2498,0
DA:2499,0
DA:2501,0
DA:2502,0
DA:2503,0
DA:2511,0
DA:2512,0
DA:2513,0
DA:2524,0
DA:2525,0
DA:2526,0
DA:2527,0
DA:2539,0
DA:2540,0
DA:2541,0
DA:2542,0
DA:2543,0
DA:2547,0
DA:2548,0
DA:2549,0
DA:2551,0
DA:2555,0
DA:2556,0
DA:2559,0
DA:2560,0
DA:2562,0
DA:2563,0
DA:2565,0
DA:2566,0
DA:2568,0
DA:2569,0
DA:2570,0
DA:2571,0
DA:2573,0
DA:2574,0
DA:2575,0
DA:2576,0
DA:2577,0
DA:2579,0
DA:2583,0
DA:2584,0
DA:2586,0
DA:2587,0
DA:2588,0
DA:2589,0
DA:2590,0
DA:2597,0
DA:2598,0
DA:2599,0
DA:2600,0
DA:2607,0
DA:2608,0
DA:2609,0
DA:2610,0
DA:2613,0
DA:2614,0
DA:2616,0
DA:2620,0
DA:2621,0
DA:2623,0
DA:2624,0
DA:2625,0
DA:2626,0
DA:2638,0
DA:2639,0
DA:2640,0
DA:2643,0
DA:2646,0
DA:2650,0
DA:2651,0
DA:2652,0
DA:2653,0
DA:2654,0
DA:2666,0
DA:2667,0
DA:2670,0
DA:2671,0
DA:2672,0
DA:2673,0
DA:2677,0
DA:2681,0
DA:2682,0
DA:2684,0
DA:2685,0
DA:2686,0
DA:2687,0
DA:2690,0
DA:2691,0
DA:2692,0
DA:2695,0
DA:2697,0
DA:2698,0
DA:2701,0
DA:2704,0
DA:2709,0
DA:2710,0
DA:2711,0
DA:2722,0
DA:2726,0
DA:2727,0
DA:2729,0
DA:2730,0
DA:2731,0
DA:2743,0
DA:2744,0
DA:2745,0
DA:2748,0
DA:2749,0
DA:2750,0
DA:2763,0
DA:2764,0
DA:2767,0
DA:2768,0
DA:2770,0
DA:2774,0
DA:2775,0
DA:2777,0
DA:2778,0
DA:2779,0
DA:2782,0
DA:2783,0
DA:2784,0
DA:2787,0
DA:2789,0
DA:2790,0
DA:2791,0
DA:2795,0
DA:2798,0
DA:2799,0
DA:2801,0
DA:2802,0
DA:2803,0
DA:2805,0
DA:2806,0
DA:2808,0
DA:2809,0
DA:2814,0
DA:2815,0
DA:2816,0
DA:2827,0
DA:2828,0
DA:2829,0
DA:2831,0
DA:2832,0
DA:2833,0
DA:2837,0
DA:2841,0
DA:2842,0
DA:2843,0
DA:2855,0
DA:2859,0
DA:2860,0
DA:2862,0
DA:2863,0
DA:2864,0
DA:2865,0
DA:2866,0
DA:2867,0
DA:2868,0
DA:2873,0
DA:2874,0
DA:2876,0
DA:2877,0
DA:2878,0
DA:2879,0
DA:2880,0
DA:2881,0
DA:2885,0
DA:2886,0
DA:2888,0
DA:2890,0
DA:2891,0
DA:2892,0
DA:2893,0
DA:2894,0
DA:2896,0
DA:2897,0
DA:2898,0
DA:2899,0
DA:2905,0
DA:2906,0
DA:2908,0
DA:2911,0
DA:2912,0
DA:2913,0
DA:2914,0
DA:2915,0
DA:2916,0
DA:2917,0
DA:2922,0
DA:2923,0
DA:2924,0
DA:2927,0
DA:2928,0
DA:2929,0
DA:2931,0
DA:2932,0
DA:2935,0
DA:2936,0
DA:2937,0
DA:2941,0
DA:2942,0
DA:2943,0
DA:2945,0
DA:2946,0
DA:2947,0
DA:2948,0
DA:2949,0
DA:2952,0
DA:2960,0
DA:2964,0
DA:2965,0
DA:2977,0
DA:2978,0
DA:2980,0
DA:2981,0
DA:2982,0
DA:2992,0
DA:2993,0
DA:2994,0
DA:2997,0
DA:2998,0
DA:3001,0
DA:3002,0
DA:3005,0
DA:3006,0
DA:3008,0
DA:3012,0
DA:3013,0
DA:3015,0
DA:3016,0
DA:3017,0
DA:3018,0
DA:3021,0
DA:3022,0
DA:3025,0
DA:3026,0
DA:3027,0
DA:3031,0
DA:3032,0
DA:3033,0
DA:3037,0
DA:3041,0
DA:3045,0
DA:3047,0
DA:3049,0
DA:3050,0
DA:3056,0
DA:3057,0
DA:3058,0
DA:3066,0
DA:3067,0
DA:3070,0
DA:3071,0
DA:3072,0
DA:3078,0
DA:3079,0
DA:3083,0
DA:3085,0
DA:3091,0
DA:3094,0
DA:3095,0
DA:3096,0
DA:3101,0
DA:3104,0
DA:3106,0
DA:3110,0
DA:3111,0
DA:3121,0
DA:3122,0
DA:3124,0
DA:3125,0
DA:3128,0
DA:3129,0
DA:3130,0
DA:3138,0
DA:3141,0
DA:3142,0
DA:3143,0
DA:3144,0
DA:3151,0
DA:3154,0
DA:3155,0
DA:3156,0
DA:3158,0
DA:3159,0
DA:3160,0
DA:3162,0
DA:3163,0
DA:3164,0
DA:3165,0
DA:3168,0
DA:3169,0
DA:3172,0
DA:3173,0
DA:3176,0
DA:3180,0
DA:3181,0
DA:3182,0
DA:3183,0
DA:3184,0
DA:3186,0
DA:3187,0
DA:3188,0
DA:3189,0
DA:3193,0
DA:3194,0
DA:3207,0
DA:3208,0
DA:3209,0
DA:3211,0
DA:3212,0
DA:3213,0
DA:3214,0
DA:3222,0
DA:3223,0
DA:3224,0
DA:3225,0
DA:3226,0
DA:3227,0
DA:3228,0
DA:3229,0
DA:3232,0
DA:3236,0
DA:3237,0
DA:3250,0
DA:3251,0
DA:3253,0
DA:3254,0
DA:3256,0
DA:3257,0
DA:3258,0
DA:3263,0
DA:3264,0
DA:3265,0
DA:3268,0
DA:3269,0
DA:3270,0
DA:3271,0
DA:3272,0
DA:3275,0
DA:3279,0
DA:3280,0
DA:3282,0
DA:3283,0
DA:3284,0
DA:3285,0
DA:3290,0
DA:3291,0
DA:3293,0
DA:3294,0
DA:3296,0
DA:3299,0
DA:3300,0
DA:3307,0
DA:3309,0
DA:3310,0
DA:3312,0
DA:3313,0
DA:3315,0
DA:3319,0
DA:3320,0
DA:3322,0
DA:3323,0
DA:3327,0
DA:3328,0
DA:3341,0
DA:3342,0
DA:3343,0
DA:3347,0
DA:3348,0
DA:3349,0
DA:3350,0
DA:3354,0
DA:3358,0
DA:3359,0
DA:3368,0
DA:3369,0
DA:3370,0
DA:3372,0
DA:3373,0
DA:3374,0
DA:3376,0
DA:3377,0
DA:3378,0
DA:3390,0
DA:3391,0
DA:3393,0
DA:3394,0
DA:3395,0
DA:3404,0
DA:3405,0
DA:3406,0
DA:3416,0
DA:3417,0
DA:3420,0
DA:3421,0
DA:3422,0
DA:3423,0
DA:3424,0
DA:3425,0
DA:3427,0
DA:3430,0
DA:3433,0
DA:3434,0
DA:3436,0
DA:3437,0
DA:3438,0
DA:3439,0
DA:3441,0
DA:3445,0
DA:3446,0
DA:3455,0
DA:3456,0
DA:3457,0
DA:3459,0
DA:3460,0
DA:3479,0
DA:3480,0
DA:3481,0
DA:3482,0
DA:3493,0
DA:3494,0
DA:3503,0
DA:3504,0
DA:3506,0
DA:3507,0
DA:3508,0
DA:3517,0
DA:3518,0
DA:3519,0
DA:3529,0
DA:3531,0
DA:3533,0
DA:3534,0
DA:3535,0
DA:3536,0
DA:3537,0
DA:3538,0
DA:3539,0
DA:3540,0
DA:3541,0
DA:3542,0
DA:3544,0
DA:3545,0
DA:3546,0
DA:3547,0
DA:3551,0
DA:3552,0
DA:3555,0
DA:3556,0
DA:3558,0
DA:3559,0
DA:3560,0
DA:3561,0
DA:3563,0
DA:3564,0
DA:3565,0
DA:3566,0
DA:3568,0
DA:3574,0
DA:3575,0
DA:3576,0
DA:3578,0
DA:3579,0
DA:3587,0
DA:3588,0
DA:3593,0
DA:3596,0
DA:3597,0
DA:3600,0
DA:3601,0
DA:3602,0
DA:3609,0
DA:3610,0
DA:3611,0
DA:3612,0
DA:3613,0
DA:3619,0
DA:3622,0
DA:3623,0
DA:3625,0
DA:3626,0
DA:3627,0
DA:3628,0
DA:3629,0
DA:3631,0
DA:3638,0
DA:3640,0
DA:3641,0
DA:3643,0
DA:3644,0
DA:3647,0
DA:3648,0
DA:3649,0
DA:3654,0
DA:3655,0
DA:3668,0
DA:3669,0
DA:3670,0
DA:3674,0
DA:3675,0
DA:3676,0
DA:3677,0
DA:3681,0
DA:3685,0
DA:3686,0
DA:3697,0
DA:3698,0
DA:3699,0
DA:3702,0
DA:3703,0
DA:3713,0
DA:3714,0
DA:3722,0
DA:3723,0
DA:3724,0
DA:3726,0
DA:3727,0
DA:3728,0
DA:3729,0
DA:3730,0
DA:3732,0
DA:3736,0
DA:3737,0
DA:3739,0
DA:3742,0
DA:3751,0
DA:3759,0
DA:3767,0
DA:3774,0
DA:3775,0
DA:3776,0
DA:3777,0
DA:3779,0
DA:3783,0
DA:3784,0
DA:3786,0
DA:3787,0
DA:3788,0
DA:3790,0
DA:3791,0
DA:3792,0
DA:3793,0
DA:3794,0
DA:3804,0
DA:3805,0
DA:3806,0
DA:3807,0
DA:3808,0
DA:3809,0
DA:3810,0
DA:3812,0
DA:3813,0
DA:3816,0
DA:3820,0
DA:3821,0
DA:3823,0
DA:3824,0
DA:3825,0
DA:3827,0
DA:3828,0
DA:3829,0
DA:3839,0
DA:3840,0
DA:3841,0
DA:3842,0
DA:3843,0
DA:3844,0
DA:3847,0
DA:3848,0
DA:3850,0
DA:3851,0
DA:3852,0
DA:3853,0
DA:3854,0
DA:3857,0
DA:3861,0
DA:3862,0
DA:3864,0
DA:3865,0
DA:3866,0
DA:3867,0
DA:3868,0
DA:3873,0
DA:3874,0
DA:3876,0
DA:3877,0
DA:3878,0
DA:3880,0
DA:3881,0
DA:3884,0
DA:3886,0
DA:3887,0
DA:3888,0
DA:3889,0
DA:3890,0
DA:3893,0
DA:3894,0
DA:3896,0
DA:3900,0
DA:3901,0
DA:3909,0
DA:3910,0
DA:3911,0
DA:3913,0
DA:3914,0
DA:3915,0
DA:3940,0
DA:3941,0
DA:3943,0
DA:3947,0
DA:3948,0
DA:3950,0
DA:3951,0
DA:3953,0
DA:3954,0
DA:3955,0
DA:3966,0
DA:3967,0
DA:3969,0
DA:3970,0
DA:3971,0
DA:3982,0
DA:3983,0
DA:3984,0
DA:3996,0
DA:3997,0
DA:3998,0
DA:3999,0
DA:4000,0
DA:4004,0
DA:4005,0
DA:4008,0
DA:4009,0
DA:4012,0
DA:4013,0
DA:4014,0
DA:4016,0
DA:4017,0
DA:4019,0
DA:4023,0
DA:4024,0
DA:4025,0
DA:4027,0
DA:4028,0
DA:4029,0
DA:4031,0
DA:4036,0
DA:4037,0
DA:4038,0
DA:4041,0
DA:4042,0
DA:4043,0
DA:4045,0
DA:4053,0
DA:4056,0
DA:4062,0
DA:4063,0
DA:4064,0
DA:4065,0
DA:4067,0
DA:4071,0
DA:4072,0
DA:4074,0
DA:4075,0
DA:4077,0
DA:4078,0
DA:4079,0
DA:4080,0
DA:4083,0
DA:4084,0
DA:4086,0
DA:4087,0
DA:4088,0
DA:4091,0
DA:4093,0
DA:4097,0
DA:4099,0
DA:4100,0
DA:4102,0
DA:4103,0
DA:4105,0
DA:4109,0
DA:4110,0
DA:4111,0
DA:4114,0
DA:4116,0
DA:4118,0
DA:4121,0
DA:4122,0
DA:4124,0
DA:4128,0
DA:4129,0
DA:4130,0
DA:4133,0
DA:4135,0
DA:4137,0
DA:4140,0
DA:4144,0
DA:4149,0
DA:4151,0
DA:4152,0
DA:4153,0
DA:4154,0
DA:4157,0
DA:4159,0
DA:4161,0
DA:4165,0
DA:4170,0
DA:4171,0
DA:4172,0
DA:4174,0
DA:4178,0
DA:4180,0
DA:4181,0
DA:4182,0
DA:4183,0
DA:4184,0
DA:4185,0
DA:4186,0
DA:4188,0
DA:4191,0
DA:4194,0
DA:4195,0
DA:4196,0
DA:4197,0
DA:4198,0
DA:4199,0
DA:4200,0
DA:4202,0
DA:4205,0
DA:4209,0
DA:4210,0
DA:4211,0
DA:4212,0
DA:4214,0
DA:4219,0
DA:4220,0
DA:4221,0
DA:4223,0
DA:4224,0
DA:4225,0
DA:4228,0
DA:4232,0
DA:4242,0
DA:4243,0
DA:4244,0
DA:4253,0
DA:4257,0
DA:4258,0
DA:4261,0
DA:4264,0
DA:4265,0
DA:4269,0
DA:4270,0
DA:4275,0
DA:4276,0
DA:4279,0
DA:4282,0
DA:4285,0
DA:4288,0
DA:4291,0
DA:4294,0
DA:4297,0
DA:4299,0
DA:4302,0
DA:4303,0
DA:4308,0
DA:4309,0
DA:4310,0
DA:4311,0
DA:4316,0
DA:4317,0
DA:4318,0
DA:4319,0
DA:4320,0
DA:4321,0
DA:4328,0
DA:4329,0
DA:4330,0
DA:4332,0
DA:4338,0
DA:4339,0
DA:4340,0
DA:4348,0
DA:4357,0
DA:4358,0
DA:4359,0
DA:4360,0
DA:4365,0
DA:4367,0
DA:4372,0
DA:4375,0
DA:4376,0
DA:4379,0
DA:4380,0
DA:4381,0
DA:4382,0
DA:4383,0
DA:4384,0
DA:4388,0
DA:4389,0
DA:4390,0
DA:4391,0
DA:4392,0
DA:4393,0
LF:1828
LH:0
BRDA:84,0,0,0
BRDA:84,0,1,0
BRDA:92,1,0,0
BRDA:92,1,1,0
BRDA:109,2,0,0
BRDA:109,2,1,0
BRDA:109,3,0,0
BRDA:109,3,1,0
BRDA:119,4,0,0
BRDA:119,4,1,0
BRDA:119,4,2,0
BRDA:119,4,3,0
BRDA:125,5,0,0
BRDA:125,5,1,0
BRDA:151,6,0,0
BRDA:151,6,1,0
BRDA:154,7,0,0
BRDA:154,7,1,0
BRDA:154,8,0,0
BRDA:154,8,1,0
BRDA:154,8,2,0
BRDA:155,9,0,0
BRDA:155,9,1,0
BRDA:169,10,0,0
BRDA:169,10,1,0
BRDA:183,11,0,0
BRDA:183,11,1,0
BRDA:195,12,0,0
BRDA:195,12,1,0
BRDA:201,13,0,0
BRDA:201,13,1,0
BRDA:210,14,0,0
BRDA:210,14,1,0
BRDA:235,15,0,0
BRDA:235,15,1,0
BRDA:239,16,0,0
BRDA:239,16,1,0
BRDA:250,17,0,0
BRDA:250,17,1,0
BRDA:259,18,0,0
BRDA:259,18,1,0
BRDA:266,19,0,0
BRDA:266,19,1,0
BRDA:291,20,0,0
BRDA:291,20,1,0
BRDA:311,21,0,0
BRDA:311,21,1,0
BRDA:321,22,0,0
BRDA:321,22,1,0
BRDA:321,23,0,0
BRDA:321,23,1,0
BRDA:341,24,0,0
BRDA:341,24,1,0
BRDA:341,25,0,0
BRDA:341,25,1,0
BRDA:362,26,0,0
BRDA:362,26,1,0
BRDA:371,27,0,0
BRDA:371,27,1,0
BRDA:449,28,0,0
BRDA:449,28,1,0
BRDA:487,29,0,0
BRDA:487,29,1,0
BRDA:557,30,0,0
BRDA:557,30,1,0
BRDA:560,31,0,0
BRDA:560,31,1,0
BRDA:560,32,0,0
BRDA:560,32,1,0
BRDA:575,33,0,0
BRDA:575,33,1,0
BRDA:589,34,0,0
BRDA:589,34,1,0
BRDA:607,35,0,0
BRDA:607,36,0,0
BRDA:609,37,0,0
BRDA:609,37,1,0
BRDA:620,38,0,0
BRDA:620,38,1,0
BRDA:639,39,0,0
BRDA:639,39,1,0
BRDA:645,40,0,0
BRDA:645,40,1,0
BRDA:659,41,0,0
BRDA:659,41,1,0
BRDA:691,42,0,0
BRDA:691,42,1,0
BRDA:750,43,0,0
BRDA:750,43,1,0
BRDA:763,44,0,0
BRDA:763,44,1,0
BRDA:787,45,0,0
BRDA:787,45,1,0
BRDA:799,46,0,0
BRDA:799,47,0,0
BRDA:802,48,0,0
BRDA:802,48,1,0
BRDA:851,49,0,0
BRDA:851,49,1,0
BRDA:859,50,0,0
BRDA:859,50,1,0
BRDA:863,51,0,0
BRDA:863,51,1,0
BRDA:871,52,0,0
BRDA:871,52,1,0
BRDA:875,53,0,0
BRDA:875,53,1,0
BRDA:875,54,0,0
BRDA:875,54,1,0
BRDA:878,55,0,0
BRDA:879,56,0,0
BRDA:879,56,1,0
BRDA:884,57,0,0
BRDA:884,57,1,0
BRDA:886,58,0,0
BRDA:886,58,1,0
BRDA:886,59,0,0
BRDA:886,59,1,0
BRDA:901,60,0,0
BRDA:901,60,1,0
BRDA:916,61,0,0
BRDA:916,61,1,0
BRDA:929,62,0,0
BRDA:929,62,1,0
BRDA:935,63,0,0
BRDA:935,63,1,0
BRDA:936,64,0,0
BRDA:936,64,1,0
BRDA:937,65,0,0
BRDA:937,65,1,0
BRDA:938,66,0,0
BRDA:938,66,1,0
BRDA:967,67,0,0
BRDA:967,68,0,0
BRDA:968,69,0,0
BRDA:968,69,1,0
BRDA:968,70,0,0
BRDA:968,70,1,0
BRDA:976,71,0,0
BRDA:976,71,1,0
BRDA:976,72,0,0
BRDA:976,72,1,0
BRDA:977,73,0,0
BRDA:977,73,1,0
BRDA:980,74,0,0
BRDA:980,74,1,0
BRDA:980,75,0,0
BRDA:980,75,1,0
BRDA:987,76,0,0
BRDA:987,76,1,0
BRDA:993,77,0,0
BRDA:993,77,1,0
BRDA:1002,78,0,0
BRDA:1002,79,0,0
BRDA:1020,80,0,0
BRDA:1020,80,1,0
BRDA:1044,81,0,0
BRDA:1044,81,1,0
BRDA:1062,82,0,0
BRDA:1062,82,1,0
BRDA:1074,83,0,0
BRDA:1074,83,1,0
BRDA:1083,84,0,0
BRDA:1083,84,1,0
BRDA:1092,85,0,0
BRDA:1092,85,1,0
BRDA:1101,86,0,0
BRDA:1101,86,1,0
BRDA:1108,87,0,0
BRDA:1108,87,1,0
BRDA:1108,88,0,0
BRDA:1108,88,1,0
BRDA:1117,89,0,0
BRDA:1117,89,1,0
BRDA:1117,90,0,0
BRDA:1117,90,1,0
BRDA:1125,91,0,0
BRDA:1125,91,1,0
BRDA:1125,92,0,0
BRDA:1125,92,1,0
BRDA:1128,93,0,0
BRDA:1128,93,1,0
BRDA:1139,94,0,0
BRDA:1139,94,1,0
BRDA:1139,95,0,0
BRDA:1139,95,1,0
BRDA:1147,96,0,0
BRDA:1147,96,1,0
BRDA:1150,97,0,0
BRDA:1150,97,1,0
BRDA:1248,98,0,0
BRDA:1248,98,1,0
BRDA:1250,99,0,0
BRDA:1250,99,1,0
BRDA:1259,100,0,0
BRDA:1259,100,1,0
BRDA:1259,101,0,0
BRDA:1259,101,1,0
BRDA:1286,102,0,0
BRDA:1286,102,1,0
BRDA:1297,103,0,0
BRDA:1297,103,1,0
BRDA:1424,104,0,0
BRDA:1424,104,1,0
BRDA:1571,105,0,0
BRDA:1571,105,1,0
BRDA:1572,106,0,0
BRDA:1572,106,1,0
BRDA:1592,107,0,0
BRDA:1592,107,1,0
BRDA:1595,108,0,0
BRDA:1595,108,1,0
BRDA:1617,109,0,0
BRDA:1617,109,1,0
BRDA:1644,110,0,0
BRDA:1644,110,1,0
BRDA:1694,111,0,0
BRDA:1694,111,1,0
BRDA:1711,112,0,0
BRDA:1711,112,1,0
BRDA:1724,113,0,0
BRDA:1724,113,1,0
BRDA:1746,114,0,0
BRDA:1746,114,1,0
BRDA:1757,115,0,0
BRDA:1757,115,1,0
BRDA:1759,116,0,0
BRDA:1759,116,1,0
BRDA:1759,116,2,0
BRDA:1759,116,3,0
BRDA:1762,117,0,0
BRDA:1762,117,1,0
BRDA:1774,118,0,0
BRDA:1774,118,1,0
BRDA:1810,119,0,0
BRDA:1810,119,1,0
BRDA:1816,120,0,0
BRDA:1816,120,1,0
BRDA:1818,121,0,0
BRDA:1818,121,1,0
BRDA:1818,122,0,0
BRDA:1818,122,1,0
BRDA:1837,123,0,0
BRDA:1837,123,1,0
BRDA:1854,124,0,0
BRDA:1854,124,1,0
BRDA:1889,125,0,0
BRDA:1889,126,0,0
BRDA:1912,127,0,0
BRDA:1912,127,1,0
BRDA:1926,128,0,0
BRDA:1926,128,1,0
BRDA:1943,129,0,0
BRDA:1943,129,1,0
BRDA:2172,130,0,0
BRDA:2172,130,1,0
BRDA:2177,131,0,0
BRDA:2177,131,1,0
BRDA:2179,132,0,0
BRDA:2179,132,1,0
BRDA:2190,133,0,0
BRDA:2190,133,1,0
BRDA:2204,134,0,0
BRDA:2204,134,1,0
BRDA:2221,135,0,0
BRDA:2221,135,1,0
BRDA:2221,136,0,0
BRDA:2221,136,1,0
BRDA:2221,136,2,0
BRDA:2223,137,0,0
BRDA:2223,137,1,0
BRDA:2229,138,0,0
BRDA:2229,138,1,0
BRDA:2229,139,0,0
BRDA:2229,139,1,0
BRDA:2229,139,2,0
BRDA:2235,140,0,0
BRDA:2235,140,1,0
BRDA:2235,140,2,0
BRDA:2238,141,0,0
BRDA:2238,141,1,0
BRDA:2262,142,0,0
BRDA:2262,142,1,0
BRDA:2265,143,0,0
BRDA:2265,143,1,0
BRDA:2265,144,0,0
BRDA:2265,144,1,0
BRDA:2265,144,2,0
BRDA:2267,145,0,0
BRDA:2267,145,1,0
BRDA:2313,146,0,0
BRDA:2313,146,1,0
BRDA:2326,147,0,0
BRDA:2326,147,1,0
BRDA:2373,148,0,0
BRDA:2373,148,1,0
BRDA:2386,149,0,0
BRDA:2386,149,1,0
BRDA:2397,150,0,0
BRDA:2397,150,1,0
BRDA:2404,151,0,0
BRDA:2404,151,1,0
BRDA:2404,152,0,0
BRDA:2404,152,1,0
BRDA:2411,153,0,0
BRDA:2411,153,1,0
BRDA:2419,154,0,0
BRDA:2419,154,1,0
BRDA:2482,155,0,0
BRDA:2482,155,1,0
BRDA:2482,156,0,0
BRDA:2482,156,1,0
BRDA:2540,157,0,0
BRDA:2540,157,1,0
BRDA:2540,158,0,0
BRDA:2540,158,1,0
BRDA:2629,159,0,0
BRDA:2629,159,1,0
BRDA:2630,160,0,0
BRDA:2630,160,1,0
BRDA:2635,161,0,0
BRDA:2635,161,1,0
BRDA:2671,162,0,0
BRDA:2671,162,1,0
BRDA:2682,163,0,0
BRDA:2682,163,1,0
BRDA:2682,164,0,0
BRDA:2682,164,1,0
BRDA:2695,165,0,0
BRDA:2695,165,1,0
BRDA:2777,166,0,0
BRDA:2777,166,1,0
BRDA:2782,167,0,0
BRDA:2782,167,1,0
BRDA:2789,168,0,0
BRDA:2789,168,1,0
BRDA:2801,169,0,0
BRDA:2801,169,1,0
BRDA:2831,170,0,0
BRDA:2831,170,1,0
BRDA:2860,171,0,0
BRDA:2860,171,1,0
BRDA:2860,172,0,0
BRDA:2860,172,1,0
BRDA:2863,173,0,0
BRDA:2863,173,1,0
BRDA:2874,174,0,0
BRDA:2874,174,1,0
BRDA:2886,175,0,0
BRDA:2886,175,1,0
BRDA:2891,176,0,0
BRDA:2891,176,1,0
BRDA:2908,177,0,0
BRDA:2908,177,1,0
BRDA:2908,178,0,0
BRDA:2908,178,1,0
BRDA:2913,179,0,0
BRDA:2913,179,1,0
BRDA:2913,180,0,0
BRDA:2913,180,1,0
BRDA:2915,181,0,0
BRDA:2915,181,1,0
BRDA:2916,182,0,0
BRDA:2916,182,1,0
BRDA:2917,183,0,0
BRDA:2917,183,1,0
BRDA:2923,184,0,0
BRDA:2923,184,1,0
BRDA:2945,185,0,0
BRDA:2945,185,1,0
BRDA:3013,186,0,0
BRDA:3013,186,1,0
BRDA:3022,187,0,0
BRDA:3022,187,1,0
BRDA:3047,188,0,0
BRDA:3047,188,1,0
BRDA:3078,189,0,0
BRDA:3078,189,1,0
BRDA:3083,190,0,0
BRDA:3083,190,1,0
BRDA:3091,191,0,0
BRDA:3091,191,1,0
BRDA:3095,192,0,0
BRDA:3095,192,1,0
BRDA:3095,192,2,0
BRDA:3186,193,0,0
BRDA:3186,193,1,0
BRDA:3187,194,0,0
BRDA:3187,194,1,0
BRDA:3188,195,0,0
BRDA:3188,195,1,0
BRDA:3192,196,0,0
BRDA:3192,197,0,0
BRDA:3199,198,0,0
BRDA:3199,198,1,0
BRDA:3208,199,0,0
BRDA:3208,199,1,0
BRDA:3211,200,0,0
BRDA:3211,200,1,0
BRDA:3224,201,0,0
BRDA:3224,201,1,0
BRDA:3282,202,0,0
BRDA:3282,202,1,0
BRDA:3293,203,0,0
BRDA:3293,203,1,0
BRDA:3342,204,0,0
BRDA:3342,204,1,0
BRDA:3348,205,0,0
BRDA:3348,205,1,0
BRDA:3422,206,0,0
BRDA:3422,206,1,0
BRDA:3424,207,0,0
BRDA:3424,207,1,0
BRDA:3535,208,0,0
BRDA:3535,208,1,0
BRDA:3556,209,0,0
BRDA:3556,209,1,0
BRDA:3564,210,0,0
BRDA:3564,210,1,0
BRDA:3574,211,0,0
BRDA:3574,211,1,0
BRDA:3574,212,0,0
BRDA:3574,212,1,0
BRDA:3574,212,2,0
BRDA:3578,213,0,0
BRDA:3578,213,1,0
BRDA:3596,214,0,0
BRDA:3596,214,1,0
BRDA:3649,215,0,0
BRDA:3649,215,1,0
BRDA:3669,216,0,0
BRDA:3669,216,1,0
BRDA:3675,217,0,0
BRDA:3675,217,1,0
BRDA:3717,218,0,0
BRDA:3717,218,1,0
BRDA:3718,219,0,0
BRDA:3718,219,1,0
BRDA:3719,220,0,0
BRDA:3719,220,1,0
BRDA:3782,221,0,0
BRDA:3782,222,0,0
BRDA:3804,223,0,0
BRDA:3804,223,1,0
BRDA:3819,224,0,0
BRDA:3850,225,0,0
BRDA:3850,225,1,0
BRDA:3860,226,0,0
BRDA:3886,227,0,0
BRDA:3886,227,1,0
BRDA:3997,228,0,0
BRDA:3997,228,1,0
BRDA:4028,229,0,0
BRDA:4028,229,1,0
BRDA:4036,230,0,0
BRDA:4036,230,1,0
BRDA:4036,231,0,0
BRDA:4036,231,1,0
BRDA:4041,232,0,0
BRDA:4041,232,1,0
BRDA:4056,233,0,0
BRDA:4056,233,1,0
BRDA:4057,234,0,0
BRDA:4057,234,1,0
BRDA:4057,234,2,0
BRDA:4057,234,3,0
BRDA:4057,234,4,0
BRDA:4071,235,0,0
BRDA:4071,235,1,0
BRDA:4071,236,0,0
BRDA:4071,236,1,0
BRDA:4077,237,0,0
BRDA:4077,237,1,0
BRDA:4086,238,0,0
BRDA:4086,238,1,0
BRDA:4097,239,0,0
BRDA:4097,239,1,0
BRDA:4102,240,0,0
BRDA:4102,240,1,0
BRDA:4102,241,0,0
BRDA:4102,241,1,0
BRDA:4102,241,2,0
BRDA:4102,241,3,0
BRDA:4105,242,0,0
BRDA:4105,242,1,0
BRDA:4109,243,0,0
BRDA:4109,243,1,0
BRDA:4111,244,0,0
BRDA:4111,244,1,0
BRDA:4116,245,0,0
BRDA:4116,245,1,0
BRDA:4121,246,0,0
BRDA:4121,246,1,0
BRDA:4121,247,0,0
BRDA:4121,247,1,0
BRDA:4121,247,2,0
BRDA:4121,247,3,0
BRDA:4124,248,0,0
BRDA:4124,248,1,0
BRDA:4128,249,0,0
BRDA:4128,249,1,0
BRDA:4130,250,0,0
BRDA:4130,250,1,0
BRDA:4135,251,0,0
BRDA:4135,251,1,0
BRDA:4144,252,0,0
BRDA:4144,252,1,0
BRDA:4145,253,0,0
BRDA:4145,253,1,0
BRDA:4145,253,2,0
BRDA:4145,253,3,0
BRDA:4151,254,0,0
BRDA:4151,254,1,0
BRDA:4152,255,0,0
BRDA:4152,255,1,0
BRDA:4165,256,0,0
BRDA:4165,256,1,0
BRDA:4166,257,0,0
BRDA:4166,257,1,0
BRDA:4166,257,2,0
BRDA:4166,257,3,0
BRDA:4178,258,0,0
BRDA:4178,258,1,0
BRDA:4180,259,0,0
BRDA:4180,259,1,0
BRDA:4183,260,0,0
BRDA:4183,260,1,0
BRDA:4184,261,0,0
BRDA:4184,261,1,0
BRDA:4194,262,0,0
BRDA:4194,262,1,0
BRDA:4194,263,0,0
BRDA:4194,263,1,0
BRDA:4197,264,0,0
BRDA:4197,264,1,0
BRDA:4198,265,0,0
BRDA:4198,265,1,0
BRDA:4200,266,0,0
BRDA:4200,266,1,0
BRDA:4209,267,0,0
BRDA:4209,267,1,0
BRDA:4223,268,0,0
BRDA:4223,268,1,0
BRDA:4243,269,0,0
BRDA:4243,269,1,0
BRDA:4308,270,0,0
BRDA:4308,270,1,0
BRDA:4317,271,0,0
BRDA:4317,271,1,0
BRDA:4319,272,0,0
BRDA:4319,272,1,0
BRDA:4319,273,0,0
BRDA:4319,273,1,0
BRDA:4339,274,0,0
BRDA:4339,274,1,0
BRDA:4359,275,0,0
BRDA:4359,275,1,0
BRDA:4375,276,0,0
BRDA:4375,276,1,0
BRF:559
BRH:0
end_of_record
TN:
SF:src/config/constants.js
FNF:0
FNH:0
DA:4,0
LF:1
LH:0
BRF:0
BRH:0
end_of_record
TN:
SF:src/managers/notes.js
FN:7,(anonymous_0)
FN:11,(anonymous_1)
FN:23,(anonymous_2)
FN:35,(anonymous_3)
FN:57,(anonymous_4)
FN:65,(anonymous_5)
FN:70,(anonymous_6)
FN:85,(anonymous_7)
FN:98,(anonymous_8)
FN:100,(anonymous_9)
FN:116,(anonymous_10)
FN:116,(anonymous_11)
FN:120,(anonymous_12)
FN:135,(anonymous_13)
FN:156,(anonymous_14)
FN:213,(anonymous_15)
FN:215,(anonymous_16)
FN:216,(anonymous_17)
FN:217,(anonymous_18)
FN:218,(anonymous_19)
FN:219,(anonymous_20)
FN:223,(anonymous_21)
FN:228,(anonymous_22)
FN:228,(anonymous_23)
FN:234,(anonymous_24)
FN:267,(anonymous_25)
FN:283,(anonymous_26)
FNF:27
FNH:0
FNDA:0,(anonymous_0)
FNDA:0,(anonymous_1)
FNDA:0,(anonymous_2)
FNDA:0,(anonymous_3)
FNDA:0,(anonymous_4)
FNDA:0,(anonymous_5)
FNDA:0,(anonymous_6)
FNDA:0,(anonymous_7)
FNDA:0,(anonymous_8)
FNDA:0,(anonymous_9)
FNDA:0,(anonymous_10)
FNDA:0,(anonymous_11)
FNDA:0,(anonymous_12)
FNDA:0,(anonymous_13)
FNDA:0,(anonymous_14)
FNDA:0,(anonymous_15)
FNDA:0,(anonymous_16)
FNDA:0,(anonymous_17)
FNDA:0,(anonymous_18)
FNDA:0,(anonymous_19)
FNDA:0,(anonymous_20)
FNDA:0,(anonymous_21)
FNDA:0,(anonymous_22)
FNDA:0,(anonymous_23)
FNDA:0,(anonymous_24)
FNDA:0,(anonymous_25)
FNDA:0,(anonymous_26)
DA:6,0
DA:8,0
DA:12,0
DA:13,0
DA:16,0
DA:17,0
DA:20,0
DA:24,0
DA:25,0
DA:28,0
DA:29,0
DA:32,0
DA:36,0
DA:38,0
DA:39,0
DA:40,0
DA:41,0
DA:43,0
DA:44,0
DA:51,0
DA:54,0
DA:58,0
DA:60,0
DA:61,0
DA:62,0
DA:66,0
DA:71,0
DA:72,0
DA:73,0
DA:74,0
DA:76,0
DA:86,0
DA:87,0
DA:89,0
DA:90,0
DA:91,0
DA:94,0
DA:95,0
DA:99,0
DA:100,0
DA:102,0
DA:103,0
DA:106,0
DA:115,0
DA:116,0
DA:121,0
DA:122,0
DA:123,0
DA:125,0
DA:126,0
DA:127,0
DA:129,0
DA:130,0
DA:131,0
DA:132,0
DA:136,0
DA:137,0
DA:139,0
DA:140,0
DA:143,0
DA:145,0
DA:157,0
DA:158,0
DA:160,0
DA:161,0
DA:164,0
DA:165,0
DA:173,0
DA:174,0
DA:176,0
DA:177,0
DA:179,0
DA:180,0
DA:181,0
DA:184,0
DA:185,0
DA:187,0
DA:188,0
DA:190,0
DA:191,0
DA:193,0
DA:196,0
DA:197,0
DA:202,0
DA:203,0
DA:209,0
DA:214,0
DA:215,0
DA:216,0
DA:217,0
DA:218,0
DA:219,0
DA:224,0
DA:228,0
DA:235,0
DA:236,0
DA:237,0
DA:238,0
DA:239,0
DA:241,0
DA:242,0
DA:244,0
DA:245,0
DA:247,0
DA:248,0
DA:251,0
DA:252,0
DA:254,0
DA:256,0
DA:257,0
DA:258,0
DA:259,0
DA:261,0
DA:262,0
DA:266,0
DA:267,0
DA:268,0
DA:270,0
DA:271,0
DA:272,0
DA:275,0
DA:276,0
DA:281,0
DA:282,0
DA:283,0
DA:284,0
DA:288,0
LF:127
LH:0
BRDA:8,0,0,0
BRDA:8,0,1,0
BRDA:16,1,0,0
BRDA:16,1,1,0
BRDA:20,2,0,0
BRDA:20,2,1,0
BRDA:28,3,0,0
BRDA:28,3,1,0
BRDA:32,4,0,0
BRDA:32,4,1,0
BRDA:32,5,0,0
BRDA:32,5,1,0
BRDA:35,6,0,0
BRDA:36,7,0,0
BRDA:36,7,1,0
BRDA:41,8,0,0
BRDA:41,8,1,0
BRDA:43,9,0,0
BRDA:43,9,1,0
BRDA:43,10,0,0
BRDA:43,10,1,0
BRDA:58,11,0,0
BRDA:58,11,1,0
BRDA:70,12,0,0
BRDA:70,13,0,0
BRDA:89,14,0,0
BRDA:89,14,1,0
BRDA:102,15,0,0
BRDA:102,15,1,0
BRDA:108,16,0,0
BRDA:108,16,1,0
BRDA:109,17,0,0
BRDA:109,17,1,0
BRDA:110,18,0,0
BRDA:110,18,1,0
BRDA:111,19,0,0
BRDA:111,19,1,0
BRDA:139,20,0,0
BRDA:139,20,1,0
BRDA:160,21,0,0
BRDA:160,21,1,0
BRDA:179,22,0,0
BRDA:179,22,1,0
BRDA:190,23,0,0
BRDA:190,23,1,0
BRDA:202,24,0,0
BRDA:202,24,1,0
BRDA:225,25,0,0
BRDA:225,25,1,0
BRDA:226,26,0,0
BRDA:226,26,1,0
BRDA:227,27,0,0
BRDA:227,27,1,0
BRDA:230,28,0,0
BRDA:230,28,1,0
BRDA:244,29,0,0
BRDA:244,29,1,0
BRDA:245,30,0,0
BRDA:245,30,1,0
BRDA:245,31,0,0
BRDA:245,31,1,0
BRDA:254,32,0,0
BRDA:254,32,1,0
BRDA:254,33,0,0
BRDA:254,33,1,0
BRDA:259,34,0,0
BRDA:259,34,1,0
BRDA:259,35,0,0
BRDA:259,35,1,0
BRDA:259,35,2,0
BRDA:261,36,0,0
BRDA:261,36,1,0
BRDA:261,37,0,0
BRDA:261,37,1,0
BRDA:267,38,0,0
BRDA:267,38,1,0
BRDA:267,39,0,0
BRDA:267,39,1,0
BRDA:281,40,0,0
BRDA:281,40,1,0
BRDA:281,41,0,0
BRDA:281,41,1,0
BRDA:283,42,0,0
BRDA:283,42,1,0
BRDA:283,43,0,0
BRDA:283,43,1,0
BRF:86
BRH:0
end_of_record
TN:
SF:src/managers/settings.js
FN:14,(anonymous_0)
FN:19,(anonymous_1)
FN:24,(anonymous_2)
FN:36,(anonymous_3)
FN:47,(anonymous_4)
FN:54,(anonymous_5)
FNF:6
FNH:0
FNDA:0,(anonymous_0)
FNDA:0,(anonymous_1)
FNDA:0,(anonymous_2)
FNDA:0,(anonymous_3)
FNDA:0,(anonymous_4)
FNDA:0,(anonymous_5)
DA:5,0
DA:15,0
DA:16,0
DA:20,0
DA:21,0
DA:25,0
DA:26,0
DA:29,0
DA:30,0
DA:33,0
DA:37,0
DA:40,0
DA:41,0
DA:44,0
DA:48,0
DA:49,0
DA:50,0
DA:55,0
DA:58,0
DA:59,0
DA:62,0
LF:21
LH:0
BRDA:16,0,0,0
BRDA:16,0,1,0
BRDA:29,1,0,0
BRDA:29,1,1,0
BRDA:40,2,0,0
BRDA:40,2,1,0
BRDA:58,3,0,0
BRDA:58,3,1,0
BRF:8
BRH:0
end_of_record
TN:
SF:src/managers/tags.js
FN:4,(anonymous_0)
FN:20,(anonymous_1)
FN:25,(anonymous_2)
FN:28,(anonymous_3)
FN:38,(anonymous_4)
FN:47,(anonymous_5)
FN:50,(anonymous_6)
FN:52,(anonymous_7)
FN:60,(anonymous_8)
FN:65,(anonymous_9)
FNF:10
FNH:0
FNDA:0,(anonymous_0)
FNDA:0,(anonymous_1)
FNDA:0,(anonymous_2)
FNDA:0,(anonymous_3)
FNDA:0,(anonymous_4)
FNDA:0,(anonymous_5)
FNDA:0,(anonymous_6)
FNDA:0,(anonymous_7)
FNDA:0,(anonymous_8)
FNDA:0,(anonymous_9)
DA:1,0
DA:5,0
DA:7,0
DA:10,0
DA:11,0
DA:12,0
DA:13,0
DA:17,0
DA:21,0
DA:22,0
DA:26,0
DA:28,0
DA:29,0
DA:30,0
DA:33,0
DA:34,0
DA:35,0
DA:38,0
DA:39,0
DA:44,0
DA:48,0
DA:50,0
DA:51,0
DA:52,0
DA:56,0
DA:61,0
DA:66,0
LF:27
LH:0
BRDA:5,0,0,0
BRDA:5,0,1,0
BRDA:12,1,0,0
BRDA:12,1,1,0
BRDA:12,2,0,0
BRDA:12,2,1,0
BRDA:25,3,0,0
BRDA:29,4,0,0
BRDA:29,4,1,0
BRDA:29,5,0,0
BRDA:29,5,1,0
BRDA:30,6,0,0
BRDA:30,6,1,0
BRDA:33,7,0,0
BRDA:33,7,1,0
BRDA:33,8,0,0
BRDA:33,8,1,0
BRDA:39,9,0,0
BRDA:39,9,1,0
BRDA:51,10,0,0
BRDA:51,10,1,0
BRDA:51,11,0,0
BRDA:51,11,1,0
BRDA:51,11,2,0
BRDA:61,12,0,0
BRDA:61,12,1,0
BRDA:61,12,2,0
BRF:27
BRH:0
end_of_record
TN:
SF:src/utils/storage.js
FN:7,(anonymous_0)
FN:17,(anonymous_1)
FN:27,(anonymous_2)
FN:38,(anonymous_3)
FN:40,(anonymous_4)
FNF:5
FNH:0
FNDA:0,(anonymous_0)
FNDA:0,(anonymous_1)
FNDA:0,(anonymous_2)
FNDA:0,(anonymous_3)
FNDA:0,(anonymous_4)
DA:6,0
DA:8,0
DA:9,0
DA:10,0
DA:12,0
DA:13,0
DA:18,0
DA:19,0
DA:20,0
DA:22,0
DA:23,0
DA:28,0
DA:29,0
DA:30,0
DA:32,0
DA:33,0
DA:39,0
DA:40,0
LF:18
LH:0
BRDA:10,0,0,0
BRDA:10,0,1,0
BRF:2
BRH:0
end_of_record
TN:
SF:src/utils/utils.js
FN:7,(anonymous_0)
FN:11,(anonymous_1)
FN:12,(anonymous_2)
FN:21,(anonymous_3)
FN:29,(anonymous_4)
FN:34,(anonymous_5)
FN:38,(anonymous_6)
FN:42,(anonymous_7)
FN:52,(anonymous_8)
FN:63,(anonymous_9)
FN:72,(anonymous_10)
FN:81,(anonymous_11)
FN:90,(anonymous_12)
FN:108,(anonymous_13)
FN:110,executedFunction
FN:111,(anonymous_15)
FNF:16
FNH:0
FNDA:0,(anonymous_0)
FNDA:0,(anonymous_1)
FNDA:0,(anonymous_2)
FNDA:0,(anonymous_3)
FNDA:0,(anonymous_4)
FNDA:0,(anonymous_5)
FNDA:0,(anonymous_6)
FNDA:0,(anonymous_7)
FNDA:0,(anonymous_8)
FNDA:0,(anonymous_9)
FNDA:0,(anonymous_10)
FNDA:0,(anonymous_11)
FNDA:0,(anonymous_12)
FNDA:0,(anonymous_13)
FNDA:0,executedFunction
FNDA:0,(anonymous_15)
DA:6,0
DA:8,0
DA:12,0
DA:13,0
DA:14,0
DA:15,0
DA:16,0
DA:22,0
DA:30,0
DA:31,0
DA:35,0
DA:39,0
DA:43,0
DA:44,0
DA:46,0
DA:49,0
DA:53,0
DA:54,0
DA:55,0
DA:56,0
DA:58,0
DA:59,0
DA:64,0
DA:65,0
DA:67,0
DA:68,0
DA:69,0
DA:74,0
DA:75,0
DA:77,0
DA:82,0
DA:84,0
DA:85,0
DA:86,0
DA:91,0
DA:92,0
DA:93,0
DA:103,0
DA:104,0
DA:110,0
DA:111,0
DA:112,0
DA:113,0
DA:115,0
DA:116,0
LF:45
LH:0
BRDA:14,0,0,0
BRDA:14,0,1,0
BRDA:14,1,0,0
BRDA:14,1,1,0
BRDA:14,1,2,0
BRDA:31,2,0,0
BRDA:31,2,1,0
BRDA:46,3,0,0
BRDA:46,3,1,0
BRDA:46,4,0,0
BRDA:46,4,1,0
BRDA:56,5,0,0
BRDA:56,5,1,0
BRDA:65,6,0,0
BRDA:65,6,1,0
BRDA:65,7,0,0
BRDA:65,7,1,0
BRDA:75,8,0,0
BRDA:75,8,1,0
BRDA:82,9,0,0
BRDA:82,9,1,0
BRF:21
BRH:0
end_of_record
